        -:    0:Source:/home/nnoah/_WORKS/SCHooL_/RAYTRACER_/src/interfaces/ICamera.hpp
        -:    0:Graph:/home/nnoah/_WORKS/SCHooL_/RAYTRACER_/cmake-build-debug-coverage/CMakeFiles/raytracer.dir/src/base/camera/Camera.cpp.gcno
        -:    0:Data:/home/nnoah/_WORKS/SCHooL_/RAYTRACER_/cmake-build-debug-coverage/CMakeFiles/raytracer.dir/src/base/camera/Camera.cpp.gcda
        -:    0:Runs:1
        -:    1:/*
        -:    2:**  _                                              _      ___    ___  
        -:    3:** | |                                            | |    |__ \  / _ \
        -:    4:** | |_Created _       _ __   _ __    ___    __ _ | |__     ) || (_) |
        -:    5:** | '_ \ | | | |     | '_ \ | '_ \  / _ \  / _` || '_ \   / /  \__, |
        -:    6:** | |_) || |_| |     | | | || | | || (_) || (_| || | | | / /_    / / 
        -:    7:** |_.__/  \__, |     |_| |_||_| |_| \___/  \__,_||_| |_||____|  /_/ 
        -:    8:**          __/ |     on 24/04/25.                                          
        -:    9:**         |___/ 
        -:   10:*/
        -:   11:
        -:   12:#ifndef ICAMERA_HPP
        -:   13:#define ICAMERA_HPP
        -:   14:#include "my.hpp"
        -:   15:#include "../../includes/Ray.hpp"
        -:   16:#include "../../includes/Vecteur.hpp"
        -:   17:
        -:   18:class ICamera {
        -:   19:    public:
    #####:   20:    virtual ~ICamera() = default;
------------------
_ZN7ICameraD0Ev:
function _ZN7ICameraD0Ev called 0 returned 0% blocks executed 0%
    #####:   20:    virtual ~ICamera() = default;
    %%%%%:   20-block 2
appel   0 jamais exécuté
appel   1 jamais exécuté
------------------
_ZN7ICameraD2Ev:
function _ZN7ICameraD2Ev called 0 returned 0% blocks executed 0%
    #####:   20:    virtual ~ICamera() = default;
------------------
        -:   21:
        -:   22:    virtual Resolution getResolution() const = 0;
        -:   23:    virtual Vecteur getPosition() const = 0;
        -:   24:    virtual Vecteur getRotation() const = 0;
        -:   25:    virtual float getFOV() const = 0;
        -:   26:
        -:   27:    virtual void setRotation(const Vecteur& rotation) = 0;
        -:   28:    virtual void setPosition(const Vecteur& position) = 0;
        -:   29:    virtual void setResolution(int width, int height) = 0;
        -:   30:    virtual void setFOV(float fov) = 0;
        -:   31:};
        -:   32:
        -:   33:
        -:   34:
        -:   35:#endif //ICAMERA_HPP
