        -:    0:Source:/usr/include/c++/15.1.1/bits/stl_tree.h
        -:    0:Graph:/home/nnoah/_WORKS/SCHooL_/RAYTRACER_/cmake-build-debug-coverage/CMakeFiles/raytracer.dir/src/base/primitives/Cone.cpp.gcno
        -:    0:Data:/home/nnoah/_WORKS/SCHooL_/RAYTRACER_/cmake-build-debug-coverage/CMakeFiles/raytracer.dir/src/base/primitives/Cone.cpp.gcda
        -:    0:Runs:1
        -:    1:// RB tree implementation -*- C++ -*-
        -:    2:
        -:    3:// Copyright (C) 2001-2025 Free Software Foundation, Inc.
        -:    4://
        -:    5:// This file is part of the GNU ISO C++ Library.  This library is free
        -:    6:// software; you can redistribute it and/or modify it under the
        -:    7:// terms of the GNU General Public License as published by the
        -:    8:// Free Software Foundation; either version 3, or (at your option)
        -:    9:// any later version.
        -:   10:
        -:   11:// This library is distributed in the hope that it will be useful,
        -:   12:// but WITHOUT ANY WARRANTY; without even the implied warranty of
        -:   13:// MERCHANTABILITY or FITNESS FOR A PARTICULAR PURPOSE.  See the
        -:   14:// GNU General Public License for more details.
        -:   15:
        -:   16:// Under Section 7 of GPL version 3, you are granted additional
        -:   17:// permissions described in the GCC Runtime Library Exception, version
        -:   18:// 3.1, as published by the Free Software Foundation.
        -:   19:
        -:   20:// You should have received a copy of the GNU General Public License and
        -:   21:// a copy of the GCC Runtime Library Exception along with this program;
        -:   22:// see the files COPYING3 and COPYING.RUNTIME respectively.  If not, see
        -:   23:// <http://www.gnu.org/licenses/>.
        -:   24:
        -:   25:/*
        -:   26: *
        -:   27: * Copyright (c) 1996,1997
        -:   28: * Silicon Graphics Computer Systems, Inc.
        -:   29: *
        -:   30: * Permission to use, copy, modify, distribute and sell this software
        -:   31: * and its documentation for any purpose is hereby granted without fee,
        -:   32: * provided that the above copyright notice appear in all copies and
        -:   33: * that both that copyright notice and this permission notice appear
        -:   34: * in supporting documentation.  Silicon Graphics makes no
        -:   35: * representations about the suitability of this software for any
        -:   36: * purpose.  It is provided "as is" without express or implied warranty.
        -:   37: *
        -:   38: *
        -:   39: * Copyright (c) 1994
        -:   40: * Hewlett-Packard Company
        -:   41: *
        -:   42: * Permission to use, copy, modify, distribute and sell this software
        -:   43: * and its documentation for any purpose is hereby granted without fee,
        -:   44: * provided that the above copyright notice appear in all copies and
        -:   45: * that both that copyright notice and this permission notice appear
        -:   46: * in supporting documentation.  Hewlett-Packard Company makes no
        -:   47: * representations about the suitability of this software for any
        -:   48: * purpose.  It is provided "as is" without express or implied warranty.
        -:   49: *
        -:   50: *
        -:   51: */
        -:   52:
        -:   53:/** @file bits/stl_tree.h
        -:   54: *  This is an internal header file, included by other library headers.
        -:   55: *  Do not attempt to use it directly. @headername{map,set}
        -:   56: */
        -:   57:
        -:   58:#ifndef _STL_TREE_H
        -:   59:#define _STL_TREE_H 1
        -:   60:
        -:   61:#ifdef _GLIBCXX_SYSHDR
        -:   62:#pragma GCC system_header
        -:   63:#endif
        -:   64:
        -:   65:#include <bits/stl_algobase.h>
        -:   66:#include <bits/allocator.h>
        -:   67:#include <bits/stl_function.h>
        -:   68:#include <bits/cpp_type_traits.h>
        -:   69:#include <bits/ptr_traits.h>
        -:   70:#include <ext/alloc_traits.h>
        -:   71:#if __cplusplus >= 201103L
        -:   72:# include <ext/aligned_buffer.h>
        -:   73:#endif
        -:   74:#ifdef __glibcxx_node_extract // >= C++17
        -:   75:# include <bits/node_handle.h>
        -:   76:#endif
        -:   77:
        -:   78:#if __cplusplus < 201103L
        -:   79:# undef _GLIBCXX_USE_ALLOC_PTR_FOR_RB_TREE
        -:   80:# define _GLIBCXX_USE_ALLOC_PTR_FOR_RB_TREE 0
        -:   81:#elif ! defined _GLIBCXX_USE_ALLOC_PTR_FOR_RB_TREE
        -:   82:# define _GLIBCXX_USE_ALLOC_PTR_FOR_RB_TREE 1
        -:   83:#endif
        -:   84:
        -:   85:namespace std _GLIBCXX_VISIBILITY(default)
        -:   86:{
        -:   87:_GLIBCXX_BEGIN_NAMESPACE_VERSION
        -:   88:
        -:   89:  // Red-black tree class, designed for use in implementing STL
        -:   90:  // associative containers (set, multiset, map, and multimap). The
        -:   91:  // insertion and deletion algorithms are based on those in Cormen,
        -:   92:  // Leiserson, and Rivest, Introduction to Algorithms (MIT Press,
        -:   93:  // 1990), except that
        -:   94:  //
        -:   95:  // (1) the header cell is maintained with links not only to the root
        -:   96:  // but also to the leftmost node of the tree, to enable constant
        -:   97:  // time begin(), and to the rightmost node of the tree, to enable
        -:   98:  // linear time performance when used with the generic set algorithms
        -:   99:  // (set_union, etc.)
        -:  100:  //
        -:  101:  // (2) when a node being deleted has two children its successor node
        -:  102:  // is relinked into its place, rather than copied, so that the only
        -:  103:  // iterators invalidated are those referring to the deleted node.
        -:  104:
        -:  105:  enum _Rb_tree_color { _S_red = false, _S_black = true };
        -:  106:
        -:  107:  struct _Rb_tree_node_base
        -:  108:  {
        -:  109:    typedef _Rb_tree_node_base* _Base_ptr;
        -:  110:
        -:  111:    _Rb_tree_color	_M_color;
        -:  112:    _Base_ptr		_M_parent;
        -:  113:    _Base_ptr		_M_left;
        -:  114:    _Base_ptr		_M_right;
        -:  115:
        -:  116:    static _Base_ptr
function _ZNSt18_Rb_tree_node_base10_S_minimumEPS_ called 0 returned 0% blocks executed 0%
    #####:  117:    _S_minimum(_Base_ptr __x) _GLIBCXX_NOEXCEPT
        -:  118:    {
    #####:  119:      while (__x->_M_left != 0) __x = __x->_M_left;
    %%%%%:  119-block 2
    %%%%%:  119-block 3
    %%%%%:  119-block 4
branchement  0 jamais exécuté
branchement  1 jamais exécuté (fallthrough)
    #####:  120:      return __x;
    %%%%%:  120-block 5
        -:  121:    }
        -:  122:
        -:  123:    static _Base_ptr
function _ZNSt18_Rb_tree_node_base10_S_maximumEPS_ called 0 returned 0% blocks executed 0%
    #####:  124:    _S_maximum(_Base_ptr __x) _GLIBCXX_NOEXCEPT
        -:  125:    {
    #####:  126:      while (__x->_M_right != 0) __x = __x->_M_right;
    %%%%%:  126-block 2
    %%%%%:  126-block 3
    %%%%%:  126-block 4
branchement  0 jamais exécuté
branchement  1 jamais exécuté (fallthrough)
    #####:  127:      return __x;
    %%%%%:  127-block 5
        -:  128:    }
        -:  129:
        -:  130:    // This is not const-correct, but it's only used in a const access path
        -:  131:    // by std::_Rb_tree::_M_end() where the pointer is used to initialize a
        -:  132:    // const_iterator and so constness is restored.
        -:  133:    _Base_ptr
function _ZNKSt18_Rb_tree_node_base11_M_base_ptrEv called 0 returned 0% blocks executed 0%
    #####:  134:    _M_base_ptr() const _GLIBCXX_NOEXCEPT
    #####:  135:    { return const_cast<_Rb_tree_node_base*>(this); }
    %%%%%:  135-block 2
        -:  136:  };
        -:  137:
        -:  138:  // Helper type offering value initialization guarantee on the compare functor.
        -:  139:  template<typename _Key_compare>
        -:  140:    struct _Rb_tree_key_compare
        -:  141:    {
        -:  142:      _Key_compare		_M_key_compare;
        -:  143:
function _ZNSt20_Rb_tree_key_compareISt4lessINSt7__cxx1112basic_stringIcSt11char_traitsIcESaIcEEEEEC2Ev called 0 returned 0% blocks executed 0%
    #####:  144:      _Rb_tree_key_compare()
        -:  145:      _GLIBCXX_NOEXCEPT_IF(
        -:  146:	is_nothrow_default_constructible<_Key_compare>::value)
        -:  147:      : _M_key_compare()
    #####:  148:      { }
        -:  149:
        -:  150:      _Rb_tree_key_compare(const _Key_compare& __comp)
        -:  151:      : _M_key_compare(__comp)
        -:  152:      { }
        -:  153:
        -:  154:#if __cplusplus >= 201103L
        -:  155:      // Copy constructor added for consistency with C++98 mode.
        -:  156:      _Rb_tree_key_compare(const _Rb_tree_key_compare&) = default;
        -:  157:
        -:  158:      _Rb_tree_key_compare(_Rb_tree_key_compare&& __x)
        -:  159:	noexcept(is_nothrow_copy_constructible<_Key_compare>::value)
        -:  160:      : _M_key_compare(__x._M_key_compare)
        -:  161:      { }
        -:  162:#endif
        -:  163:    };
        -:  164:
        -:  165:  // Helper type to manage default initialization of node count and header.
        -:  166:  struct _Rb_tree_header
        -:  167:  {
        -:  168:    _Rb_tree_node_base	_M_header;
        -:  169:    size_t		_M_node_count; // Keeps track of size of tree.
        -:  170:
function _ZNSt15_Rb_tree_headerC2Ev called 0 returned 0% blocks executed 0%
    #####:  171:    _Rb_tree_header() _GLIBCXX_NOEXCEPT
    #####:  172:    {
    #####:  173:      _M_header._M_color = _S_red;
    #####:  174:      _M_reset();
    %%%%%:  174-block 2
appel   0 jamais exécuté
    #####:  175:    }
        -:  176:
        -:  177:#if __cplusplus >= 201103L
        -:  178:    _Rb_tree_header(_Rb_tree_header&& __x) noexcept
        -:  179:    {
        -:  180:      if (__x._M_header._M_parent != nullptr)
        -:  181:	_M_move_data(__x);
        -:  182:      else
        -:  183:	{
        -:  184:	  _M_header._M_color = _S_red;
        -:  185:	  _M_reset();
        -:  186:	}
        -:  187:    }
        -:  188:#endif
        -:  189:
        -:  190:    void
        -:  191:    _M_move_data(_Rb_tree_header& __from)
        -:  192:    {
        -:  193:      _M_header._M_color = __from._M_header._M_color;
        -:  194:      _M_header._M_parent = __from._M_header._M_parent;
        -:  195:      _M_header._M_left = __from._M_header._M_left;
        -:  196:      _M_header._M_right = __from._M_header._M_right;
        -:  197:      _M_header._M_parent->_M_parent = &_M_header;
        -:  198:      _M_node_count = __from._M_node_count;
        -:  199:
        -:  200:      __from._M_reset();
        -:  201:    }
        -:  202:
        -:  203:    void
function _ZNSt15_Rb_tree_header8_M_resetEv called 0 returned 0% blocks executed 0%
    #####:  204:    _M_reset()
        -:  205:    {
    #####:  206:      _M_header._M_parent = 0;
    #####:  207:      _M_header._M_left = &_M_header;
    #####:  208:      _M_header._M_right = &_M_header;
    #####:  209:      _M_node_count = 0;
    #####:  210:    }
        -:  211:  };
        -:  212:
        -:  213:  template<typename _Val>
        -:  214:    struct _Rb_tree_node : public _Rb_tree_node_base
        -:  215:    {
        -:  216:#if __cplusplus < 201103L
        -:  217:      _Val _M_value_field;
        -:  218:
        -:  219:      _Val*
        -:  220:      _M_valptr()
        -:  221:      { return std::__addressof(_M_value_field); }
        -:  222:
        -:  223:      const _Val*
        -:  224:      _M_valptr() const
        -:  225:      { return std::__addressof(_M_value_field); }
        -:  226:#else
        -:  227:      __gnu_cxx::__aligned_membuf<_Val> _M_storage;
        -:  228:
        -:  229:      _Val*
    #####:  230:      _M_valptr()
    #####:  231:      { return _M_storage._M_ptr(); }
------------------
_ZNSt13_Rb_tree_nodeISt4pairIKNSt7__cxx1112basic_stringIcSt11char_traitsIcESaIcEEES6_EE9_M_valptrEv:
function _ZNSt13_Rb_tree_nodeISt4pairIKNSt7__cxx1112basic_stringIcSt11char_traitsIcESaIcEEES6_EE9_M_valptrEv called 0 returned 0% blocks executed 0%
    #####:  230:      _M_valptr()
    #####:  231:      { return _M_storage._M_ptr(); }
    %%%%%:  231-block 2
appel   0 jamais exécuté
------------------
_ZNSt13_Rb_tree_nodeISt4pairIKNSt7__cxx1112basic_stringIcSt11char_traitsIcESaIcEEEfEE9_M_valptrEv:
function _ZNSt13_Rb_tree_nodeISt4pairIKNSt7__cxx1112basic_stringIcSt11char_traitsIcESaIcEEEfEE9_M_valptrEv called 0 returned 0% blocks executed 0%
    #####:  230:      _M_valptr()
    #####:  231:      { return _M_storage._M_ptr(); }
    %%%%%:  231-block 2
appel   0 jamais exécuté
------------------
        -:  232:
        -:  233:      const _Val*
        -:  234:      _M_valptr() const
        -:  235:      { return _M_storage._M_ptr(); }
        -:  236:#endif
        -:  237:
        -:  238:      _Rb_tree_node*
    #####:  239:      _M_node_ptr() _GLIBCXX_NOEXCEPT
    #####:  240:      { return this; }
------------------
_ZNSt13_Rb_tree_nodeISt4pairIKNSt7__cxx1112basic_stringIcSt11char_traitsIcESaIcEEES6_EE11_M_node_ptrEv:
function _ZNSt13_Rb_tree_nodeISt4pairIKNSt7__cxx1112basic_stringIcSt11char_traitsIcESaIcEEES6_EE11_M_node_ptrEv called 0 returned 0% blocks executed 0%
    #####:  239:      _M_node_ptr() _GLIBCXX_NOEXCEPT
    #####:  240:      { return this; }
    %%%%%:  240-block 2
------------------
_ZNSt13_Rb_tree_nodeISt4pairIKNSt7__cxx1112basic_stringIcSt11char_traitsIcESaIcEEEfEE11_M_node_ptrEv:
function _ZNSt13_Rb_tree_nodeISt4pairIKNSt7__cxx1112basic_stringIcSt11char_traitsIcESaIcEEEfEE11_M_node_ptrEv called 0 returned 0% blocks executed 0%
    #####:  239:      _M_node_ptr() _GLIBCXX_NOEXCEPT
    #####:  240:      { return this; }
    %%%%%:  240-block 2
------------------
        -:  241:    };
        -:  242:
        -:  243:#if _GLIBCXX_USE_ALLOC_PTR_FOR_RB_TREE
        -:  244:namespace __rb_tree
        -:  245:{
        -:  246:  template<typename _VoidPtr>
        -:  247:    struct _Node_base
        -:  248:    {
        -:  249:      using _Base_ptr = __ptr_rebind<_VoidPtr, _Node_base>;
        -:  250:
        -:  251:      _Rb_tree_color	_M_color;
        -:  252:      _Base_ptr		_M_parent;
        -:  253:      _Base_ptr		_M_left;
        -:  254:      _Base_ptr		_M_right;
        -:  255:
        -:  256:      static _Base_ptr
        -:  257:      _S_minimum(_Base_ptr __x) _GLIBCXX_NOEXCEPT
        -:  258:      {
        -:  259:	while (__x->_M_left) __x = __x->_M_left;
        -:  260:	return __x;
        -:  261:      }
        -:  262:
        -:  263:      static _Base_ptr
        -:  264:      _S_maximum(_Base_ptr __x) _GLIBCXX_NOEXCEPT
        -:  265:      {
        -:  266:	while (__x->_M_right) __x = __x->_M_right;
        -:  267:	return __x;
        -:  268:      }
        -:  269:
        -:  270:      // This is not const-correct, but it's only used in a const access path
        -:  271:      // by std::_Rb_tree::_M_end() where the pointer is used to initialize a
        -:  272:      // const_iterator and so constness is restored.
        -:  273:      _Base_ptr
        -:  274:      _M_base_ptr() const noexcept
        -:  275:      {
        -:  276:	return pointer_traits<_Base_ptr>::pointer_to
        -:  277:	  (*const_cast<_Node_base*>(this));
        -:  278:      }
        -:  279:    };
        -:  280:
        -:  281:  // Helper type to manage default initialization of node count and header.
        -:  282:  template<typename _NodeBase>
        -:  283:    struct _Header
        -:  284:    {
        -:  285:    private:
        -:  286:      using _Base_ptr =  typename _NodeBase::_Base_ptr;
        -:  287:
        -:  288:    public:
        -:  289:      _NodeBase		_M_header;
        -:  290:      size_t		_M_node_count; // Keeps track of size of tree.
        -:  291:
        -:  292:      _Header() noexcept
        -:  293:      {
        -:  294:	_M_header._M_color = _S_red;
        -:  295:	_M_reset();
        -:  296:      }
        -:  297:
        -:  298:      _Header(_Header&& __x) noexcept
        -:  299:      {
        -:  300:	if (__x._M_header._M_parent)
        -:  301:	  _M_move_data(__x);
        -:  302:	else
        -:  303:	  {
        -:  304:	    _M_header._M_color = _S_red;
        -:  305:	    _M_reset();
        -:  306:	  }
        -:  307:      }
        -:  308:
        -:  309:      void
        -:  310:      _M_move_data(_Header& __from)
        -:  311:      {
        -:  312:	_M_header._M_color = __from._M_header._M_color;
        -:  313:	_M_header._M_parent = __from._M_header._M_parent;
        -:  314:	_M_header._M_left = __from._M_header._M_left;
        -:  315:	_M_header._M_right = __from._M_header._M_right;
        -:  316:	_M_header._M_parent->_M_parent = _M_header._M_base_ptr();
        -:  317:	_M_node_count = __from._M_node_count;
        -:  318:
        -:  319:	__from._M_reset();
        -:  320:      }
        -:  321:
        -:  322:      void
        -:  323:      _M_reset()
        -:  324:      {
        -:  325:	_M_header._M_parent = nullptr;
        -:  326:	_M_header._M_left = _M_header._M_right = _M_header._M_base_ptr();
        -:  327:	_M_node_count = 0;
        -:  328:      }
        -:  329:    };
        -:  330:
        -:  331:  template<typename _ValPtr>
        -:  332:    struct _Node : public __rb_tree::_Node_base<__ptr_rebind<_ValPtr, void>>
        -:  333:    {
        -:  334:      using value_type = typename pointer_traits<_ValPtr>::element_type;
        -:  335:      using _Node_ptr = __ptr_rebind<_ValPtr, _Node>;
        -:  336:
        -:  337:      _Node() noexcept { }
        -:  338:      ~_Node() { }
        -:  339:      _Node(_Node&&) = delete;
        -:  340:
        -:  341:      union _Uninit_storage
        -:  342:      {
        -:  343:	_Uninit_storage() noexcept { }
        -:  344:	~_Uninit_storage() { }
        -:  345:
        -:  346:	value_type _M_data;
        -:  347:      };
        -:  348:      _Uninit_storage _M_u;
        -:  349:
        -:  350:      value_type*
        -:  351:      _M_valptr()
        -:  352:      { return std::addressof(_M_u._M_data); }
        -:  353:
        -:  354:      value_type const*
        -:  355:      _M_valptr() const
        -:  356:      { return std::addressof(_M_u._M_data); }
        -:  357:
        -:  358:      _Node_ptr
        -:  359:      _M_node_ptr() noexcept
        -:  360:      { return pointer_traits<_Node_ptr>::pointer_to(*this); }
        -:  361:    };
        -:  362:} // namespace __rb_tree
        -:  363:#endif // _GLIBCXX_USE_ALLOC_PTR_FOR_RB_TREE
        -:  364:
        -:  365:  _GLIBCXX_PURE _Rb_tree_node_base*
        -:  366:  _Rb_tree_increment(_Rb_tree_node_base* __x) throw ();
        -:  367:
        -:  368:  _GLIBCXX_PURE _Rb_tree_node_base*
        -:  369:  _Rb_tree_decrement(_Rb_tree_node_base* __x) throw ();
        -:  370:
        -:  371:  template<typename _Tp>
        -:  372:    struct _Rb_tree_iterator
        -:  373:    {
        -:  374:      typedef _Tp  value_type;
        -:  375:      typedef _Tp& reference;
        -:  376:      typedef _Tp* pointer;
        -:  377:
        -:  378:      typedef bidirectional_iterator_tag iterator_category;
        -:  379:      typedef ptrdiff_t			 difference_type;
        -:  380:
        -:  381:      typedef _Rb_tree_node_base::_Base_ptr	_Base_ptr;
        -:  382:      typedef _Rb_tree_node<_Tp>*		_Node_ptr;
        -:  383:
        -:  384:      _Rb_tree_iterator() _GLIBCXX_NOEXCEPT
        -:  385:      : _M_node() { }
        -:  386:
        -:  387:      explicit
        -:  388:      _Rb_tree_iterator(_Base_ptr __x) _GLIBCXX_NOEXCEPT
        -:  389:      : _M_node(__x) { }
        -:  390:
        -:  391:      reference
        -:  392:      operator*() const _GLIBCXX_NOEXCEPT
        -:  393:      { return *static_cast<_Node_ptr>(_M_node)->_M_valptr(); }
        -:  394:
        -:  395:      pointer
        -:  396:      operator->() const _GLIBCXX_NOEXCEPT
        -:  397:      { return static_cast<_Node_ptr>(_M_node)->_M_valptr(); }
        -:  398:
        -:  399:      _Rb_tree_iterator&
        -:  400:      operator++() _GLIBCXX_NOEXCEPT
        -:  401:      {
        -:  402:	_M_node = _Rb_tree_increment(_M_node);
        -:  403:	return *this;
        -:  404:      }
        -:  405:
        -:  406:      _Rb_tree_iterator
        -:  407:      operator++(int) _GLIBCXX_NOEXCEPT
        -:  408:      {
        -:  409:	_Rb_tree_iterator __tmp = *this;
        -:  410:	_M_node = _Rb_tree_increment(_M_node);
        -:  411:	return __tmp;
        -:  412:      }
        -:  413:
        -:  414:      _Rb_tree_iterator&
        -:  415:      operator--() _GLIBCXX_NOEXCEPT
        -:  416:      {
        -:  417:	_M_node = _Rb_tree_decrement(_M_node);
        -:  418:	return *this;
        -:  419:      }
        -:  420:
        -:  421:      _Rb_tree_iterator
        -:  422:      operator--(int) _GLIBCXX_NOEXCEPT
        -:  423:      {
        -:  424:	_Rb_tree_iterator __tmp = *this;
        -:  425:	_M_node = _Rb_tree_decrement(_M_node);
        -:  426:	return __tmp;
        -:  427:      }
        -:  428:
        -:  429:      friend bool
        -:  430:      operator==(const _Rb_tree_iterator& __x,
        -:  431:		 const _Rb_tree_iterator& __y) _GLIBCXX_NOEXCEPT
        -:  432:      { return __x._M_node == __y._M_node; }
        -:  433:
        -:  434:#if ! __cpp_lib_three_way_comparison
        -:  435:      friend bool
        -:  436:      operator!=(const _Rb_tree_iterator& __x,
        -:  437:		 const _Rb_tree_iterator& __y) _GLIBCXX_NOEXCEPT
        -:  438:      { return __x._M_node != __y._M_node; }
        -:  439:#endif
        -:  440:
        -:  441:      _Base_ptr _M_node;
        -:  442:    };
        -:  443:
        -:  444:  template<typename _Tp>
        -:  445:    struct _Rb_tree_const_iterator
        -:  446:    {
        -:  447:      typedef _Tp	 value_type;
        -:  448:      typedef const _Tp& reference;
        -:  449:      typedef const _Tp* pointer;
        -:  450:
        -:  451:      typedef _Rb_tree_iterator<_Tp> iterator;
        -:  452:
        -:  453:      typedef bidirectional_iterator_tag iterator_category;
        -:  454:      typedef ptrdiff_t			 difference_type;
        -:  455:
        -:  456:      typedef _Rb_tree_node_base::_Base_ptr	_Base_ptr;
        -:  457:      typedef const _Rb_tree_node<_Tp>*		_Node_ptr;
        -:  458:
        -:  459:      _Rb_tree_const_iterator() _GLIBCXX_NOEXCEPT
        -:  460:      : _M_node() { }
        -:  461:
        -:  462:      explicit
        -:  463:      _Rb_tree_const_iterator(_Base_ptr __x) _GLIBCXX_NOEXCEPT
        -:  464:      : _M_node(__x) { }
        -:  465:
        -:  466:      _Rb_tree_const_iterator(const iterator& __it) _GLIBCXX_NOEXCEPT
        -:  467:      : _M_node(__it._M_node) { }
        -:  468:
        -:  469:      reference
        -:  470:      operator*() const _GLIBCXX_NOEXCEPT
        -:  471:      { return *static_cast<_Node_ptr>(_M_node)->_M_valptr(); }
        -:  472:
        -:  473:      pointer
        -:  474:      operator->() const _GLIBCXX_NOEXCEPT
        -:  475:      { return static_cast<_Node_ptr>(_M_node)->_M_valptr(); }
        -:  476:
        -:  477:      _Rb_tree_const_iterator&
        -:  478:      operator++() _GLIBCXX_NOEXCEPT
        -:  479:      {
        -:  480:	_M_node = _Rb_tree_increment(_M_node);
        -:  481:	return *this;
        -:  482:      }
        -:  483:
        -:  484:      _Rb_tree_const_iterator
        -:  485:      operator++(int) _GLIBCXX_NOEXCEPT
        -:  486:      {
        -:  487:	_Rb_tree_const_iterator __tmp = *this;
        -:  488:	_M_node = _Rb_tree_increment(_M_node);
        -:  489:	return __tmp;
        -:  490:      }
        -:  491:
        -:  492:      _Rb_tree_const_iterator&
        -:  493:      operator--() _GLIBCXX_NOEXCEPT
        -:  494:      {
        -:  495:	_M_node = _Rb_tree_decrement(_M_node);
        -:  496:	return *this;
        -:  497:      }
        -:  498:
        -:  499:      _Rb_tree_const_iterator
        -:  500:      operator--(int) _GLIBCXX_NOEXCEPT
        -:  501:      {
        -:  502:	_Rb_tree_const_iterator __tmp = *this;
        -:  503:	_M_node = _Rb_tree_decrement(_M_node);
        -:  504:	return __tmp;
        -:  505:      }
        -:  506:
        -:  507:      friend bool
        -:  508:      operator==(const _Rb_tree_const_iterator& __x,
        -:  509:		 const _Rb_tree_const_iterator& __y) _GLIBCXX_NOEXCEPT
        -:  510:      { return __x._M_node == __y._M_node; }
        -:  511:
        -:  512:#if ! __cpp_lib_three_way_comparison
        -:  513:      friend bool
        -:  514:      operator!=(const _Rb_tree_const_iterator& __x,
        -:  515:		 const _Rb_tree_const_iterator& __y) _GLIBCXX_NOEXCEPT
        -:  516:      { return __x._M_node != __y._M_node; }
        -:  517:#endif
        -:  518:
        -:  519:      _Base_ptr _M_node;
        -:  520:    };
        -:  521:
        -:  522:  __attribute__((__nonnull__))
        -:  523:  void
        -:  524:  _Rb_tree_insert_and_rebalance(const bool __insert_left,
        -:  525:				_Rb_tree_node_base* __x,
        -:  526:				_Rb_tree_node_base* __p,
        -:  527:				_Rb_tree_node_base& __header) throw ();
        -:  528:
        -:  529:  __attribute__((__nonnull__,__returns_nonnull__))
        -:  530:  _Rb_tree_node_base*
        -:  531:  _Rb_tree_rebalance_for_erase(_Rb_tree_node_base* const __z,
        -:  532:			       _Rb_tree_node_base& __header) throw ();
        -:  533:
        -:  534:namespace __rb_tree
        -:  535:{
        -:  536:#if _GLIBCXX_USE_ALLOC_PTR_FOR_RB_TREE
        -:  537:  template<bool _Const, typename _ValPtr>
        -:  538:    struct _Iterator
        -:  539:    {
        -:  540:      template<typename _Tp>
        -:  541:	using __maybe_const = __conditional_t<_Const, const _Tp, _Tp>;
        -:  542:
        -:  543:      using __ptr_traits =	pointer_traits<_ValPtr>;
        -:  544:      using value_type =	typename __ptr_traits::element_type;
        -:  545:      using reference =		__maybe_const<value_type>&;
        -:  546:      using pointer =		__maybe_const<value_type>*;
        -:  547:
        -:  548:      using iterator_category =	bidirectional_iterator_tag;
        -:  549:      using difference_type =	ptrdiff_t;
        -:  550:
        -:  551:      using _Node = __rb_tree::_Node<_ValPtr>;
        -:  552:      using _Node_base = __rb_tree::_Node_base<__ptr_rebind<_ValPtr, void>>;
        -:  553:      using _Base_ptr =	 typename _Node_base::_Base_ptr;
        -:  554:
        -:  555:      _Iterator() noexcept
        -:  556:      : _M_node() { }
        -:  557:
        -:  558:      constexpr explicit
        -:  559:      _Iterator(_Base_ptr __x) noexcept
        -:  560:      : _M_node(__x) { }
        -:  561:
        -:  562:      _Iterator(const _Iterator&) = default;
        -:  563:      _Iterator& operator=(const _Iterator&) = default;
        -:  564:
        -:  565:#ifdef __glibcxx_concepts
        -:  566:      constexpr
        -:  567:      _Iterator(const _Iterator<false, _ValPtr>& __it) requires _Const
        -:  568:#else
        -:  569:      template<bool _OtherConst,
        -:  570:	       typename = __enable_if_t<_Const && !_OtherConst>>
        -:  571:	constexpr
        -:  572:	_Iterator(const _Iterator<_OtherConst, _ValPtr>& __it)
        -:  573:#endif
        -:  574:	: _M_node(__it._M_node) { }
        -:  575:
        -:  576:      [[__nodiscard__]]
        -:  577:      reference
        -:  578:      operator*() const noexcept
        -:  579:      { return *static_cast<_Node&>(*_M_node)._M_valptr(); }
        -:  580:
        -:  581:      [[__nodiscard__]]
        -:  582:      pointer
        -:  583:      operator->() const noexcept
        -:  584:      { return static_cast<_Node&>(*_M_node)._M_valptr(); }
        -:  585:
        -:  586:      _GLIBCXX14_CONSTEXPR _Iterator&
        -:  587:      operator++() noexcept
        -:  588:      {
        -:  589:	if (_M_node->_M_right)
        -:  590:	  {
        -:  591:	    _M_node = _M_node->_M_right;
        -:  592:	    while (_M_node->_M_left)
        -:  593:	      _M_node = _M_node->_M_left;
        -:  594:	  }
        -:  595:	else
        -:  596:	  {
        -:  597:	    _Base_ptr __y = _M_node->_M_parent;
        -:  598:	    while (_M_node == __y->_M_right)
        -:  599:	      {
        -:  600:		_M_node = __y;
        -:  601:		__y = __y->_M_parent;
        -:  602:	      }
        -:  603:	    if (_M_node->_M_right != __y)
        -:  604:	      _M_node = __y;
        -:  605:	  }
        -:  606:
        -:  607:	return *this;
        -:  608:      }
        -:  609:
        -:  610:      _GLIBCXX14_CONSTEXPR _Iterator
        -:  611:      operator++(int) noexcept
        -:  612:      {
        -:  613:	_Iterator __tmp(this->_M_node);
        -:  614:	++*this;
        -:  615:	return __tmp;
        -:  616:      }
        -:  617:
        -:  618:      _GLIBCXX14_CONSTEXPR _Iterator&
        -:  619:      operator--() noexcept
        -:  620:      {
        -:  621:	if (_M_node->_M_color == _S_red
        -:  622:	    && _M_node->_M_parent->_M_parent == _M_node)
        -:  623:	  _M_node = _M_node->_M_right;
        -:  624:	else if (_M_node->_M_left)
        -:  625:	  {
        -:  626:	    _Base_ptr __y = _M_node->_M_left;
        -:  627:	    while (__y->_M_right)
        -:  628:	      __y = __y->_M_right;
        -:  629:	    _M_node = __y;
        -:  630:	  }
        -:  631:	else
        -:  632:	  {
        -:  633:	    _Base_ptr __y = _M_node->_M_parent;
        -:  634:	    while (_M_node == __y->_M_left)
        -:  635:	      {
        -:  636:		_M_node = __y;
        -:  637:		__y = __y->_M_parent;
        -:  638:	      }
        -:  639:	    _M_node = __y;
        -:  640:	  }
        -:  641:	return *this;
        -:  642:      }
        -:  643:
        -:  644:      _GLIBCXX14_CONSTEXPR _Iterator
        -:  645:      operator--(int) noexcept
        -:  646:      {
        -:  647:	_Iterator __tmp(this->_M_node);
        -:  648:	--*this;
        -:  649:	return __tmp;
        -:  650:      }
        -:  651:
        -:  652:      [[__nodiscard__]]
        -:  653:      friend bool
        -:  654:      operator==(const _Iterator& __x, const _Iterator& __y) _GLIBCXX_NOEXCEPT
        -:  655:      { return __x._M_node == __y._M_node; }
        -:  656:
        -:  657:#if ! __cpp_lib_three_way_comparison
        -:  658:      [[__nodiscard__]]
        -:  659:      friend bool
        -:  660:      operator!=(const _Iterator& __x, const _Iterator& __y) _GLIBCXX_NOEXCEPT
        -:  661:      { return __x._M_node != __y._M_node; }
        -:  662:#endif
        -:  663:
        -:  664:      _Base_ptr _M_node;
        -:  665:    };
        -:  666:#endif // USE_ALLOC_PTR_FOR_RB_TREE
        -:  667:
        -:  668:  // Determine the node and iterator types used by std::_Rb_tree.
        -:  669:  template<typename _Val, typename _Ptr>
        -:  670:    struct _Node_traits;
        -:  671:
        -:  672:#if _GLIBCXX_USE_ALLOC_PTR_FOR_RB_TREE <= 9000
        -:  673:  // Specialization for the simple case where the allocator's pointer type
        -:  674:  // is the same type as value_type*.
        -:  675:  // For ABI compatibility we can't change the types used for this case.
        -:  676:  template<typename _Val>
        -:  677:    struct _Node_traits<_Val, _Val*>
        -:  678:    {
        -:  679:      typedef _Rb_tree_node<_Val>		_Node;
        -:  680:      typedef _Node*				_Node_ptr;
        -:  681:      typedef _Rb_tree_node_base		_Node_base;
        -:  682:      typedef _Node_base*			_Base_ptr;
        -:  683:      typedef _Rb_tree_header			_Header_t;
        -:  684:      typedef _Rb_tree_iterator<_Val>		_Iterator;
        -:  685:      typedef _Rb_tree_const_iterator<_Val>	_Const_iterator;
        -:  686:
        -:  687:      __attribute__((__nonnull__))
        -:  688:      static void
        -:  689:      _S_insert_and_rebalance(const bool __insert_left,
        -:  690:			      _Node_base* __x, _Node_base* __p,
        -:  691:			      _Node_base& __header) _GLIBCXX_USE_NOEXCEPT
        -:  692:      {
        -:  693:	return _Rb_tree_insert_and_rebalance(__insert_left, __x, __p, __header);
        -:  694:      }
        -:  695:
        -:  696:      __attribute__((__nonnull__,__returns_nonnull__))
        -:  697:      static _Node_base*
        -:  698:      _S_rebalance_for_erase(_Node_base* const __z,
        -:  699:			     _Node_base& __header) _GLIBCXX_USE_NOEXCEPT
        -:  700:      { return _Rb_tree_rebalance_for_erase(__z, __header); }
        -:  701:    };
        -:  702:#endif
        -:  703:
        -:  704:#if ! _GLIBCXX_USE_ALLOC_PTR_FOR_RB_TREE
        -:  705:  // Always use the T* specialization.
        -:  706:  template<typename _Val, typename _Ptr>
        -:  707:    struct _Node_traits
        -:  708:    : _Node_traits<_Val, _Val*>
        -:  709:    { };
        -:  710:#else
        -:  711:  // Primary template used when the allocator uses fancy pointers.
        -:  712:  template<typename _Val, typename _ValPtr>
        -:  713:    struct _Node_traits
        -:  714:    {
        -:  715:      using _Node = __rb_tree::_Node<_ValPtr>;
        -:  716:      using _Node_ptr = __ptr_rebind<_ValPtr, _Node>;
        -:  717:      using _Node_base = __rb_tree::_Node_base<__ptr_rebind<_ValPtr, void>>;
        -:  718:      using _Base_ptr = __ptr_rebind<_ValPtr, _Node_base>;
        -:  719:      using _Header_t = __rb_tree::_Header<_Node_base>;
        -:  720:      using _Iterator = __rb_tree::_Iterator<false, _ValPtr>;
        -:  721:      using _Const_iterator = __rb_tree::_Iterator<true, _ValPtr>;
        -:  722:
        -:  723:      static void
        -:  724:      _Rotate_left(_Base_ptr __x, _Base_ptr& __root)
        -:  725:      {
        -:  726:	const _Base_ptr __y = __x->_M_right;
        -:  727:
        -:  728:	__x->_M_right = __y->_M_left;
        -:  729:	if (__y->_M_left)
        -:  730:	  __y->_M_left->_M_parent = __x;
        -:  731:	__y->_M_parent = __x->_M_parent;
        -:  732:
        -:  733:	if (__x == __root)
        -:  734:	  __root = __y;
        -:  735:	else if (__x == __x->_M_parent->_M_left)
        -:  736:	  __x->_M_parent->_M_left = __y;
        -:  737:	else
        -:  738:	  __x->_M_parent->_M_right = __y;
        -:  739:	__y->_M_left = __x;
        -:  740:	__x->_M_parent = __y;
        -:  741:      }
        -:  742:
        -:  743:      static void
        -:  744:      _Rotate_right(_Base_ptr __x, _Base_ptr& __root)
        -:  745:      {
        -:  746:	const _Base_ptr __y = __x->_M_left;
        -:  747:
        -:  748:	__x->_M_left = __y->_M_right;
        -:  749:	if (__y->_M_right)
        -:  750:	  __y->_M_right->_M_parent = __x;
        -:  751:	__y->_M_parent = __x->_M_parent;
        -:  752:
        -:  753:	if (__x == __root)
        -:  754:	  __root = __y;
        -:  755:	else if (__x == __x->_M_parent->_M_right)
        -:  756:	  __x->_M_parent->_M_right = __y;
        -:  757:	else
        -:  758:	  __x->_M_parent->_M_left = __y;
        -:  759:	__y->_M_right = __x;
        -:  760:	__x->_M_parent = __y;
        -:  761:      }
        -:  762:
        -:  763:      static void
        -:  764:      _S_insert_and_rebalance(const bool __insert_left,
        -:  765:			      _Base_ptr __x, _Base_ptr __p,
        -:  766:			      _Node_base& __header)
        -:  767:      {
        -:  768:	_Base_ptr& __root = __header._M_parent;
        -:  769:
        -:  770:	// Initialize fields in new node to insert.
        -:  771:	__x->_M_parent = __p;
        -:  772:	__x->_M_left = __x->_M_right = nullptr;
        -:  773:	__x->_M_color = _S_red;
        -:  774:
        -:  775:	// Insert.
        -:  776:	// Make new node child of parent and maintain root, leftmost and
        -:  777:	// rightmost nodes.
        -:  778:	// N.B. First node is always inserted left.
        -:  779:	if (__insert_left)
        -:  780:	  {
        -:  781:	    __p->_M_left = __x; // also makes leftmost = __x when __p == &__header
        -:  782:
        -:  783:	    if (std::__to_address(__p) == std::addressof(__header))
        -:  784:	      {
        -:  785:		__header._M_parent = __x;
        -:  786:		__header._M_right = __x;
        -:  787:	      }
        -:  788:	    else if (__p == __header._M_left)
        -:  789:	      __header._M_left = __x; // maintain leftmost pointing to min node
        -:  790:	  }
        -:  791:	else
        -:  792:	  {
        -:  793:	    __p->_M_right = __x;
        -:  794:
        -:  795:	    if (__p == __header._M_right)
        -:  796:	      __header._M_right = __x; // maintain rightmost pointing to max node
        -:  797:	  }
        -:  798:	// Rebalance.
        -:  799:	while (__x != __root
        -:  800:	       && __x->_M_parent->_M_color == _S_red)
        -:  801:	  {
        -:  802:	    const _Base_ptr __xpp = __x->_M_parent->_M_parent;
        -:  803:
        -:  804:	    if (__x->_M_parent == __xpp->_M_left)
        -:  805:	      {
        -:  806:		const _Base_ptr __y = __xpp->_M_right;
        -:  807:		if (__y && __y->_M_color == _S_red)
        -:  808:		  {
        -:  809:		    __x->_M_parent->_M_color = _S_black;
        -:  810:		    __y->_M_color = _S_black;
        -:  811:		    __xpp->_M_color = _S_red;
        -:  812:		    __x = __xpp;
        -:  813:		  }
        -:  814:		else
        -:  815:		  {
        -:  816:		    if (__x == __x->_M_parent->_M_right)
        -:  817:		      {
        -:  818:			__x = __x->_M_parent;
        -:  819:			_Rotate_left(__x, __root);
        -:  820:		      }
        -:  821:		    __x->_M_parent->_M_color = _S_black;
        -:  822:		    __xpp->_M_color = _S_red;
        -:  823:		    _Rotate_right(__xpp, __root);
        -:  824:		  }
        -:  825:	      }
        -:  826:	    else
        -:  827:	      {
        -:  828:		const _Base_ptr __y = __xpp->_M_left;
        -:  829:		if (__y && __y->_M_color == _S_red)
        -:  830:		  {
        -:  831:		    __x->_M_parent->_M_color = _S_black;
        -:  832:		    __y->_M_color = _S_black;
        -:  833:		    __xpp->_M_color = _S_red;
        -:  834:		    __x = __xpp;
        -:  835:		  }
        -:  836:		else
        -:  837:		  {
        -:  838:		    if (__x == __x->_M_parent->_M_left)
        -:  839:		      {
        -:  840:			__x = __x->_M_parent;
        -:  841:			_Rotate_right(__x, __root);
        -:  842:		      }
        -:  843:		    __x->_M_parent->_M_color = _S_black;
        -:  844:		    __xpp->_M_color = _S_red;
        -:  845:		    _Rotate_left(__xpp, __root);
        -:  846:		  }
        -:  847:	      }
        -:  848:	  }
        -:  849:	__root->_M_color = _S_black;
        -:  850:      }
        -:  851:
        -:  852:      static _Base_ptr
        -:  853:      _S_rebalance_for_erase(_Base_ptr __z, _Node_base& __header)
        -:  854:      {
        -:  855:	_Base_ptr& __root = __header._M_parent;
        -:  856:	_Base_ptr& __leftmost = __header._M_left;
        -:  857:	_Base_ptr& __rightmost = __header._M_right;
        -:  858:	_Base_ptr __y = __z;
        -:  859:	_Base_ptr __x{};
        -:  860:	_Base_ptr __x_parent{};
        -:  861:
        -:  862:	if (!__y->_M_left)     // __z has at most one non-null child. y == z.
        -:  863:	  __x = __y->_M_right;     // __x might be null.
        -:  864:	else
        -:  865:	  if (!__y->_M_right)  // __z has exactly one non-null child. y == z.
        -:  866:	    __x = __y->_M_left;    // __x is not null.
        -:  867:	  else
        -:  868:	    {
        -:  869:	      // __z has two non-null children.  Set __y to
        -:  870:	      __y = __y->_M_right;   //   __z's successor.  __x might be null.
        -:  871:	      while (__y->_M_left)
        -:  872:		__y = __y->_M_left;
        -:  873:	      __x = __y->_M_right;
        -:  874:	    }
        -:  875:	if (__y != __z)
        -:  876:	  {
        -:  877:	    // relink y in place of z.  y is z's successor
        -:  878:	    __z->_M_left->_M_parent = __y;
        -:  879:	    __y->_M_left = __z->_M_left;
        -:  880:	    if (__y != __z->_M_right)
        -:  881:	      {
        -:  882:		__x_parent = __y->_M_parent;
        -:  883:		if (__x)
        -:  884:		  __x->_M_parent = __y->_M_parent;
        -:  885:		__y->_M_parent->_M_left = __x;   // __y must be a child of _M_left
        -:  886:		__y->_M_right = __z->_M_right;
        -:  887:		__z->_M_right->_M_parent = __y;
        -:  888:	      }
        -:  889:	    else
        -:  890:	      __x_parent = __y;
        -:  891:	    if (__root == __z)
        -:  892:	      __root = __y;
        -:  893:	    else if (__z->_M_parent->_M_left == __z)
        -:  894:	      __z->_M_parent->_M_left = __y;
        -:  895:	    else
        -:  896:	      __z->_M_parent->_M_right = __y;
        -:  897:	    __y->_M_parent = __z->_M_parent;
        -:  898:	    std::swap(__y->_M_color, __z->_M_color);
        -:  899:	    __y = __z;
        -:  900:	    // __y now points to node to be actually deleted
        -:  901:	  }
        -:  902:	else
        -:  903:	  {                        // __y == __z
        -:  904:	    __x_parent = __y->_M_parent;
        -:  905:	    if (__x)
        -:  906:	      __x->_M_parent = __y->_M_parent;
        -:  907:	    if (__root == __z)
        -:  908:	      __root = __x;
        -:  909:	    else
        -:  910:	      if (__z->_M_parent->_M_left == __z)
        -:  911:		__z->_M_parent->_M_left = __x;
        -:  912:	      else
        -:  913:		__z->_M_parent->_M_right = __x;
        -:  914:	    if (__leftmost == __z)
        -:  915:	      {
        -:  916:		if (!__z->_M_right)        // __z->_M_left must be null also
        -:  917:		  __leftmost = __z->_M_parent;
        -:  918:		// makes __leftmost == _M_header if __z == __root
        -:  919:		else
        -:  920:		  __leftmost = _Node_base::_S_minimum(__x);
        -:  921:	      }
        -:  922:	    if (__rightmost == __z)
        -:  923:	      {
        -:  924:		if (__z->_M_left == 0)         // __z->_M_right must be null also
        -:  925:		  __rightmost = __z->_M_parent;
        -:  926:		// makes __rightmost == _M_header if __z == __root
        -:  927:		else                      // __x == __z->_M_left
        -:  928:		  __rightmost = _Node_base::_S_maximum(__x);
        -:  929:	      }
        -:  930:	  }
        -:  931:	if (__y->_M_color != _S_red)
        -:  932:	  {
        -:  933:	    while (__x != __root && (__x == 0 || __x->_M_color == _S_black))
        -:  934:	      if (__x == __x_parent->_M_left)
        -:  935:		{
        -:  936:		  _Base_ptr __w = __x_parent->_M_right;
        -:  937:		  if (__w->_M_color == _S_red)
        -:  938:		    {
        -:  939:		      __w->_M_color = _S_black;
        -:  940:		      __x_parent->_M_color = _S_red;
        -:  941:		      _Rotate_left(__x_parent, __root);
        -:  942:		      __w = __x_parent->_M_right;
        -:  943:		    }
        -:  944:		  if ((!__w->_M_left || __w->_M_left->_M_color == _S_black) &&
        -:  945:		      (!__w->_M_right || __w->_M_right->_M_color == _S_black))
        -:  946:		    {
        -:  947:		      __w->_M_color = _S_red;
        -:  948:		      __x = __x_parent;
        -:  949:		      __x_parent = __x_parent->_M_parent;
        -:  950:		    }
        -:  951:		  else
        -:  952:		    {
        -:  953:		      if (!__w->_M_right || __w->_M_right->_M_color == _S_black)
        -:  954:			{
        -:  955:			  __w->_M_left->_M_color = _S_black;
        -:  956:			  __w->_M_color = _S_red;
        -:  957:			  _Rotate_right(__w, __root);
        -:  958:			  __w = __x_parent->_M_right;
        -:  959:			}
        -:  960:		      __w->_M_color = __x_parent->_M_color;
        -:  961:		      __x_parent->_M_color = _S_black;
        -:  962:		      if (__w->_M_right)
        -:  963:			__w->_M_right->_M_color = _S_black;
        -:  964:		      _Rotate_left(__x_parent, __root);
        -:  965:		      break;
        -:  966:		    }
        -:  967:		}
        -:  968:	      else
        -:  969:		{
        -:  970:		  // same as above, with _M_right <-> _M_left.
        -:  971:		  _Base_ptr __w = __x_parent->_M_left;
        -:  972:		  if (__w->_M_color == _S_red)
        -:  973:		    {
        -:  974:		      __w->_M_color = _S_black;
        -:  975:		      __x_parent->_M_color = _S_red;
        -:  976:		      _Rotate_right(__x_parent, __root);
        -:  977:		      __w = __x_parent->_M_left;
        -:  978:		    }
        -:  979:		  if ((!__w->_M_right || __w->_M_right->_M_color == _S_black) &&
        -:  980:		      (!__w->_M_left || __w->_M_left->_M_color == _S_black))
        -:  981:		    {
        -:  982:		      __w->_M_color = _S_red;
        -:  983:		      __x = __x_parent;
        -:  984:		      __x_parent = __x_parent->_M_parent;
        -:  985:		    }
        -:  986:		  else
        -:  987:		    {
        -:  988:		      if (!__w->_M_left || __w->_M_left->_M_color == _S_black)
        -:  989:			{
        -:  990:			  __w->_M_right->_M_color = _S_black;
        -:  991:			  __w->_M_color = _S_red;
        -:  992:			  _Rotate_left(__w, __root);
        -:  993:			  __w = __x_parent->_M_left;
        -:  994:			}
        -:  995:		      __w->_M_color = __x_parent->_M_color;
        -:  996:		      __x_parent->_M_color = _S_black;
        -:  997:		      if (__w->_M_left)
        -:  998:			__w->_M_left->_M_color = _S_black;
        -:  999:		      _Rotate_right(__x_parent, __root);
        -: 1000:		      break;
        -: 1001:		    }
        -: 1002:		}
        -: 1003:	    if (__x)
        -: 1004:	      __x->_M_color = _S_black;
        -: 1005:	  }
        -: 1006:
        -: 1007:	return __y;
        -: 1008:      }
        -: 1009:    };
        -: 1010:#endif
        -: 1011:} // namespace __rb_tree
        -: 1012:
        -: 1013:#ifdef __glibcxx_node_extract // >= C++17
        -: 1014:  template<typename _Tree1, typename _Cmp2>
        -: 1015:    struct _Rb_tree_merge_helper { };
        -: 1016:#endif
        -: 1017:
        -: 1018:  template<typename _Key, typename _Val, typename _KeyOfValue,
        -: 1019:	   typename _Compare, typename _Alloc = allocator<_Val> >
        -: 1020:    class _Rb_tree
        -: 1021:    {
        -: 1022:      typedef typename __gnu_cxx::__alloc_traits<_Alloc>::template
        -: 1023:	rebind<_Val>::other _Val_alloc_type;
        -: 1024:
        -: 1025:      typedef __gnu_cxx::__alloc_traits<_Val_alloc_type> _Val_alloc_traits;
        -: 1026:      typedef typename _Val_alloc_traits::pointer _ValPtr;
        -: 1027:      typedef __rb_tree::_Node_traits<_Val, _ValPtr> _Node_traits;
        -: 1028:
        -: 1029:      typedef typename _Node_traits::_Node_base		_Node_base;
        -: 1030:      typedef typename _Node_traits::_Node		_Node;
        -: 1031:
        -: 1032:      typedef typename __gnu_cxx::__alloc_traits<_Alloc>::template
        -: 1033:	rebind<_Node>::other _Node_allocator;
        -: 1034:
        -: 1035:      typedef __gnu_cxx::__alloc_traits<_Node_allocator> _Node_alloc_traits;
        -: 1036:
        -: 1037:    protected:
        -: 1038:      typedef typename _Node_traits::_Base_ptr	_Base_ptr;
        -: 1039:      typedef typename _Node_traits::_Node_ptr	_Node_ptr;
        -: 1040:
        -: 1041:    private:
        -: 1042:      // Functor recycling a pool of nodes and using allocation once the pool
        -: 1043:      // is empty.
        -: 1044:      struct _Reuse_or_alloc_node
        -: 1045:      {
    #####: 1046:	_Reuse_or_alloc_node(_Rb_tree& __t)
    #####: 1047:	: _M_root(__t._M_root()), _M_nodes(__t._M_rightmost()), _M_t(__t)
        -: 1048:	{
    #####: 1049:	  if (_M_root)
        -: 1050:	    {
    #####: 1051:	      _M_root->_M_parent = _Base_ptr();
        -: 1052:
    #####: 1053:	      if (_M_nodes->_M_left)
    #####: 1054:		_M_nodes = _M_nodes->_M_left;
        -: 1055:	    }
        -: 1056:	  else
    #####: 1057:	    _M_nodes = _Base_ptr();
    #####: 1058:	}
------------------
_ZNSt8_Rb_treeINSt7__cxx1112basic_stringIcSt11char_traitsIcESaIcEEESt4pairIKS5_S5_ESt10_Select1stIS8_ESt4lessIS5_ESaIS8_EE20_Reuse_or_alloc_nodeC2ERSE_:
function _ZNSt8_Rb_treeINSt7__cxx1112basic_stringIcSt11char_traitsIcESaIcEEESt4pairIKS5_S5_ESt10_Select1stIS8_ESt4lessIS5_ESaIS8_EE20_Reuse_or_alloc_nodeC2ERSE_ called 0 returned 0% blocks executed 0%
    #####: 1046:	_Reuse_or_alloc_node(_Rb_tree& __t)
    #####: 1047:	: _M_root(__t._M_root()), _M_nodes(__t._M_rightmost()), _M_t(__t)
    %%%%%: 1047-block 2
appel   0 jamais exécuté
appel   1 jamais exécuté
        -: 1048:	{
    #####: 1049:	  if (_M_root)
branchement  0 jamais exécuté (fallthrough)
branchement  1 jamais exécuté
        -: 1050:	    {
    #####: 1051:	      _M_root->_M_parent = _Base_ptr();
        -: 1052:
    #####: 1053:	      if (_M_nodes->_M_left)
    %%%%%: 1053-block 5
branchement  0 jamais exécuté (fallthrough)
branchement  1 jamais exécuté
    #####: 1054:		_M_nodes = _M_nodes->_M_left;
    %%%%%: 1054-block 6
        -: 1055:	    }
        -: 1056:	  else
    #####: 1057:	    _M_nodes = _Base_ptr();
    %%%%%: 1057-block 7
    #####: 1058:	}
------------------
_ZNSt8_Rb_treeINSt7__cxx1112basic_stringIcSt11char_traitsIcESaIcEEESt4pairIKS5_fESt10_Select1stIS8_ESt4lessIS5_ESaIS8_EE20_Reuse_or_alloc_nodeC2ERSE_:
function _ZNSt8_Rb_treeINSt7__cxx1112basic_stringIcSt11char_traitsIcESaIcEEESt4pairIKS5_fESt10_Select1stIS8_ESt4lessIS5_ESaIS8_EE20_Reuse_or_alloc_nodeC2ERSE_ called 0 returned 0% blocks executed 0%
    #####: 1046:	_Reuse_or_alloc_node(_Rb_tree& __t)
    #####: 1047:	: _M_root(__t._M_root()), _M_nodes(__t._M_rightmost()), _M_t(__t)
    %%%%%: 1047-block 2
appel   0 jamais exécuté
appel   1 jamais exécuté
        -: 1048:	{
    #####: 1049:	  if (_M_root)
branchement  0 jamais exécuté (fallthrough)
branchement  1 jamais exécuté
        -: 1050:	    {
    #####: 1051:	      _M_root->_M_parent = _Base_ptr();
        -: 1052:
    #####: 1053:	      if (_M_nodes->_M_left)
    %%%%%: 1053-block 5
branchement  0 jamais exécuté (fallthrough)
branchement  1 jamais exécuté
    #####: 1054:		_M_nodes = _M_nodes->_M_left;
    %%%%%: 1054-block 6
        -: 1055:	    }
        -: 1056:	  else
    #####: 1057:	    _M_nodes = _Base_ptr();
    %%%%%: 1057-block 7
    #####: 1058:	}
------------------
        -: 1059:
        -: 1060:#if __cplusplus >= 201103L
        -: 1061:	_Reuse_or_alloc_node(const _Reuse_or_alloc_node&) = delete;
        -: 1062:#endif
        -: 1063:
    #####: 1064:	~_Reuse_or_alloc_node()
        -: 1065:	{
    #####: 1066:	  if (_M_root)
    #####: 1067:	    _M_t._M_erase(static_cast<_Node&>(*_M_root)._M_node_ptr());
    #####: 1068:	}
------------------
_ZNSt8_Rb_treeINSt7__cxx1112basic_stringIcSt11char_traitsIcESaIcEEESt4pairIKS5_S5_ESt10_Select1stIS8_ESt4lessIS5_ESaIS8_EE20_Reuse_or_alloc_nodeD2Ev:
function _ZNSt8_Rb_treeINSt7__cxx1112basic_stringIcSt11char_traitsIcESaIcEEESt4pairIKS5_S5_ESt10_Select1stIS8_ESt4lessIS5_ESaIS8_EE20_Reuse_or_alloc_nodeD2Ev called 0 returned 0% blocks executed 0%
    #####: 1064:	~_Reuse_or_alloc_node()
        -: 1065:	{
    #####: 1066:	  if (_M_root)
    %%%%%: 1066-block 2
branchement  0 jamais exécuté (fallthrough)
branchement  1 jamais exécuté
    #####: 1067:	    _M_t._M_erase(static_cast<_Node&>(*_M_root)._M_node_ptr());
    %%%%%: 1067-block 3
appel   0 jamais exécuté
appel   1 jamais exécuté
    #####: 1068:	}
------------------
_ZNSt8_Rb_treeINSt7__cxx1112basic_stringIcSt11char_traitsIcESaIcEEESt4pairIKS5_fESt10_Select1stIS8_ESt4lessIS5_ESaIS8_EE20_Reuse_or_alloc_nodeD2Ev:
function _ZNSt8_Rb_treeINSt7__cxx1112basic_stringIcSt11char_traitsIcESaIcEEESt4pairIKS5_fESt10_Select1stIS8_ESt4lessIS5_ESaIS8_EE20_Reuse_or_alloc_nodeD2Ev called 0 returned 0% blocks executed 0%
    #####: 1064:	~_Reuse_or_alloc_node()
        -: 1065:	{
    #####: 1066:	  if (_M_root)
    %%%%%: 1066-block 2
branchement  0 jamais exécuté (fallthrough)
branchement  1 jamais exécuté
    #####: 1067:	    _M_t._M_erase(static_cast<_Node&>(*_M_root)._M_node_ptr());
    %%%%%: 1067-block 3
appel   0 jamais exécuté
appel   1 jamais exécuté
    #####: 1068:	}
------------------
        -: 1069:
        -: 1070:	template<typename _Arg>
        -: 1071:	  _Node_ptr
    #####: 1072:	  operator()(_GLIBCXX_FWDREF(_Arg) __arg)
        -: 1073:	  {
    #####: 1074:	    _Base_ptr __base = _M_extract();
    #####: 1075:	    if (__base)
        -: 1076:	      {
    #####: 1077:		_Node_ptr __node = static_cast<_Node&>(*__base)._M_node_ptr();
    #####: 1078:		_M_t._M_destroy_node(__node);
    #####: 1079:		_M_t._M_construct_node(__node, _GLIBCXX_FORWARD(_Arg, __arg));
    #####: 1080:		return __node;
        -: 1081:	      }
        -: 1082:
    #####: 1083:	    return _M_t._M_create_node(_GLIBCXX_FORWARD(_Arg, __arg));
        -: 1084:	  }
------------------
_ZNSt8_Rb_treeINSt7__cxx1112basic_stringIcSt11char_traitsIcESaIcEEESt4pairIKS5_S5_ESt10_Select1stIS8_ESt4lessIS5_ESaIS8_EE20_Reuse_or_alloc_nodeclIRKS8_EEPSt13_Rb_tree_nodeIS8_EOT_:
function _ZNSt8_Rb_treeINSt7__cxx1112basic_stringIcSt11char_traitsIcESaIcEEESt4pairIKS5_S5_ESt10_Select1stIS8_ESt4lessIS5_ESaIS8_EE20_Reuse_or_alloc_nodeclIRKS8_EEPSt13_Rb_tree_nodeIS8_EOT_ called 0 returned 0% blocks executed 0%
    #####: 1072:	  operator()(_GLIBCXX_FWDREF(_Arg) __arg)
        -: 1073:	  {
    #####: 1074:	    _Base_ptr __base = _M_extract();
    %%%%%: 1074-block 2
appel   0 jamais exécuté
    #####: 1075:	    if (__base)
branchement  0 jamais exécuté (fallthrough)
branchement  1 jamais exécuté
        -: 1076:	      {
    #####: 1077:		_Node_ptr __node = static_cast<_Node&>(*__base)._M_node_ptr();
    %%%%%: 1077-block 4
appel   0 jamais exécuté
    #####: 1078:		_M_t._M_destroy_node(__node);
appel   0 jamais exécuté
    #####: 1079:		_M_t._M_construct_node(__node, _GLIBCXX_FORWARD(_Arg, __arg));
    %%%%%: 1079-block 8
appel   0 jamais exécuté
    #####: 1080:		return __node;
        -: 1081:	      }
        -: 1082:
    #####: 1083:	    return _M_t._M_create_node(_GLIBCXX_FORWARD(_Arg, __arg));
    %%%%%: 1083-block 10
    %%%%%: 1083-block 12
appel   0 jamais exécuté
        -: 1084:	  }
------------------
_ZNSt8_Rb_treeINSt7__cxx1112basic_stringIcSt11char_traitsIcESaIcEEESt4pairIKS5_fESt10_Select1stIS8_ESt4lessIS5_ESaIS8_EE20_Reuse_or_alloc_nodeclIRKS8_EEPSt13_Rb_tree_nodeIS8_EOT_:
function _ZNSt8_Rb_treeINSt7__cxx1112basic_stringIcSt11char_traitsIcESaIcEEESt4pairIKS5_fESt10_Select1stIS8_ESt4lessIS5_ESaIS8_EE20_Reuse_or_alloc_nodeclIRKS8_EEPSt13_Rb_tree_nodeIS8_EOT_ called 0 returned 0% blocks executed 0%
    #####: 1072:	  operator()(_GLIBCXX_FWDREF(_Arg) __arg)
        -: 1073:	  {
    #####: 1074:	    _Base_ptr __base = _M_extract();
    %%%%%: 1074-block 2
appel   0 jamais exécuté
    #####: 1075:	    if (__base)
branchement  0 jamais exécuté (fallthrough)
branchement  1 jamais exécuté
        -: 1076:	      {
    #####: 1077:		_Node_ptr __node = static_cast<_Node&>(*__base)._M_node_ptr();
    %%%%%: 1077-block 4
appel   0 jamais exécuté
    #####: 1078:		_M_t._M_destroy_node(__node);
appel   0 jamais exécuté
    #####: 1079:		_M_t._M_construct_node(__node, _GLIBCXX_FORWARD(_Arg, __arg));
    %%%%%: 1079-block 8
appel   0 jamais exécuté
    #####: 1080:		return __node;
        -: 1081:	      }
        -: 1082:
    #####: 1083:	    return _M_t._M_create_node(_GLIBCXX_FORWARD(_Arg, __arg));
    %%%%%: 1083-block 10
    %%%%%: 1083-block 12
appel   0 jamais exécuté
        -: 1084:	  }
------------------
        -: 1085:
        -: 1086:      private:
        -: 1087:	_Base_ptr
    #####: 1088:	_M_extract()
        -: 1089:	{
    #####: 1090:	  if (!_M_nodes)
    #####: 1091:	    return _M_nodes;
        -: 1092:
    #####: 1093:	  _Base_ptr __node = _M_nodes;
    #####: 1094:	  _M_nodes = _M_nodes->_M_parent;
    #####: 1095:	  if (_M_nodes)
        -: 1096:	    {
    #####: 1097:	      if (_M_nodes->_M_right == __node)
        -: 1098:		{
    #####: 1099:		  _M_nodes->_M_right = _Base_ptr();
        -: 1100:
    #####: 1101:		  if (_M_nodes->_M_left)
        -: 1102:		    {
    #####: 1103:		      _M_nodes = _M_nodes->_M_left;
        -: 1104:
    #####: 1105:		      while (_M_nodes->_M_right)
    #####: 1106:			_M_nodes = _M_nodes->_M_right;
        -: 1107:
    #####: 1108:		      if (_M_nodes->_M_left)
    #####: 1109:			_M_nodes = _M_nodes->_M_left;
        -: 1110:		    }
        -: 1111:		}
        -: 1112:	      else // __node is on the left.
    #####: 1113:		_M_nodes->_M_left = _Base_ptr();
        -: 1114:	    }
        -: 1115:	  else
    #####: 1116:	    _M_root = _Base_ptr();
        -: 1117:
    #####: 1118:	  return __node;
        -: 1119:	}
------------------
_ZNSt8_Rb_treeINSt7__cxx1112basic_stringIcSt11char_traitsIcESaIcEEESt4pairIKS5_S5_ESt10_Select1stIS8_ESt4lessIS5_ESaIS8_EE20_Reuse_or_alloc_node10_M_extractEv:
function _ZNSt8_Rb_treeINSt7__cxx1112basic_stringIcSt11char_traitsIcESaIcEEESt4pairIKS5_S5_ESt10_Select1stIS8_ESt4lessIS5_ESaIS8_EE20_Reuse_or_alloc_node10_M_extractEv called 0 returned 0% blocks executed 0%
    #####: 1088:	_M_extract()
        -: 1089:	{
    #####: 1090:	  if (!_M_nodes)
    %%%%%: 1090-block 2
branchement  0 jamais exécuté (fallthrough)
branchement  1 jamais exécuté
    #####: 1091:	    return _M_nodes;
    %%%%%: 1091-block 3
        -: 1092:
    #####: 1093:	  _Base_ptr __node = _M_nodes;
    #####: 1094:	  _M_nodes = _M_nodes->_M_parent;
    #####: 1095:	  if (_M_nodes)
    %%%%%: 1095-block 4
branchement  0 jamais exécuté (fallthrough)
branchement  1 jamais exécuté
        -: 1096:	    {
    #####: 1097:	      if (_M_nodes->_M_right == __node)
    %%%%%: 1097-block 5
branchement  0 jamais exécuté (fallthrough)
branchement  1 jamais exécuté
        -: 1098:		{
    #####: 1099:		  _M_nodes->_M_right = _Base_ptr();
        -: 1100:
    #####: 1101:		  if (_M_nodes->_M_left)
    %%%%%: 1101-block 6
branchement  0 jamais exécuté (fallthrough)
branchement  1 jamais exécuté
        -: 1102:		    {
    #####: 1103:		      _M_nodes = _M_nodes->_M_left;
        -: 1104:
    #####: 1105:		      while (_M_nodes->_M_right)
    %%%%%: 1105-block 7
    %%%%%: 1105-block 9
branchement  0 jamais exécuté
branchement  1 jamais exécuté (fallthrough)
    #####: 1106:			_M_nodes = _M_nodes->_M_right;
    %%%%%: 1106-block 8
        -: 1107:
    #####: 1108:		      if (_M_nodes->_M_left)
    %%%%%: 1108-block 10
branchement  0 jamais exécuté (fallthrough)
branchement  1 jamais exécuté
    #####: 1109:			_M_nodes = _M_nodes->_M_left;
    %%%%%: 1109-block 11
        -: 1110:		    }
        -: 1111:		}
        -: 1112:	      else // __node is on the left.
    #####: 1113:		_M_nodes->_M_left = _Base_ptr();
    %%%%%: 1113-block 12
        -: 1114:	    }
        -: 1115:	  else
    #####: 1116:	    _M_root = _Base_ptr();
    %%%%%: 1116-block 13
        -: 1117:
    #####: 1118:	  return __node;
    %%%%%: 1118-block 14
        -: 1119:	}
------------------
_ZNSt8_Rb_treeINSt7__cxx1112basic_stringIcSt11char_traitsIcESaIcEEESt4pairIKS5_fESt10_Select1stIS8_ESt4lessIS5_ESaIS8_EE20_Reuse_or_alloc_node10_M_extractEv:
function _ZNSt8_Rb_treeINSt7__cxx1112basic_stringIcSt11char_traitsIcESaIcEEESt4pairIKS5_fESt10_Select1stIS8_ESt4lessIS5_ESaIS8_EE20_Reuse_or_alloc_node10_M_extractEv called 0 returned 0% blocks executed 0%
    #####: 1088:	_M_extract()
        -: 1089:	{
    #####: 1090:	  if (!_M_nodes)
    %%%%%: 1090-block 2
branchement  0 jamais exécuté (fallthrough)
branchement  1 jamais exécuté
    #####: 1091:	    return _M_nodes;
    %%%%%: 1091-block 3
        -: 1092:
    #####: 1093:	  _Base_ptr __node = _M_nodes;
    #####: 1094:	  _M_nodes = _M_nodes->_M_parent;
    #####: 1095:	  if (_M_nodes)
    %%%%%: 1095-block 4
branchement  0 jamais exécuté (fallthrough)
branchement  1 jamais exécuté
        -: 1096:	    {
    #####: 1097:	      if (_M_nodes->_M_right == __node)
    %%%%%: 1097-block 5
branchement  0 jamais exécuté (fallthrough)
branchement  1 jamais exécuté
        -: 1098:		{
    #####: 1099:		  _M_nodes->_M_right = _Base_ptr();
        -: 1100:
    #####: 1101:		  if (_M_nodes->_M_left)
    %%%%%: 1101-block 6
branchement  0 jamais exécuté (fallthrough)
branchement  1 jamais exécuté
        -: 1102:		    {
    #####: 1103:		      _M_nodes = _M_nodes->_M_left;
        -: 1104:
    #####: 1105:		      while (_M_nodes->_M_right)
    %%%%%: 1105-block 7
    %%%%%: 1105-block 9
branchement  0 jamais exécuté
branchement  1 jamais exécuté (fallthrough)
    #####: 1106:			_M_nodes = _M_nodes->_M_right;
    %%%%%: 1106-block 8
        -: 1107:
    #####: 1108:		      if (_M_nodes->_M_left)
    %%%%%: 1108-block 10
branchement  0 jamais exécuté (fallthrough)
branchement  1 jamais exécuté
    #####: 1109:			_M_nodes = _M_nodes->_M_left;
    %%%%%: 1109-block 11
        -: 1110:		    }
        -: 1111:		}
        -: 1112:	      else // __node is on the left.
    #####: 1113:		_M_nodes->_M_left = _Base_ptr();
    %%%%%: 1113-block 12
        -: 1114:	    }
        -: 1115:	  else
    #####: 1116:	    _M_root = _Base_ptr();
    %%%%%: 1116-block 13
        -: 1117:
    #####: 1118:	  return __node;
    %%%%%: 1118-block 14
        -: 1119:	}
------------------
        -: 1120:
        -: 1121:	_Base_ptr _M_root;
        -: 1122:	_Base_ptr _M_nodes;
        -: 1123:	_Rb_tree& _M_t;
        -: 1124:      };
        -: 1125:
        -: 1126:      // Functor similar to the previous one but without any pool of nodes to
        -: 1127:      // recycle.
        -: 1128:      struct _Alloc_node
        -: 1129:      {
        -: 1130:	_Alloc_node(_Rb_tree& __t)
        -: 1131:	: _M_t(__t) { }
        -: 1132:
        -: 1133:	template<typename _Arg>
        -: 1134:	  _Node_ptr
        -: 1135:	  operator()(_GLIBCXX_FWDREF(_Arg) __arg) const
        -: 1136:	  { return _M_t._M_create_node(_GLIBCXX_FORWARD(_Arg, __arg)); }
        -: 1137:
        -: 1138:      private:
        -: 1139:	_Rb_tree& _M_t;
        -: 1140:      };
        -: 1141:
        -: 1142:    public:
        -: 1143:      typedef _Key 				key_type;
        -: 1144:      typedef _Val 				value_type;
        -: 1145:      typedef value_type* 			pointer;
        -: 1146:      typedef const value_type* 		const_pointer;
        -: 1147:      typedef value_type& 			reference;
        -: 1148:      typedef const value_type& 		const_reference;
        -: 1149:      typedef size_t 				size_type;
        -: 1150:      typedef ptrdiff_t 			difference_type;
        -: 1151:      typedef _Alloc 				allocator_type;
        -: 1152:
        -: 1153:      _Node_allocator&
    #####: 1154:      _M_get_Node_allocator() _GLIBCXX_NOEXCEPT
    #####: 1155:      { return this->_M_impl; }
------------------
_ZNSt8_Rb_treeINSt7__cxx1112basic_stringIcSt11char_traitsIcESaIcEEESt4pairIKS5_S5_ESt10_Select1stIS8_ESt4lessIS5_ESaIS8_EE21_M_get_Node_allocatorEv:
function _ZNSt8_Rb_treeINSt7__cxx1112basic_stringIcSt11char_traitsIcESaIcEEESt4pairIKS5_S5_ESt10_Select1stIS8_ESt4lessIS5_ESaIS8_EE21_M_get_Node_allocatorEv called 0 returned 0% blocks executed 0%
    #####: 1154:      _M_get_Node_allocator() _GLIBCXX_NOEXCEPT
    #####: 1155:      { return this->_M_impl; }
    %%%%%: 1155-block 2
------------------
_ZNSt8_Rb_treeINSt7__cxx1112basic_stringIcSt11char_traitsIcESaIcEEESt4pairIKS5_fESt10_Select1stIS8_ESt4lessIS5_ESaIS8_EE21_M_get_Node_allocatorEv:
function _ZNSt8_Rb_treeINSt7__cxx1112basic_stringIcSt11char_traitsIcESaIcEEESt4pairIKS5_fESt10_Select1stIS8_ESt4lessIS5_ESaIS8_EE21_M_get_Node_allocatorEv called 0 returned 0% blocks executed 0%
    #####: 1154:      _M_get_Node_allocator() _GLIBCXX_NOEXCEPT
    #####: 1155:      { return this->_M_impl; }
    %%%%%: 1155-block 2
------------------
        -: 1156:
        -: 1157:      const _Node_allocator&
    #####: 1158:      _M_get_Node_allocator() const _GLIBCXX_NOEXCEPT
    #####: 1159:      { return this->_M_impl; }
------------------
_ZNKSt8_Rb_treeINSt7__cxx1112basic_stringIcSt11char_traitsIcESaIcEEESt4pairIKS5_S5_ESt10_Select1stIS8_ESt4lessIS5_ESaIS8_EE21_M_get_Node_allocatorEv:
function _ZNKSt8_Rb_treeINSt7__cxx1112basic_stringIcSt11char_traitsIcESaIcEEESt4pairIKS5_S5_ESt10_Select1stIS8_ESt4lessIS5_ESaIS8_EE21_M_get_Node_allocatorEv called 0 returned 0% blocks executed 0%
    #####: 1158:      _M_get_Node_allocator() const _GLIBCXX_NOEXCEPT
    #####: 1159:      { return this->_M_impl; }
    %%%%%: 1159-block 2
------------------
_ZNKSt8_Rb_treeINSt7__cxx1112basic_stringIcSt11char_traitsIcESaIcEEESt4pairIKS5_fESt10_Select1stIS8_ESt4lessIS5_ESaIS8_EE21_M_get_Node_allocatorEv:
function _ZNKSt8_Rb_treeINSt7__cxx1112basic_stringIcSt11char_traitsIcESaIcEEESt4pairIKS5_fESt10_Select1stIS8_ESt4lessIS5_ESaIS8_EE21_M_get_Node_allocatorEv called 0 returned 0% blocks executed 0%
    #####: 1158:      _M_get_Node_allocator() const _GLIBCXX_NOEXCEPT
    #####: 1159:      { return this->_M_impl; }
    %%%%%: 1159-block 2
------------------
        -: 1160:
        -: 1161:      allocator_type
        -: 1162:      get_allocator() const _GLIBCXX_NOEXCEPT
        -: 1163:      { return allocator_type(_M_get_Node_allocator()); }
        -: 1164:
        -: 1165:    protected:
        -: 1166:      _Node_ptr
    #####: 1167:      _M_get_node()
        -: 1168:      {
        -: 1169:#if __cplusplus < 201102L || _GLIBCXX_USE_ALLOC_PTR_FOR_RB_TREE
    #####: 1170:	return _Node_alloc_traits::allocate(_M_get_Node_allocator(), 1);
        -: 1171:#else
        -: 1172:#pragma GCC diagnostic push
        -: 1173:#pragma GCC diagnostic ignored "-Wc++17-extensions" // if constexpr
        -: 1174:	using __alloc_pointer = typename _Node_alloc_traits::pointer;
        -: 1175:	if constexpr (is_same<_Node_ptr, __alloc_pointer>::value)
        -: 1176:	  return _Node_alloc_traits::allocate(_M_get_Node_allocator(), 1);
        -: 1177:	else
        -: 1178:	  {
        -: 1179:	    auto __ptr =
        -: 1180:	      _Node_alloc_traits::allocate(_M_get_Node_allocator(), 1);
        -: 1181:	    return std::__to_address(__ptr);
        -: 1182:	  }
        -: 1183:#pragma GCC diagnostic pop
        -: 1184:#endif
        -: 1185:      }
------------------
_ZNSt8_Rb_treeINSt7__cxx1112basic_stringIcSt11char_traitsIcESaIcEEESt4pairIKS5_S5_ESt10_Select1stIS8_ESt4lessIS5_ESaIS8_EE11_M_get_nodeEv:
function _ZNSt8_Rb_treeINSt7__cxx1112basic_stringIcSt11char_traitsIcESaIcEEESt4pairIKS5_S5_ESt10_Select1stIS8_ESt4lessIS5_ESaIS8_EE11_M_get_nodeEv called 0 returned 0% blocks executed 0%
    #####: 1167:      _M_get_node()
        -: 1168:      {
        -: 1169:#if __cplusplus < 201102L || _GLIBCXX_USE_ALLOC_PTR_FOR_RB_TREE
    #####: 1170:	return _Node_alloc_traits::allocate(_M_get_Node_allocator(), 1);
    %%%%%: 1170-block 2
appel   0 jamais exécuté
    %%%%%: 1170-block 14
        -: 1171:#else
        -: 1172:#pragma GCC diagnostic push
        -: 1173:#pragma GCC diagnostic ignored "-Wc++17-extensions" // if constexpr
        -: 1174:	using __alloc_pointer = typename _Node_alloc_traits::pointer;
        -: 1175:	if constexpr (is_same<_Node_ptr, __alloc_pointer>::value)
        -: 1176:	  return _Node_alloc_traits::allocate(_M_get_Node_allocator(), 1);
        -: 1177:	else
        -: 1178:	  {
        -: 1179:	    auto __ptr =
        -: 1180:	      _Node_alloc_traits::allocate(_M_get_Node_allocator(), 1);
        -: 1181:	    return std::__to_address(__ptr);
        -: 1182:	  }
        -: 1183:#pragma GCC diagnostic pop
        -: 1184:#endif
        -: 1185:      }
------------------
_ZNSt8_Rb_treeINSt7__cxx1112basic_stringIcSt11char_traitsIcESaIcEEESt4pairIKS5_fESt10_Select1stIS8_ESt4lessIS5_ESaIS8_EE11_M_get_nodeEv:
function _ZNSt8_Rb_treeINSt7__cxx1112basic_stringIcSt11char_traitsIcESaIcEEESt4pairIKS5_fESt10_Select1stIS8_ESt4lessIS5_ESaIS8_EE11_M_get_nodeEv called 0 returned 0% blocks executed 0%
    #####: 1167:      _M_get_node()
        -: 1168:      {
        -: 1169:#if __cplusplus < 201102L || _GLIBCXX_USE_ALLOC_PTR_FOR_RB_TREE
    #####: 1170:	return _Node_alloc_traits::allocate(_M_get_Node_allocator(), 1);
    %%%%%: 1170-block 2
appel   0 jamais exécuté
    %%%%%: 1170-block 14
        -: 1171:#else
        -: 1172:#pragma GCC diagnostic push
        -: 1173:#pragma GCC diagnostic ignored "-Wc++17-extensions" // if constexpr
        -: 1174:	using __alloc_pointer = typename _Node_alloc_traits::pointer;
        -: 1175:	if constexpr (is_same<_Node_ptr, __alloc_pointer>::value)
        -: 1176:	  return _Node_alloc_traits::allocate(_M_get_Node_allocator(), 1);
        -: 1177:	else
        -: 1178:	  {
        -: 1179:	    auto __ptr =
        -: 1180:	      _Node_alloc_traits::allocate(_M_get_Node_allocator(), 1);
        -: 1181:	    return std::__to_address(__ptr);
        -: 1182:	  }
        -: 1183:#pragma GCC diagnostic pop
        -: 1184:#endif
        -: 1185:      }
------------------
        -: 1186:
        -: 1187:      void
    #####: 1188:      _M_put_node(_Node_ptr __p) _GLIBCXX_NOEXCEPT
        -: 1189:      {
        -: 1190:#if __cplusplus < 201102L || _GLIBCXX_USE_ALLOC_PTR_FOR_RB_TREE
    #####: 1191:	_Node_alloc_traits::deallocate(_M_get_Node_allocator(), __p, 1);
        -: 1192:#else
        -: 1193:#pragma GCC diagnostic push
        -: 1194:#pragma GCC diagnostic ignored "-Wc++17-extensions" // if constexpr
        -: 1195:	using __alloc_pointer = typename _Node_alloc_traits::pointer;
        -: 1196:	if constexpr (is_same<_Node_ptr, __alloc_pointer>::value)
        -: 1197:	  _Node_alloc_traits::deallocate(_M_get_Node_allocator(), __p, 1);
        -: 1198:	else
        -: 1199:	  {
        -: 1200:	    // When not using the allocator's pointer type internally we must
        -: 1201:	    // convert __p to __alloc_pointer so it can be deallocated.
        -: 1202:	    auto __ap = pointer_traits<__alloc_pointer>::pointer_to(*__p);
        -: 1203:	    _Node_alloc_traits::deallocate(_M_get_Node_allocator(), __ap, 1);
        -: 1204:	  }
        -: 1205:#pragma GCC diagnostic pop
        -: 1206:#endif
    #####: 1207:      }
------------------
_ZNSt8_Rb_treeINSt7__cxx1112basic_stringIcSt11char_traitsIcESaIcEEESt4pairIKS5_S5_ESt10_Select1stIS8_ESt4lessIS5_ESaIS8_EE11_M_put_nodeEPSt13_Rb_tree_nodeIS8_E:
function _ZNSt8_Rb_treeINSt7__cxx1112basic_stringIcSt11char_traitsIcESaIcEEESt4pairIKS5_S5_ESt10_Select1stIS8_ESt4lessIS5_ESaIS8_EE11_M_put_nodeEPSt13_Rb_tree_nodeIS8_E called 0 returned 0% blocks executed 0%
    #####: 1188:      _M_put_node(_Node_ptr __p) _GLIBCXX_NOEXCEPT
        -: 1189:      {
        -: 1190:#if __cplusplus < 201102L || _GLIBCXX_USE_ALLOC_PTR_FOR_RB_TREE
    #####: 1191:	_Node_alloc_traits::deallocate(_M_get_Node_allocator(), __p, 1);
    %%%%%: 1191-block 2
appel   0 jamais exécuté
        -: 1192:#else
        -: 1193:#pragma GCC diagnostic push
        -: 1194:#pragma GCC diagnostic ignored "-Wc++17-extensions" // if constexpr
        -: 1195:	using __alloc_pointer = typename _Node_alloc_traits::pointer;
        -: 1196:	if constexpr (is_same<_Node_ptr, __alloc_pointer>::value)
        -: 1197:	  _Node_alloc_traits::deallocate(_M_get_Node_allocator(), __p, 1);
        -: 1198:	else
        -: 1199:	  {
        -: 1200:	    // When not using the allocator's pointer type internally we must
        -: 1201:	    // convert __p to __alloc_pointer so it can be deallocated.
        -: 1202:	    auto __ap = pointer_traits<__alloc_pointer>::pointer_to(*__p);
        -: 1203:	    _Node_alloc_traits::deallocate(_M_get_Node_allocator(), __ap, 1);
        -: 1204:	  }
        -: 1205:#pragma GCC diagnostic pop
        -: 1206:#endif
    #####: 1207:      }
------------------
_ZNSt8_Rb_treeINSt7__cxx1112basic_stringIcSt11char_traitsIcESaIcEEESt4pairIKS5_fESt10_Select1stIS8_ESt4lessIS5_ESaIS8_EE11_M_put_nodeEPSt13_Rb_tree_nodeIS8_E:
function _ZNSt8_Rb_treeINSt7__cxx1112basic_stringIcSt11char_traitsIcESaIcEEESt4pairIKS5_fESt10_Select1stIS8_ESt4lessIS5_ESaIS8_EE11_M_put_nodeEPSt13_Rb_tree_nodeIS8_E called 0 returned 0% blocks executed 0%
    #####: 1188:      _M_put_node(_Node_ptr __p) _GLIBCXX_NOEXCEPT
        -: 1189:      {
        -: 1190:#if __cplusplus < 201102L || _GLIBCXX_USE_ALLOC_PTR_FOR_RB_TREE
    #####: 1191:	_Node_alloc_traits::deallocate(_M_get_Node_allocator(), __p, 1);
    %%%%%: 1191-block 2
appel   0 jamais exécuté
        -: 1192:#else
        -: 1193:#pragma GCC diagnostic push
        -: 1194:#pragma GCC diagnostic ignored "-Wc++17-extensions" // if constexpr
        -: 1195:	using __alloc_pointer = typename _Node_alloc_traits::pointer;
        -: 1196:	if constexpr (is_same<_Node_ptr, __alloc_pointer>::value)
        -: 1197:	  _Node_alloc_traits::deallocate(_M_get_Node_allocator(), __p, 1);
        -: 1198:	else
        -: 1199:	  {
        -: 1200:	    // When not using the allocator's pointer type internally we must
        -: 1201:	    // convert __p to __alloc_pointer so it can be deallocated.
        -: 1202:	    auto __ap = pointer_traits<__alloc_pointer>::pointer_to(*__p);
        -: 1203:	    _Node_alloc_traits::deallocate(_M_get_Node_allocator(), __ap, 1);
        -: 1204:	  }
        -: 1205:#pragma GCC diagnostic pop
        -: 1206:#endif
    #####: 1207:      }
------------------
        -: 1208:
        -: 1209:#if __cplusplus < 201103L
        -: 1210:      void
        -: 1211:      _M_construct_node(_Node_ptr __node, const value_type& __x)
        -: 1212:      {
        -: 1213:	__try
        -: 1214:	  { get_allocator().construct(__node->_M_valptr(), __x); }
        -: 1215:	__catch(...)
        -: 1216:	  {
        -: 1217:	    _M_put_node(__node);
        -: 1218:	    __throw_exception_again;
        -: 1219:	  }
        -: 1220:      }
        -: 1221:
        -: 1222:      _Node_ptr
        -: 1223:      _M_create_node(const value_type& __x)
        -: 1224:      {
        -: 1225:	_Node_ptr __tmp = _M_get_node();
        -: 1226:	_M_construct_node(__tmp, __x);
        -: 1227:	return __tmp;
        -: 1228:      }
        -: 1229:#else
        -: 1230:      template<typename... _Args>
        -: 1231:	void
    #####: 1232:	_M_construct_node(_Node_ptr __node, _Args&&... __args)
        -: 1233:	{
        -: 1234:	  __try
        -: 1235:	    {
    #####: 1236:	      ::new(std::addressof(*__node)) _Node;
    #####: 1237:	      _Node_alloc_traits::construct(_M_get_Node_allocator(),
        -: 1238:					    __node->_M_valptr(),
        -: 1239:					    std::forward<_Args>(__args)...);
        -: 1240:	    }
    =====: 1241:	  __catch(...)
        -: 1242:	    {
    =====: 1243:	      __node->~_Node();
    =====: 1244:	      _M_put_node(__node);
    =====: 1245:	      __throw_exception_again;
        -: 1246:	    }
    #####: 1247:	}
------------------
_ZNSt8_Rb_treeINSt7__cxx1112basic_stringIcSt11char_traitsIcESaIcEEESt4pairIKS5_S5_ESt10_Select1stIS8_ESt4lessIS5_ESaIS8_EE17_M_construct_nodeIJRKS8_EEEvPSt13_Rb_tree_nodeIS8_EDpOT_:
function _ZNSt8_Rb_treeINSt7__cxx1112basic_stringIcSt11char_traitsIcESaIcEEESt4pairIKS5_S5_ESt10_Select1stIS8_ESt4lessIS5_ESaIS8_EE17_M_construct_nodeIJRKS8_EEEvPSt13_Rb_tree_nodeIS8_EDpOT_ called 0 returned 0% blocks executed 0%
    #####: 1232:	_M_construct_node(_Node_ptr __node, _Args&&... __args)
    %%%%%: 1232-block 2
        -: 1233:	{
        -: 1234:	  __try
        -: 1235:	    {
    #####: 1236:	      ::new(std::addressof(*__node)) _Node;
    %%%%%: 1236-block 6
appel   0 jamais exécuté
branchement  1 jamais exécuté (fallthrough)
branchement  2 jamais exécuté
    %%%%%: 1236-block 8
appel   3 jamais exécuté
    #####: 1237:	      _Node_alloc_traits::construct(_M_get_Node_allocator(),
    %%%%%: 1237-block 11
appel   0 jamais exécuté
appel   1 jamais exécuté
        -: 1238:					    __node->_M_valptr(),
        -: 1239:					    std::forward<_Args>(__args)...);
        -: 1240:	    }
    =====: 1241:	  __catch(...)
    $$$$$: 1241-block 18
    $$$$$: 1241-block 19
appel   0 jamais exécuté
    $$$$$: 1241-block 22
appel   1 jamais exécuté
        -: 1242:	    {
    =====: 1243:	      __node->~_Node();
    =====: 1244:	      _M_put_node(__node);
appel   0 jamais exécuté
    =====: 1245:	      __throw_exception_again;
appel   0 jamais exécuté
        -: 1246:	    }
    #####: 1247:	}
    %%%%%: 1247-block 17
------------------
_ZNSt8_Rb_treeINSt7__cxx1112basic_stringIcSt11char_traitsIcESaIcEEESt4pairIKS5_fESt10_Select1stIS8_ESt4lessIS5_ESaIS8_EE17_M_construct_nodeIJRKS8_EEEvPSt13_Rb_tree_nodeIS8_EDpOT_:
function _ZNSt8_Rb_treeINSt7__cxx1112basic_stringIcSt11char_traitsIcESaIcEEESt4pairIKS5_fESt10_Select1stIS8_ESt4lessIS5_ESaIS8_EE17_M_construct_nodeIJRKS8_EEEvPSt13_Rb_tree_nodeIS8_EDpOT_ called 0 returned 0% blocks executed 0%
    #####: 1232:	_M_construct_node(_Node_ptr __node, _Args&&... __args)
    %%%%%: 1232-block 2
        -: 1233:	{
        -: 1234:	  __try
        -: 1235:	    {
    #####: 1236:	      ::new(std::addressof(*__node)) _Node;
    %%%%%: 1236-block 6
appel   0 jamais exécuté
branchement  1 jamais exécuté (fallthrough)
branchement  2 jamais exécuté
    %%%%%: 1236-block 8
appel   3 jamais exécuté
    #####: 1237:	      _Node_alloc_traits::construct(_M_get_Node_allocator(),
    %%%%%: 1237-block 11
appel   0 jamais exécuté
appel   1 jamais exécuté
        -: 1238:					    __node->_M_valptr(),
        -: 1239:					    std::forward<_Args>(__args)...);
        -: 1240:	    }
    =====: 1241:	  __catch(...)
    $$$$$: 1241-block 18
    $$$$$: 1241-block 19
appel   0 jamais exécuté
    $$$$$: 1241-block 22
appel   1 jamais exécuté
        -: 1242:	    {
    =====: 1243:	      __node->~_Node();
    =====: 1244:	      _M_put_node(__node);
appel   0 jamais exécuté
    =====: 1245:	      __throw_exception_again;
appel   0 jamais exécuté
        -: 1246:	    }
    #####: 1247:	}
    %%%%%: 1247-block 17
------------------
        -: 1248:
        -: 1249:      template<typename... _Args>
        -: 1250:	_Node_ptr
    #####: 1251:	_M_create_node(_Args&&... __args)
        -: 1252:	{
    #####: 1253:	  _Node_ptr __tmp = _M_get_node();
    #####: 1254:	  _M_construct_node(__tmp, std::forward<_Args>(__args)...);
    #####: 1255:	  return __tmp;
        -: 1256:	}
------------------
_ZNSt8_Rb_treeINSt7__cxx1112basic_stringIcSt11char_traitsIcESaIcEEESt4pairIKS5_S5_ESt10_Select1stIS8_ESt4lessIS5_ESaIS8_EE14_M_create_nodeIJRKS8_EEEPSt13_Rb_tree_nodeIS8_EDpOT_:
function _ZNSt8_Rb_treeINSt7__cxx1112basic_stringIcSt11char_traitsIcESaIcEEESt4pairIKS5_S5_ESt10_Select1stIS8_ESt4lessIS5_ESaIS8_EE14_M_create_nodeIJRKS8_EEEPSt13_Rb_tree_nodeIS8_EDpOT_ called 0 returned 0% blocks executed 0%
    #####: 1251:	_M_create_node(_Args&&... __args)
        -: 1252:	{
    #####: 1253:	  _Node_ptr __tmp = _M_get_node();
    %%%%%: 1253-block 2
appel   0 jamais exécuté
    #####: 1254:	  _M_construct_node(__tmp, std::forward<_Args>(__args)...);
    %%%%%: 1254-block 5
appel   0 jamais exécuté
    #####: 1255:	  return __tmp;
        -: 1256:	}
------------------
[...]
        -: 2828:    pair<typename _Rb_tree<_Key, _Val, _KeyOfValue,
        -: 2829:			   _Compare, _Alloc>::_Base_ptr,
        -: 2830:	 typename _Rb_tree<_Key, _Val, _KeyOfValue,
        -: 2831:			   _Compare, _Alloc>::_Base_ptr>
        -: 2832:    _Rb_tree<_Key, _Val, _KeyOfValue, _Compare, _Alloc>::
        -: 2833:    _M_get_insert_hint_unique_pos(const_iterator __position,
        -: 2834:				  const key_type& __k)
        -: 2835:    {
        -: 2836:      typedef pair<_Base_ptr, _Base_ptr> _Res;
        -: 2837:
        -: 2838:      // end()
        -: 2839:      if (__position._M_node == _M_end())
        -: 2840:	{
        -: 2841:	  if (size() > 0
        -: 2842:	      && _M_impl._M_key_compare(_S_key(_M_rightmost()), __k))
        -: 2843:	    return _Res(_Base_ptr(), _M_rightmost());
        -: 2844:	  else
        -: 2845:	    return _M_get_insert_unique_pos(__k);
        -: 2846:	}
        -: 2847:      else if (_M_impl._M_key_compare(__k, _S_key(__position._M_node)))
        -: 2848:	{
        -: 2849:	  // First, try before...
        -: 2850:	  iterator __before(__position._M_node);
        -: 2851:	  if (__position._M_node == _M_leftmost()) // begin()
        -: 2852:	    return _Res(_M_leftmost(), _M_leftmost());
        -: 2853:	  else if (_M_impl._M_key_compare(_S_key((--__before)._M_node), __k))
        -: 2854:	    {
        -: 2855:	      if (!_S_right(__before._M_node))
        -: 2856:		return _Res(_Base_ptr(), __before._M_node);
        -: 2857:	      else
        -: 2858:		return _Res(__position._M_node, __position._M_node);
        -: 2859:	    }
        -: 2860:	  else
        -: 2861:	    return _M_get_insert_unique_pos(__k);
        -: 2862:	}
        -: 2863:      else if (_M_impl._M_key_compare(_S_key(__position._M_node), __k))
        -: 2864:	{
        -: 2865:	  // ... then try after.
        -: 2866:	  iterator __after(__position._M_node);
        -: 2867:	  if (__position._M_node == _M_rightmost())
        -: 2868:	    return _Res(_Base_ptr(), _M_rightmost());
        -: 2869:	  else if (_M_impl._M_key_compare(__k, _S_key((++__after)._M_node)))
        -: 2870:	    {
        -: 2871:	      if (!_S_right(__position._M_node))
        -: 2872:		return _Res(_Base_ptr(), __position._M_node);
        -: 2873:	      else
        -: 2874:		return _Res(__after._M_node, __after._M_node);
        -: 2875:	    }
        -: 2876:	  else
        -: 2877:	    return _M_get_insert_unique_pos(__k);
        -: 2878:	}
        -: 2879:      else
        -: 2880:	// Equivalent keys.
        -: 2881:	return _Res(__position._M_node, _Base_ptr());
        -: 2882:    }
        -: 2883:
        -: 2884:  template<typename _Key, typename _Val, typename _KeyOfValue,
        -: 2885:	   typename _Compare, typename _Alloc>
        -: 2886:#if __cplusplus >= 201103L
        -: 2887:    template<typename _Arg, typename _NodeGen>
        -: 2888:#else
        -: 2889:    template<typename _NodeGen>
        -: 2890:#endif
        -: 2891:      typename _Rb_tree<_Key, _Val, _KeyOfValue, _Compare, _Alloc>::iterator
        -: 2892:      _Rb_tree<_Key, _Val, _KeyOfValue, _Compare, _Alloc>::
        -: 2893:      _M_insert_unique_(const_iterator __position,
        -: 2894:#if __cplusplus >= 201103L
        -: 2895:			_Arg&& __v,
        -: 2896:#else
        -: 2897:			const _Val& __v,
        -: 2898:#endif
        -: 2899:			_NodeGen& __node_gen)
        -: 2900:    {
        -: 2901:      pair<_Base_ptr, _Base_ptr> __res
        -: 2902:	= _M_get_insert_hint_unique_pos(__position, _KeyOfValue()(__v));
        -: 2903:
        -: 2904:      if (__res.second)
        -: 2905:	return _M_insert_(__res.first, __res.second,
        -: 2906:			  _GLIBCXX_FORWARD(_Arg, __v),
        -: 2907:			  __node_gen);
        -: 2908:      return iterator(__res.first);
        -: 2909:    }
        -: 2910:
        -: 2911:  template<typename _Key, typename _Val, typename _KeyOfValue,
        -: 2912:	   typename _Compare, typename _Alloc>
        -: 2913:    pair<typename _Rb_tree<_Key, _Val, _KeyOfValue,
        -: 2914:			   _Compare, _Alloc>::_Base_ptr,
        -: 2915:	 typename _Rb_tree<_Key, _Val, _KeyOfValue,
        -: 2916:			   _Compare, _Alloc>::_Base_ptr>
        -: 2917:    _Rb_tree<_Key, _Val, _KeyOfValue, _Compare, _Alloc>::
        -: 2918:    _M_get_insert_hint_equal_pos(const_iterator __position, const key_type& __k)
        -: 2919:    {
        -: 2920:      typedef pair<_Base_ptr, _Base_ptr> _Res;
        -: 2921:
        -: 2922:      // end()
        -: 2923:      if (__position._M_node == _M_end())
        -: 2924:	{
        -: 2925:	  if (size() > 0
        -: 2926:	      && !_M_impl._M_key_compare(__k, _S_key(_M_rightmost())))
        -: 2927:	    return _Res(_Base_ptr(), _M_rightmost());
        -: 2928:	  else
        -: 2929:	    return _M_get_insert_equal_pos(__k);
        -: 2930:	}
        -: 2931:      else if (!_M_impl._M_key_compare(_S_key(__position._M_node), __k))
        -: 2932:	{
        -: 2933:	  // First, try before...
        -: 2934:	  iterator __before(__position._M_node);
        -: 2935:	  if (__position._M_node == _M_leftmost()) // begin()
        -: 2936:	    return _Res(_M_leftmost(), _M_leftmost());
        -: 2937:	  else if (!_M_impl._M_key_compare(__k, _S_key((--__before)._M_node)))
        -: 2938:	    {
        -: 2939:	      if (!_S_right(__before._M_node))
        -: 2940:		return _Res(_Base_ptr(), __before._M_node);
        -: 2941:	      else
        -: 2942:		return _Res(__position._M_node, __position._M_node);
        -: 2943:	    }
        -: 2944:	  else
        -: 2945:	    return _M_get_insert_equal_pos(__k);
        -: 2946:	}
        -: 2947:      else
        -: 2948:	{
        -: 2949:	  // ... then try after.
        -: 2950:	  iterator __after(__position._M_node);
        -: 2951:	  if (__position._M_node == _M_rightmost())
        -: 2952:	    return _Res(_Base_ptr(), _M_rightmost());
        -: 2953:	  else if (!_M_impl._M_key_compare(_S_key((++__after)._M_node), __k))
        -: 2954:	    {
        -: 2955:	      if (!_S_right(__position._M_node))
        -: 2956:		return _Res(_Base_ptr(), __position._M_node);
        -: 2957:	      else
        -: 2958:		return _Res(__after._M_node, __after._M_node);
        -: 2959:	    }
        -: 2960:	  else
        -: 2961:	    return _Res(_Base_ptr(), _Base_ptr());
        -: 2962:	}
        -: 2963:    }
        -: 2964:
        -: 2965:  template<typename _Key, typename _Val, typename _KeyOfValue,
        -: 2966:	   typename _Compare, typename _Alloc>
        -: 2967:#if __cplusplus >= 201103L
        -: 2968:    template<typename _Arg, typename _NodeGen>
        -: 2969:#else
        -: 2970:    template<typename _NodeGen>
        -: 2971:#endif
        -: 2972:      typename _Rb_tree<_Key, _Val, _KeyOfValue, _Compare, _Alloc>::iterator
        -: 2973:      _Rb_tree<_Key, _Val, _KeyOfValue, _Compare, _Alloc>::
        -: 2974:      _M_insert_equal_(const_iterator __position,
        -: 2975:#if __cplusplus >= 201103L
        -: 2976:		       _Arg&& __v,
        -: 2977:#else
        -: 2978:		       const _Val& __v,
        -: 2979:#endif
        -: 2980:		       _NodeGen& __node_gen)
        -: 2981:      {
        -: 2982:	pair<_Base_ptr, _Base_ptr> __res
        -: 2983:	  = _M_get_insert_hint_equal_pos(__position, _KeyOfValue()(__v));
        -: 2984:
        -: 2985:	if (__res.second)
        -: 2986:	  return _M_insert_(__res.first, __res.second,
        -: 2987:			    _GLIBCXX_FORWARD(_Arg, __v),
        -: 2988:			    __node_gen);
        -: 2989:
        -: 2990:	return _M_insert_equal_lower(_GLIBCXX_FORWARD(_Arg, __v));
        -: 2991:      }
        -: 2992:
        -: 2993:#if __cplusplus >= 201103L
        -: 2994:  template<typename _Key, typename _Val, typename _KeyOfValue,
        -: 2995:	   typename _Compare, typename _Alloc>
        -: 2996:    auto
        -: 2997:    _Rb_tree<_Key, _Val, _KeyOfValue, _Compare, _Alloc>::
        -: 2998:    _M_insert_node(_Base_ptr __x, _Base_ptr __p, _Node_ptr __z)
        -: 2999:    -> iterator
        -: 3000:    {
        -: 3001:      bool __insert_left = (__x || __p == _M_end()
        -: 3002:			    || _M_impl._M_key_compare(_S_key(__z),
        -: 3003:						      _S_key(__p)));
        -: 3004:
        -: 3005:      _Base_ptr __base_z = __z->_M_base_ptr();
        -: 3006:      _Node_traits::_S_insert_and_rebalance
        -: 3007:	(__insert_left, __base_z, __p, this->_M_impl._M_header);
        -: 3008:      ++_M_impl._M_node_count;
        -: 3009:      return iterator(__base_z);
        -: 3010:    }
        -: 3011:
        -: 3012:  template<typename _Key, typename _Val, typename _KeyOfValue,
        -: 3013:	   typename _Compare, typename _Alloc>
        -: 3014:    auto
        -: 3015:    _Rb_tree<_Key, _Val, _KeyOfValue, _Compare, _Alloc>::
        -: 3016:    _M_insert_lower_node(_Base_ptr __p, _Node_ptr __z)
        -: 3017:    -> iterator
        -: 3018:    {
        -: 3019:      bool __insert_left = (__p == _M_end()
        -: 3020:			    || !_M_impl._M_key_compare(_S_key(__p),
        -: 3021:						       _S_key(__z)));
        -: 3022:
        -: 3023:      _Base_ptr __base_z = __z->_M_base_ptr();
        -: 3024:      _Node_traits::_S_insert_and_rebalance
        -: 3025:	(__insert_left, __base_z, __p, this->_M_impl._M_header);
        -: 3026:      ++_M_impl._M_node_count;
        -: 3027:      return iterator(__base_z);
        -: 3028:    }
        -: 3029:
        -: 3030:  template<typename _Key, typename _Val, typename _KeyOfValue,
        -: 3031:	   typename _Compare, typename _Alloc>
        -: 3032:    auto
        -: 3033:    _Rb_tree<_Key, _Val, _KeyOfValue, _Compare, _Alloc>::
        -: 3034:    _M_insert_equal_lower_node(_Node_ptr __z)
        -: 3035:    -> iterator
        -: 3036:    {
        -: 3037:      _Base_ptr __x = _M_begin();
        -: 3038:      _Base_ptr __y = _M_end();
        -: 3039:      while (__x)
        -: 3040:	{
        -: 3041:	  __y = __x;
        -: 3042:	  __x = !_M_impl._M_key_compare(_S_key(__x), _S_key(__z)) ?
        -: 3043:		_S_left(__x) : _S_right(__x);
        -: 3044:	}
        -: 3045:      return _M_insert_lower_node(__y, __z);
        -: 3046:    }
        -: 3047:
        -: 3048:  template<typename _Key, typename _Val, typename _KeyOfValue,
        -: 3049:	   typename _Compare, typename _Alloc>
        -: 3050:    template<typename... _Args>
        -: 3051:      auto
        -: 3052:      _Rb_tree<_Key, _Val, _KeyOfValue, _Compare, _Alloc>::
        -: 3053:      _M_emplace_unique(_Args&&... __args)
        -: 3054:      -> pair<iterator, bool>
        -: 3055:      {
        -: 3056:	_Auto_node __z(*this, std::forward<_Args>(__args)...);
        -: 3057:	auto __res = _M_get_insert_unique_pos(__z._M_key());
        -: 3058:	if (__res.second)
        -: 3059:	  return {__z._M_insert(__res), true};
        -: 3060:	return {iterator(__res.first), false};
        -: 3061:      }
        -: 3062:
        -: 3063:  template<typename _Key, typename _Val, typename _KeyOfValue,
        -: 3064:	   typename _Compare, typename _Alloc>
        -: 3065:    template<typename... _Args>
        -: 3066:      auto
        -: 3067:      _Rb_tree<_Key, _Val, _KeyOfValue, _Compare, _Alloc>::
        -: 3068:      _M_emplace_equal(_Args&&... __args)
        -: 3069:      -> iterator
        -: 3070:      {
        -: 3071:	_Auto_node __z(*this, std::forward<_Args>(__args)...);
        -: 3072:	auto __res = _M_get_insert_equal_pos(__z._M_key());
        -: 3073:	return __z._M_insert(__res);
        -: 3074:      }
        -: 3075:
        -: 3076:  template<typename _Key, typename _Val, typename _KeyOfValue,
        -: 3077:	   typename _Compare, typename _Alloc>
        -: 3078:    template<typename... _Args>
        -: 3079:      auto
        -: 3080:      _Rb_tree<_Key, _Val, _KeyOfValue, _Compare, _Alloc>::
        -: 3081:      _M_emplace_hint_unique(const_iterator __pos, _Args&&... __args)
        -: 3082:      -> iterator
        -: 3083:      {
        -: 3084:	_Auto_node __z(*this, std::forward<_Args>(__args)...);
        -: 3085:	auto __res = _M_get_insert_hint_unique_pos(__pos, __z._M_key());
        -: 3086:	if (__res.second)
        -: 3087:	  return __z._M_insert(__res);
        -: 3088:	return iterator(__res.first);
        -: 3089:      }
        -: 3090:
        -: 3091:  template<typename _Key, typename _Val, typename _KeyOfValue,
        -: 3092:	   typename _Compare, typename _Alloc>
        -: 3093:    template<typename... _Args>
        -: 3094:      auto
        -: 3095:      _Rb_tree<_Key, _Val, _KeyOfValue, _Compare, _Alloc>::
        -: 3096:      _M_emplace_hint_equal(const_iterator __pos, _Args&&... __args)
        -: 3097:      -> iterator
        -: 3098:      {
        -: 3099:	_Auto_node __z(*this, std::forward<_Args>(__args)...);
        -: 3100:	auto __res = _M_get_insert_hint_equal_pos(__pos, __z._M_key());
        -: 3101:	if (__res.second)
        -: 3102:	  return __z._M_insert(__res);
        -: 3103:	return __z._M_insert_equal_lower();
        -: 3104:      }
        -: 3105:#endif
        -: 3106:
        -: 3107:
        -: 3108:  template<typename _Key, typename _Val, typename _KeyOfValue,
        -: 3109:	   typename _Compare, typename _Alloc>
        -: 3110:    void
        -: 3111:    _Rb_tree<_Key, _Val, _KeyOfValue, _Compare, _Alloc>::
        -: 3112:    _M_erase_aux(const_iterator __position)
        -: 3113:    {
        -: 3114:      _Base_ptr __y = _Node_traits::_S_rebalance_for_erase
        -: 3115:	(__position._M_node, this->_M_impl._M_header);
        -: 3116:      _M_drop_node(static_cast<_Node&>(*__y)._M_node_ptr());
        -: 3117:      --_M_impl._M_node_count;
        -: 3118:    }
        -: 3119:
        -: 3120:  template<typename _Key, typename _Val, typename _KeyOfValue,
        -: 3121:	   typename _Compare, typename _Alloc>
        -: 3122:    void
        -: 3123:    _Rb_tree<_Key, _Val, _KeyOfValue, _Compare, _Alloc>::
        -: 3124:    _M_erase_aux(const_iterator __first, const_iterator __last)
        -: 3125:    {
        -: 3126:      if (__first == begin() && __last == end())
        -: 3127:	clear();
        -: 3128:      else
        -: 3129:	while (__first != __last)
        -: 3130:	  _M_erase_aux(__first++);
        -: 3131:    }
        -: 3132:
        -: 3133:  template<typename _Key, typename _Val, typename _KeyOfValue,
        -: 3134:	   typename _Compare, typename _Alloc>
        -: 3135:    typename _Rb_tree<_Key, _Val, _KeyOfValue, _Compare, _Alloc>::size_type
        -: 3136:    _Rb_tree<_Key, _Val, _KeyOfValue, _Compare, _Alloc>::
        -: 3137:    erase(const _Key& __x)
        -: 3138:    {
        -: 3139:      pair<iterator, iterator> __p = equal_range(__x);
        -: 3140:      const size_type __old_size = size();
        -: 3141:      _M_erase_aux(__p.first, __p.second);
        -: 3142:      return __old_size - size();
        -: 3143:    }
        -: 3144:
        -: 3145:  template<typename _Key, typename _Val, typename _KeyOfValue,
        -: 3146:	   typename _Compare, typename _Alloc>
        -: 3147:    typename _Rb_tree<_Key, _Val, _KeyOfValue,
        -: 3148:		      _Compare, _Alloc>::iterator
        -: 3149:    _Rb_tree<_Key, _Val, _KeyOfValue, _Compare, _Alloc>::
        -: 3150:    find(const _Key& __k)
        -: 3151:    {
        -: 3152:      iterator __j(_M_lower_bound(_M_begin(), _M_end(), __k));
        -: 3153:      return (__j == end()
        -: 3154:	      || _M_impl._M_key_compare(__k,
        -: 3155:					_S_key(__j._M_node))) ? end() : __j;
        -: 3156:    }
        -: 3157:
        -: 3158:  template<typename _Key, typename _Val, typename _KeyOfValue,
        -: 3159:	   typename _Compare, typename _Alloc>
        -: 3160:    typename _Rb_tree<_Key, _Val, _KeyOfValue,
        -: 3161:		      _Compare, _Alloc>::const_iterator
        -: 3162:    _Rb_tree<_Key, _Val, _KeyOfValue, _Compare, _Alloc>::
        -: 3163:    find(const _Key& __k) const
        -: 3164:    {
        -: 3165:      const_iterator __j(_M_lower_bound(_M_begin(), _M_end(), __k));
        -: 3166:      return (__j == end()
        -: 3167:	      || _M_impl._M_key_compare(__k,
        -: 3168:					_S_key(__j._M_node))) ? end() : __j;
        -: 3169:    }
        -: 3170:
        -: 3171:  template<typename _Key, typename _Val, typename _KeyOfValue,
        -: 3172:	   typename _Compare, typename _Alloc>
        -: 3173:    typename _Rb_tree<_Key, _Val, _KeyOfValue, _Compare, _Alloc>::size_type
        -: 3174:    _Rb_tree<_Key, _Val, _KeyOfValue, _Compare, _Alloc>::
        -: 3175:    count(const _Key& __k) const
        -: 3176:    {
        -: 3177:      pair<const_iterator, const_iterator> __p = equal_range(__k);
        -: 3178:      const size_type __n = std::distance(__p.first, __p.second);
        -: 3179:      return __n;
        -: 3180:    }
        -: 3181:
        -: 3182:  _GLIBCXX_PURE unsigned int
        -: 3183:  _Rb_tree_black_count(const _Rb_tree_node_base* __node,
        -: 3184:		       const _Rb_tree_node_base* __root) throw ();
        -: 3185:
        -: 3186:  template<typename _Key, typename _Val, typename _KeyOfValue,
        -: 3187:	   typename _Compare, typename _Alloc>
        -: 3188:    bool
        -: 3189:    _Rb_tree<_Key,_Val,_KeyOfValue,_Compare,_Alloc>::__rb_verify() const
        -: 3190:    {
        -: 3191:      if (_M_impl._M_node_count == 0 || begin() == end())
        -: 3192:	return _M_impl._M_node_count == 0 && begin() == end()
        -: 3193:	       && this->_M_impl._M_header._M_left == _M_end()
        -: 3194:	       && this->_M_impl._M_header._M_right == _M_end();
        -: 3195:
        -: 3196:      unsigned int __len = _Rb_tree_black_count(_M_leftmost(), _M_root());
        -: 3197:      for (const_iterator __it = begin(); __it != end(); ++__it)
        -: 3198:	{
        -: 3199:	  _Base_ptr __x = __it._M_node;
        -: 3200:	  _Base_ptr __L = _S_left(__x);
        -: 3201:	  _Base_ptr __R = _S_right(__x);
        -: 3202:
        -: 3203:	  if (__x->_M_color == _S_red)
        -: 3204:	    if ((__L && __L->_M_color == _S_red)
        -: 3205:		|| (__R && __R->_M_color == _S_red))
        -: 3206:	      return false;
        -: 3207:
        -: 3208:	  if (__L && _M_impl._M_key_compare(_S_key(__x), _S_key(__L)))
        -: 3209:	    return false;
        -: 3210:	  if (__R && _M_impl._M_key_compare(_S_key(__R), _S_key(__x)))
        -: 3211:	    return false;
        -: 3212:
        -: 3213:	  if (!__L && !__R && _Rb_tree_black_count(__x, _M_root()) != __len)
        -: 3214:	    return false;
        -: 3215:	}
        -: 3216:
        -: 3217:      if (_M_leftmost() != _Node_base::_S_minimum(_M_root()))
        -: 3218:	return false;
        -: 3219:      if (_M_rightmost() != _Node_base::_S_maximum(_M_root()))
        -: 3220:	return false;
        -: 3221:      return true;
        -: 3222:    }
        -: 3223:
        -: 3224:#ifdef __glibcxx_node_extract // >= C++17
        -: 3225:  // Allow access to internals of compatible _Rb_tree specializations.
        -: 3226:  template<typename _Key, typename _Val, typename _Sel, typename _Cmp1,
        -: 3227:	   typename _Alloc, typename _Cmp2>
        -: 3228:    struct _Rb_tree_merge_helper<_Rb_tree<_Key, _Val, _Sel, _Cmp1, _Alloc>,
        -: 3229:				 _Cmp2>
        -: 3230:    {
        -: 3231:    private:
        -: 3232:      friend class _Rb_tree<_Key, _Val, _Sel, _Cmp1, _Alloc>;
        -: 3233:
        -: 3234:      static auto&
        -: 3235:      _S_get_impl(_Rb_tree<_Key, _Val, _Sel, _Cmp2, _Alloc>& __tree)
        -: 3236:      { return __tree._M_impl; }
        -: 3237:    };
        -: 3238:#endif // C++17
        -: 3239:
        -: 3240:_GLIBCXX_END_NAMESPACE_VERSION
        -: 3241:} // namespace
        -: 3242:
        -: 3243:#endif
