        -:    0:Source:/home/nnoah/_WORKS/SCHooL_/RAYTRACER_/src/interfaces/ILight.hpp
        -:    0:Graph:/home/nnoah/_WORKS/SCHooL_/RAYTRACER_/cmake-build-debug-coverage/CMakeFiles/raytracer.dir/src/base/lights/DirectionalLight.cpp.gcno
        -:    0:Data:/home/nnoah/_WORKS/SCHooL_/RAYTRACER_/cmake-build-debug-coverage/CMakeFiles/raytracer.dir/src/base/lights/DirectionalLight.cpp.gcda
        -:    0:Runs:1
        -:    1:/*
        -:    2:**  _                                              _      ___    ___  
        -:    3:** | |                                            | |    |__ \  / _ \
        -:    4:** | |_Created _       _ __   _ __    ___    __ _ | |__     ) || (_) |
        -:    5:** | '_ \ | | | |     | '_ \ | '_ \  / _ \  / _` || '_ \   / /  \__, |
        -:    6:** | |_) || |_| |     | | | || | | || (_) || (_| || | | | / /_    / / 
        -:    7:** |_.__/  \__, |     |_| |_||_| |_| \___/  \__,_||_| |_||____|  /_/ 
        -:    8:**          __/ |     on 25/04/25.                                          
        -:    9:**         |___/ 
        -:   10:*/
        -:   11:
        -:   12:#ifndef ILIGHT_HPP
        -:   13:#define ILIGHT_HPP
        -:   14:
        -:   15:#include "my.hpp"
        -:   16:#include "IPrimitive.hpp"
        -:   17:
        -:   18:
        -:   19:class ILight {
        -:   20:    public:
    #####:   21:    virtual ~ILight() = default;
------------------
_ZN6ILightD0Ev:
function _ZN6ILightD0Ev called 0 returned 0% blocks executed 0%
    #####:   21:    virtual ~ILight() = default;
    %%%%%:   21-block 2
appel   0 jamais exécuté
appel   1 jamais exécuté
------------------
_ZN6ILightD2Ev:
function _ZN6ILightD2Ev called 0 returned 0% blocks executed 0%
    #####:   21:    virtual ~ILight() = default;
------------------
        -:   22:
        -:   23:    virtual Vecteur getDirectionFrom(const Point& point) const = 0;
        -:   24:    virtual Color getIntensityAt(const PointOfImpact& point) const = 0;
        -:   25:};
        -:   26:
        -:   27:
        -:   28:
        -:   29:#endif //ILIGHT_HPP
