        -:    0:Source:/home/nnoah/_WORKS/SCHooL_/RAYTRACER_/includes/Ray.hpp
        -:    0:Graph:/home/nnoah/_WORKS/SCHooL_/RAYTRACER_/cmake-build-debug-coverage/CMakeFiles/raytracer.dir/src/Factory.cpp.gcno
        -:    0:Data:/home/nnoah/_WORKS/SCHooL_/RAYTRACER_/cmake-build-debug-coverage/CMakeFiles/raytracer.dir/src/Factory.cpp.gcda
        -:    0:Runs:1
        -:    1:/*
        -:    2:**  _                                              _      ___    ___  
        -:    3:** | |                                            | |    |__ \  / _ \
        -:    4:** | |_Created _       _ __   _ __    ___    __ _ | |__     ) || (_) |
        -:    5:** | '_ \ | | | |     | '_ \ | '_ \  / _ \  / _` || '_ \   / /  \__, |
        -:    6:** | |_) || |_| |     | | | || | | || (_) || (_| || | | | / /_    / / 
        -:    7:** |_.__/  \__, |     |_| |_||_| |_| \___/  \__,_||_| |_||____|  /_/ 
        -:    8:**          __/ |     on 25/04/25.                                          
        -:    9:**         |___/ 
        -:   10:*/
        -:   11:
        -:   12:#ifndef RAY_HPP
        -:   13:#define RAY_HPP
        -:   14:#include "Vecteur.hpp"
        -:   15:
        -:   16:
        -:   17:class Ray {
        -:   18:private:
        -:   19:    Point _origin;
        -:   20:    Vecteur _direction;
        -:   21:public:
        -:   22:    Ray(const Vecteur& origin, const Vecteur& direction) : _origin(origin), _direction(direction.normalized()) {}
        -:   23:    Ray() : _origin(Point(0,0,0)), _direction(Vecteur(1,0,0)) {}
        -:   24:
        -:   25:
function _ZNK3Ray6originEv called 32435086 returned 100% blocks executed 100%
 32435086:   26:    const Point& origin() const { return _origin; }
 32435086:   26-block 2
function _ZNK3Ray9directionEv called 63119491 returned 100% blocks executed 100%
 63119491:   27:    const Vecteur& direction() const { return _direction; }
 63119491:   27-block 2
        -:   28:
function _ZNK3Ray2atEf called 2539289 returned 100% blocks executed 100%
  2539289:   29:    Point at(float t) const {
  2539289:   30:        return _origin + _direction * t;
  2539289:   30-block 2
appel   0 a retourné 2539289
appel   1 a retourné 2539289
        -:   31:    }
        -:   32:};
        -:   33:
        -:   34:
        -:   35:#endif //RAY_HPP
