        -:    0:Source:/home/nnoah/_WORKS/SCHooL_/RAYTRACER_/src/base/lights/PointLight.hpp
        -:    0:Graph:/home/nnoah/_WORKS/SCHooL_/RAYTRACER_/cmake-build-debug-coverage/CMakeFiles/raytracer.dir/src/Factory.cpp.gcno
        -:    0:Data:/home/nnoah/_WORKS/SCHooL_/RAYTRACER_/cmake-build-debug-coverage/CMakeFiles/raytracer.dir/src/Factory.cpp.gcda
        -:    0:Runs:1
        -:    1:/*
        -:    2:**  _                                              _      ___    ___  
        -:    3:** | |                                            | |    |__ \  / _ \
        -:    4:** | |_Created _       _ __   _ __    ___    __ _ | |__     ) || (_) |
        -:    5:** | '_ \ | | | |     | '_ \ | '_ \  / _ \  / _` || '_ \   / /  \__, |
        -:    6:** | |_) || |_| |     | | | || | | || (_) || (_| || | | | / /_    / / 
        -:    7:** |_.__/  \__, |     |_| |_||_| |_| \___/  \__,_||_| |_||____|  /_/ 
        -:    8:**          __/ |     on 14/05/25.                                          
        -:    9:**         |___/ 
        -:   10:*/
        -:   11:
        -:   12:#ifndef POINTLIGHT_HPP
        -:   13:#define POINTLIGHT_HPP
        -:   14:#include "ALight.hpp"
        -:   15:
        -:   16:
        -:   17:class PointLight final : public ALight{
        -:   18:public:
function _ZN10PointLightC2ER9dataLightRKNSt7__cxx1112basic_stringIcSt11char_traitsIcESaIcEEE called 1 returned 100% blocks executed 100%
        1:   19:    PointLight(dataLight& data, const std::string& name) : ALight(data, name) {}
        1:   19-block 2
appel   0 a retourné 1
        -:   20:
        -:   21:    Vecteur getDirectionFrom(const Point& point) const override;
        -:   22:    Color getIntensityAt(const PointOfImpact& point) const override;
        -:   23:};
        -:   24:
        -:   25:
        -:   26:
        -:   27:#endif //POINTLIGHT_HPP
