        -:    0:Source:/home/nnoah/_WORKS/SCHooL_/RAYTRACER_/src/Factory.cpp
        -:    0:Graph:/home/nnoah/_WORKS/SCHooL_/RAYTRACER_/cmake-build-debug-coverage/CMakeFiles/raytracer.dir/src/Factory.cpp.gcno
        -:    0:Data:/home/nnoah/_WORKS/SCHooL_/RAYTRACER_/cmake-build-debug-coverage/CMakeFiles/raytracer.dir/src/Factory.cpp.gcda
        -:    0:Runs:1
        -:    1:/*
        -:    2:**  _                                              _      ___    ___  
        -:    3:** | |                                            | |    |__ \  / _ \
        -:    4:** | |_Created _       _ __   _ __    ___    __ _ | |__     ) || (_) |
        -:    5:** | '_ \ | | | |     | '_ \ | '_ \  / _ \  / _` || '_ \   / /  \__, |
        -:    6:** | |_) || |_| |     | | | || | | || (_) || (_| || | | | / /_    / / 
        -:    7:** |_.__/  \__, |     |_| |_||_| |_| \___/  \__,_||_| |_||____|  /_/ 
        -:    8:**          __/ |     on 29/04/25.                                          
        -:    9:**         |___/ 
        -:   10:*/
        -:   11:
        -:   12:#include "Factory.hpp"
        -:   13:
        -:   14:#include <ranges>
        -:   15:
        -:   16:#include "Cone.hpp"
        -:   17:#include "Sphere.hpp"
        -:   18:#include "Plane.hpp"
        -:   19:#include "base/lights/DirectionalLight.hpp"
        -:   20:#include "base/lights/PointLight.hpp"
        -:   21:
function _ZN7FactoryC2Ev called 1 returned 100% blocks executed 45%
        1:   22:Factory::Factory()
        1:   22-block 2
appel   0 a retourné 1
appel   1 a retourné 1
        -:   23:{
function _ZZN7FactoryC4EvENKUl13dataPrimitiveRKNSt7__cxx1112basic_stringIcSt11char_traitsIcESaIcEEEE_clES0_S8_ called 5 returned 100% blocks executed 100%
        3:   24:    registerPrimitive("spheres", [](dataPrimitive data, const std::string& name) -> std::shared_ptr<IPrimitive> {
appel   0 a retourné 1
        1:   24-block 7
appel   1 a retourné 1
branchement  2 pris 1 (fallthrough)
branchement  3 pris 0 (throw)
        1:   24-block 8
appel   4 a retourné 1
branchement  5 pris 1 (fallthrough)
branchement  6 pris 0 (throw)
        1:   24-block 9
appel   7 a retourné 1
        1:   24-block 11
appel   8 a retourné 1
    $$$$$:   24-block 45
appel   9 jamais exécuté
    $$$$$:   24-block 49
    $$$$$:   24-block 50
    $$$$$:   24-block 51
appel  10 jamais exécuté
    $$$$$:   24-block 53
    $$$$$:   24-block 54
        5:   25:        return std::make_shared<Sphere>(data, name);
        5:   25-block 2
appel   0 a retourné 5
branchement  1 pris 5 (fallthrough)
branchement  2 pris 0 (throw)
        5:   25-block 3
appel   3 a retourné 5
appel   4 a retourné 5
        5:   25-block 6
        -:   26:    });
function _ZZN7FactoryC4EvENKUl13dataPrimitiveRKNSt7__cxx1112basic_stringIcSt11char_traitsIcESaIcEEEE0_clES0_S8_ called 1 returned 100% blocks executed 100%
        3:   27:    registerPrimitive("planes", [](dataPrimitive data, const std::string& name) -> std::shared_ptr<IPrimitive> {
appel   0 a retourné 1
        1:   27-block 15
appel   1 a retourné 1
branchement  2 pris 1 (fallthrough)
branchement  3 pris 0 (throw)
        1:   27-block 16
appel   4 a retourné 1
branchement  5 pris 1 (fallthrough)
branchement  6 pris 0 (throw)
        1:   27-block 17
appel   7 a retourné 1
        1:   27-block 19
appel   8 a retourné 1
    $$$$$:   27-block 55
appel   9 jamais exécuté
    $$$$$:   27-block 59
    $$$$$:   27-block 60
    $$$$$:   27-block 61
appel  10 jamais exécuté
    $$$$$:   27-block 63
    $$$$$:   27-block 64
        1:   28:        return std::make_shared<Plane>(data, name);
        1:   28-block 2
appel   0 a retourné 1
branchement  1 pris 1 (fallthrough)
branchement  2 pris 0 (throw)
        1:   28-block 3
appel   3 a retourné 1
appel   4 a retourné 1
        1:   28-block 6
        -:   29:    });
function _ZZN7FactoryC4EvENKUl13dataPrimitiveRKNSt7__cxx1112basic_stringIcSt11char_traitsIcESaIcEEEE1_clES0_S8_ called 0 returned 0% blocks executed 0%
       3*:   30:    registerPrimitive("cones", [](dataPrimitive data, const std::string& name) -> std::shared_ptr<IPrimitive> {
appel   0 a retourné 1
        1:   30-block 23
appel   1 a retourné 1
branchement  2 pris 1 (fallthrough)
branchement  3 pris 0 (throw)
        1:   30-block 24
appel   4 a retourné 1
branchement  5 pris 1 (fallthrough)
branchement  6 pris 0 (throw)
        1:   30-block 25
appel   7 a retourné 1
        1:   30-block 27
appel   8 a retourné 1
    $$$$$:   30-block 65
appel   9 jamais exécuté
    $$$$$:   30-block 69
    $$$$$:   30-block 70
    $$$$$:   30-block 71
appel  10 jamais exécuté
    $$$$$:   30-block 73
    $$$$$:   30-block 74
    #####:   31:        return std::make_shared<Cone>(data, name);
    %%%%%:   31-block 2
appel   0 jamais exécuté
branchement  1 jamais exécuté (fallthrough)
branchement  2 jamais exécuté (throw)
    %%%%%:   31-block 3
appel   3 jamais exécuté
appel   4 jamais exécuté
    %%%%%:   31-block 6
        -:   32:    });
function _ZZN7FactoryC4EvENKUl9dataLightRKNSt7__cxx1112basic_stringIcSt11char_traitsIcESaIcEEEE_clES0_S8_ called 1 returned 100% blocks executed 100%
        3:   33:    registerLight("point", [](dataLight data, const std::string& name) -> std::shared_ptr<ILight> {
appel   0 a retourné 1
        1:   33-block 31
appel   1 a retourné 1
branchement  2 pris 1 (fallthrough)
branchement  3 pris 0 (throw)
        1:   33-block 32
appel   4 a retourné 1
branchement  5 pris 1 (fallthrough)
branchement  6 pris 0 (throw)
        1:   33-block 33
appel   7 a retourné 1
        1:   33-block 35
appel   8 a retourné 1
    $$$$$:   33-block 75
appel   9 jamais exécuté
    $$$$$:   33-block 79
    $$$$$:   33-block 80
    $$$$$:   33-block 81
appel  10 jamais exécuté
    $$$$$:   33-block 83
    $$$$$:   33-block 84
        1:   34:        return std::make_shared<PointLight>(data, name);
        1:   34-block 2
appel   0 a retourné 1
branchement  1 pris 1 (fallthrough)
branchement  2 pris 0 (throw)
        1:   34-block 3
appel   3 a retourné 1
appel   4 a retourné 1
        1:   34-block 6
        -:   35:    });
function _ZZN7FactoryC4EvENKUl9dataLightRKNSt7__cxx1112basic_stringIcSt11char_traitsIcESaIcEEEE0_clES0_S8_ called 0 returned 0% blocks executed 0%
       3*:   36:    registerLight("directional", [](dataLight data, const std::string& name) -> std::shared_ptr<ILight>{
appel   0 a retourné 1
        1:   36-block 39
appel   1 a retourné 1
branchement  2 pris 1 (fallthrough)
branchement  3 pris 0 (throw)
        1:   36-block 40
appel   4 a retourné 1
branchement  5 pris 1 (fallthrough)
branchement  6 pris 0 (throw)
        1:   36-block 41
appel   7 a retourné 1
        1:   36-block 43
appel   8 a retourné 1
    $$$$$:   36-block 85
appel   9 jamais exécuté
    $$$$$:   36-block 89
    $$$$$:   36-block 90
    $$$$$:   36-block 91
appel  10 jamais exécuté
    $$$$$:   36-block 93
    $$$$$:   36-block 94
    #####:   37:        return std::make_shared<DirectionalLight>(data, name);
    %%%%%:   37-block 2
appel   0 jamais exécuté
branchement  1 jamais exécuté (fallthrough)
branchement  2 jamais exécuté (throw)
    %%%%%:   37-block 3
appel   3 jamais exécuté
appel   4 jamais exécuté
    %%%%%:   37-block 6
        -:   38:    });
        1:   39:}
    $$$$$:   39-block 95
appel   0 jamais exécuté
    $$$$$:   39-block 97
appel   1 jamais exécuté
        -:   40:
        -:   41:
function _ZN7Factory17registerPrimitiveERKNSt7__cxx1112basic_stringIcSt11char_traitsIcESaIcEEERKSt8functionIFSt10shared_ptrI10IPrimitiveE13dataPrimitiveS7_EE called 3 returned 100% blocks executed 100%
        3:   42:void Factory::registerPrimitive(const std::string& name, const Primitives_func& func) {
        3:   43:        primitivesCreator[name] = func;
        3:   43-block 2
appel   0 a retourné 3
appel   1 a retourné 3
        3:   44:}
        -:   45:
function _ZN7Factory19unregisterPrimitiveEv called 0 returned 0% blocks executed 0%
    #####:   46:void Factory::unregisterPrimitive() {
    #####:   47:    primitivesCreator.clear();
    %%%%%:   47-block 2
appel   0 jamais exécuté
    #####:   48:}
        -:   49:
function _ZN7FactoryD2Ev called 0 returned 0% blocks executed 0%
    #####:   50:Factory::~Factory() {
    #####:   51:    unregisterPrimitive();
    %%%%%:   51-block 2
appel   0 jamais exécuté
    #####:   52:}
appel   0 jamais exécuté
appel   1 jamais exécuté
        -:   53:
function _ZN7Factory13registerLightERKNSt7__cxx1112basic_stringIcSt11char_traitsIcESaIcEEERKSt8functionIFSt10shared_ptrI6ILightE9dataLightS7_EE called 2 returned 100% blocks executed 100%
        2:   54:void Factory::registerLight(const std::string& name, const Lights_func& func) {
        2:   55:    lightsCreator[name] = func;
        2:   55-block 2
appel   0 a retourné 2
appel   1 a retourné 2
        2:   56:}
        -:   57:
function _ZN7Factory9PrimitiveERKNSt7__cxx1112basic_stringIcSt11char_traitsIcESaIcEEER13dataPrimitive called 6 returned 100% blocks executed 37%
        6:   58:std::shared_ptr<IPrimitive> Factory::Primitive(const std::string& name, dataPrimitive& data) {
        6:   59:    if (!primitivesCreator.contains(name)) {
        6:   59-block 2
appel   0 a retourné 6
branchement  1 pris 0 (fallthrough)
branchement  2 pris 6
    #####:   60:        throw std::runtime_error("Primitive '" + name + "' does not exist");
    %%%%%:   60-block 4
appel   0 jamais exécuté
appel   1 jamais exécuté
branchement  2 jamais exécuté (fallthrough)
branchement  3 jamais exécuté (throw)
    %%%%%:   60-block 6
appel   4 jamais exécuté
branchement  5 jamais exécuté (fallthrough)
branchement  6 jamais exécuté (throw)
    %%%%%:   60-block 7
appel   7 jamais exécuté
branchement  8 jamais exécuté (fallthrough)
branchement  9 jamais exécuté (throw)
    %%%%%:   60-block 8
appel  10 jamais exécuté
appel  11 jamais exécuté
appel  12 jamais exécuté
    $$$$$:   60-block 18
appel  13 jamais exécuté
    $$$$$:   60-block 20
appel  14 jamais exécuté
    $$$$$:   60-block 22
    $$$$$:   60-block 23
    $$$$$:   60-block 24
appel  15 jamais exécuté
        -:   61:    }
        6:   62:    return primitivesCreator[name](data, name);
        6:   62-block 11
appel   0 a retourné 6
appel   1 a retourné 6
branchement  2 pris 6 (fallthrough)
branchement  3 pris 0 (throw)
        6:   62-block 13
appel   4 a retourné 6
branchement  5 pris 6 (fallthrough)
branchement  6 pris 0 (throw)
        6:   62-block 14
        6:   62-block 15
appel   7 a retourné 6
        6:   62-block 17
    $$$$$:   62-block 26
appel   8 jamais exécuté
        -:   63:}
        -:   64:
function _ZN7Factory5LightERKNSt7__cxx1112basic_stringIcSt11char_traitsIcESaIcEEER9dataLight called 1 returned 100% blocks executed 37%
        1:   65:std::shared_ptr<ILight> Factory::Light(const std::string& name, dataLight& data) {
        1:   66:    if (!lightsCreator.contains(name)) {
        1:   66-block 2
appel   0 a retourné 1
branchement  1 pris 0 (fallthrough)
branchement  2 pris 1
    #####:   67:        throw std::runtime_error("Light '" + name + "' does not exist");
    %%%%%:   67-block 4
appel   0 jamais exécuté
appel   1 jamais exécuté
branchement  2 jamais exécuté (fallthrough)
branchement  3 jamais exécuté (throw)
    %%%%%:   67-block 6
appel   4 jamais exécuté
branchement  5 jamais exécuté (fallthrough)
branchement  6 jamais exécuté (throw)
    %%%%%:   67-block 7
appel   7 jamais exécuté
branchement  8 jamais exécuté (fallthrough)
branchement  9 jamais exécuté (throw)
    %%%%%:   67-block 8
appel  10 jamais exécuté
appel  11 jamais exécuté
appel  12 jamais exécuté
    $$$$$:   67-block 18
appel  13 jamais exécuté
    $$$$$:   67-block 20
appel  14 jamais exécuté
    $$$$$:   67-block 22
    $$$$$:   67-block 23
    $$$$$:   67-block 24
appel  15 jamais exécuté
        -:   68:    }
        1:   69:    return lightsCreator[name](data, name);
        1:   69-block 11
appel   0 a retourné 1
appel   1 a retourné 1
branchement  2 pris 1 (fallthrough)
branchement  3 pris 0 (throw)
        1:   69-block 13
appel   4 a retourné 1
branchement  5 pris 1 (fallthrough)
branchement  6 pris 0 (throw)
        1:   69-block 14
        1:   69-block 15
appel   7 a retourné 1
        1:   69-block 17
    $$$$$:   69-block 26
appel   8 jamais exécuté
        -:   70:}
