        -:    0:Source:/usr/include/c++/15.1.1/bits/std_function.h
        -:    0:Graph:/home/nnoah/_WORKS/SCHooL_/RAYTRACER_/cmake-build-debug-coverage/CMakeFiles/raytracer.dir/src/Factory.cpp.gcno
        -:    0:Data:/home/nnoah/_WORKS/SCHooL_/RAYTRACER_/cmake-build-debug-coverage/CMakeFiles/raytracer.dir/src/Factory.cpp.gcda
        -:    0:Runs:1
        -:    1:// Implementation of std::function -*- C++ -*-
        -:    2:
        -:    3:// Copyright (C) 2004-2025 Free Software Foundation, Inc.
        -:    4://
        -:    5:// This file is part of the GNU ISO C++ Library.  This library is free
        -:    6:// software; you can redistribute it and/or modify it under the
        -:    7:// terms of the GNU General Public License as published by the
        -:    8:// Free Software Foundation; either version 3, or (at your option)
        -:    9:// any later version.
        -:   10:
        -:   11:// This library is distributed in the hope that it will be useful,
        -:   12:// but WITHOUT ANY WARRANTY; without even the implied warranty of
        -:   13:// MERCHANTABILITY or FITNESS FOR A PARTICULAR PURPOSE.  See the
        -:   14:// GNU General Public License for more details.
        -:   15:
        -:   16:// Under Section 7 of GPL version 3, you are granted additional
        -:   17:// permissions described in the GCC Runtime Library Exception, version
        -:   18:// 3.1, as published by the Free Software Foundation.
        -:   19:
        -:   20:// You should have received a copy of the GNU General Public License and
        -:   21:// a copy of the GCC Runtime Library Exception along with this program;
        -:   22:// see the files COPYING3 and COPYING.RUNTIME respectively.  If not, see
        -:   23:// <http://www.gnu.org/licenses/>.
        -:   24:
        -:   25:/** @file include/bits/std_function.h
        -:   26: *  This is an internal header file, included by other library headers.
        -:   27: *  Do not attempt to use it directly. @headername{functional}
        -:   28: */
        -:   29:
        -:   30:#ifndef _GLIBCXX_STD_FUNCTION_H
        -:   31:#define _GLIBCXX_STD_FUNCTION_H 1
        -:   32:
        -:   33:#ifdef _GLIBCXX_SYSHDR
        -:   34:#pragma GCC system_header
        -:   35:#endif
        -:   36:
        -:   37:#if __cplusplus < 201103L
        -:   38:# include <bits/c++0x_warning.h>
        -:   39:#else
        -:   40:
        -:   41:#include <new>                // placement new
        -:   42:#include <typeinfo>           // typeid
        -:   43:#include <bits/invoke.h>      // __invoke_r
        -:   44:#include <bits/refwrap.h>     // ref wrapper, _Maybe_unary_or_binary_function
        -:   45:#include <bits/functexcept.h> // __throw_bad_function_call
        -:   46:
        -:   47:namespace std _GLIBCXX_VISIBILITY(default)
        -:   48:{
        -:   49:_GLIBCXX_BEGIN_NAMESPACE_VERSION
        -:   50:
        -:   51:  /**
        -:   52:   *  @brief Exception class thrown when class template function's
        -:   53:   *  operator() is called with an empty target.
        -:   54:   *  @ingroup exceptions
        -:   55:   */
        -:   56:  class bad_function_call : public std::exception
        -:   57:  {
        -:   58:  public:
        -:   59:    virtual ~bad_function_call() noexcept;
        -:   60:
        -:   61:    const char* what() const noexcept;
        -:   62:  };
        -:   63:
        -:   64:  /**
        -:   65:   *  Trait identifying "location-invariant" types, meaning that the
        -:   66:   *  address of the object (or any of its members) will not escape.
        -:   67:   *  Trivially copyable types are location-invariant and users can
        -:   68:   *  specialize this trait for other types.
        -:   69:   */
        -:   70:  template<typename _Tp>
        -:   71:    struct __is_location_invariant
        -:   72:    : is_trivially_copyable<_Tp>::type
        -:   73:    { };
        -:   74:
        -:   75:  class _Undefined_class;
        -:   76:
        -:   77:  union _Nocopy_types
        -:   78:  {
        -:   79:    void*       _M_object;
        -:   80:    const void* _M_const_object;
        -:   81:    void (*_M_function_pointer)();
        -:   82:    void (_Undefined_class::*_M_member_pointer)();
        -:   83:  };
        -:   84:
        -:   85:  union [[gnu::may_alias]] _Any_data
        -:   86:  {
function _ZNSt9_Any_data9_M_accessEv called 20 returned 100% blocks executed 100%
       20:   87:    void*       _M_access()       noexcept { return &_M_pod_data[0]; }
       20:   87-block 2
function _ZNKSt9_Any_data9_M_accessEv called 17 returned 100% blocks executed 100%
       17:   88:    const void* _M_access() const noexcept { return &_M_pod_data[0]; }
       17:   88-block 2
        -:   89:
        -:   90:    template<typename _Tp>
        -:   91:      _Tp&
       5*:   92:      _M_access() noexcept
       5*:   93:      { return *static_cast<_Tp*>(_M_access()); }
------------------
_ZNSt9_Any_data9_M_accessIZN7FactoryC4EvEUl9dataLightRKNSt7__cxx1112basic_stringIcSt11char_traitsIcESaIcEEEE0_EERT_v:
function _ZNSt9_Any_data9_M_accessIZN7FactoryC4EvEUl9dataLightRKNSt7__cxx1112basic_stringIcSt11char_traitsIcESaIcEEEE0_EERT_v called 1 returned 100% blocks executed 100%
        1:   92:      _M_access() noexcept
        1:   93:      { return *static_cast<_Tp*>(_M_access()); }
        1:   93-block 2
appel   0 a retourné 1
------------------
_ZNSt9_Any_data9_M_accessIZN7FactoryC4EvEUl9dataLightRKNSt7__cxx1112basic_stringIcSt11char_traitsIcESaIcEEEE_EERT_v:
function _ZNSt9_Any_data9_M_accessIZN7FactoryC4EvEUl9dataLightRKNSt7__cxx1112basic_stringIcSt11char_traitsIcESaIcEEEE_EERT_v called 1 returned 100% blocks executed 100%
        1:   92:      _M_access() noexcept
        1:   93:      { return *static_cast<_Tp*>(_M_access()); }
        1:   93-block 2
appel   0 a retourné 1
------------------
_ZNSt9_Any_data9_M_accessIZN7FactoryC4EvEUl13dataPrimitiveRKNSt7__cxx1112basic_stringIcSt11char_traitsIcESaIcEEEE1_EERT_v:
function _ZNSt9_Any_data9_M_accessIZN7FactoryC4EvEUl13dataPrimitiveRKNSt7__cxx1112basic_stringIcSt11char_traitsIcESaIcEEEE1_EERT_v called 1 returned 100% blocks executed 100%
        1:   92:      _M_access() noexcept
        1:   93:      { return *static_cast<_Tp*>(_M_access()); }
        1:   93-block 2
appel   0 a retourné 1
------------------
_ZNSt9_Any_data9_M_accessIZN7FactoryC4EvEUl13dataPrimitiveRKNSt7__cxx1112basic_stringIcSt11char_traitsIcESaIcEEEE0_EERT_v:
function _ZNSt9_Any_data9_M_accessIZN7FactoryC4EvEUl13dataPrimitiveRKNSt7__cxx1112basic_stringIcSt11char_traitsIcESaIcEEEE0_EERT_v called 1 returned 100% blocks executed 100%
        1:   92:      _M_access() noexcept
        1:   93:      { return *static_cast<_Tp*>(_M_access()); }
        1:   93-block 2
appel   0 a retourné 1
------------------
_ZNSt9_Any_data9_M_accessIZN7FactoryC4EvEUl13dataPrimitiveRKNSt7__cxx1112basic_stringIcSt11char_traitsIcESaIcEEEE_EERT_v:
function _ZNSt9_Any_data9_M_accessIZN7FactoryC4EvEUl13dataPrimitiveRKNSt7__cxx1112basic_stringIcSt11char_traitsIcESaIcEEEE_EERT_v called 1 returned 100% blocks executed 100%
        1:   92:      _M_access() noexcept
        1:   93:      { return *static_cast<_Tp*>(_M_access()); }
        1:   93-block 2
appel   0 a retourné 1
------------------
_ZNSt9_Any_data9_M_accessIPZN7FactoryC4EvEUl9dataLightRKNSt7__cxx1112basic_stringIcSt11char_traitsIcESaIcEEEE0_EERT_v:
function _ZNSt9_Any_data9_M_accessIPZN7FactoryC4EvEUl9dataLightRKNSt7__cxx1112basic_stringIcSt11char_traitsIcESaIcEEEE0_EERT_v called 0 returned 0% blocks executed 0%
    #####:   92:      _M_access() noexcept
    #####:   93:      { return *static_cast<_Tp*>(_M_access()); }
    %%%%%:   93-block 2
appel   0 jamais exécuté
------------------
_ZNSt9_Any_data9_M_accessIPZN7FactoryC4EvEUl9dataLightRKNSt7__cxx1112basic_stringIcSt11char_traitsIcESaIcEEEE_EERT_v:
function _ZNSt9_Any_data9_M_accessIPZN7FactoryC4EvEUl9dataLightRKNSt7__cxx1112basic_stringIcSt11char_traitsIcESaIcEEEE_EERT_v called 0 returned 0% blocks executed 0%
    #####:   92:      _M_access() noexcept
    #####:   93:      { return *static_cast<_Tp*>(_M_access()); }
    %%%%%:   93-block 2
appel   0 jamais exécuté
------------------
_ZNSt9_Any_data9_M_accessIPZN7FactoryC4EvEUl13dataPrimitiveRKNSt7__cxx1112basic_stringIcSt11char_traitsIcESaIcEEEE1_EERT_v:
function _ZNSt9_Any_data9_M_accessIPZN7FactoryC4EvEUl13dataPrimitiveRKNSt7__cxx1112basic_stringIcSt11char_traitsIcESaIcEEEE1_EERT_v called 0 returned 0% blocks executed 0%
    #####:   92:      _M_access() noexcept
    #####:   93:      { return *static_cast<_Tp*>(_M_access()); }
    %%%%%:   93-block 2
appel   0 jamais exécuté
------------------
_ZNSt9_Any_data9_M_accessIPZN7FactoryC4EvEUl13dataPrimitiveRKNSt7__cxx1112basic_stringIcSt11char_traitsIcESaIcEEEE0_EERT_v:
function _ZNSt9_Any_data9_M_accessIPZN7FactoryC4EvEUl13dataPrimitiveRKNSt7__cxx1112basic_stringIcSt11char_traitsIcESaIcEEEE0_EERT_v called 0 returned 0% blocks executed 0%
    #####:   92:      _M_access() noexcept
    #####:   93:      { return *static_cast<_Tp*>(_M_access()); }
    %%%%%:   93-block 2
appel   0 jamais exécuté
------------------
_ZNSt9_Any_data9_M_accessIPZN7FactoryC4EvEUl13dataPrimitiveRKNSt7__cxx1112basic_stringIcSt11char_traitsIcESaIcEEEE_EERT_v:
function _ZNSt9_Any_data9_M_accessIPZN7FactoryC4EvEUl13dataPrimitiveRKNSt7__cxx1112basic_stringIcSt11char_traitsIcESaIcEEEE_EERT_v called 0 returned 0% blocks executed 0%
    #####:   92:      _M_access() noexcept
    #####:   93:      { return *static_cast<_Tp*>(_M_access()); }
    %%%%%:   93-block 2
appel   0 jamais exécuté
------------------
_ZNSt9_Any_data9_M_accessIPKSt9type_infoEERT_v:
function _ZNSt9_Any_data9_M_accessIPKSt9type_infoEERT_v called 0 returned 0% blocks executed 0%
    #####:   92:      _M_access() noexcept
    #####:   93:      { return *static_cast<_Tp*>(_M_access()); }
    %%%%%:   93-block 2
appel   0 jamais exécuté
------------------
        -:   94:
        -:   95:    template<typename _Tp>
        -:   96:      const _Tp&
       17:   97:      _M_access() const noexcept
       17:   98:      { return *static_cast<const _Tp*>(_M_access()); }
------------------
_ZNKSt9_Any_data9_M_accessIZN7FactoryC4EvEUl9dataLightRKNSt7__cxx1112basic_stringIcSt11char_traitsIcESaIcEEEE0_EERKT_v:
function _ZNKSt9_Any_data9_M_accessIZN7FactoryC4EvEUl9dataLightRKNSt7__cxx1112basic_stringIcSt11char_traitsIcESaIcEEEE0_EERKT_v called 2 returned 100% blocks executed 100%
        2:   97:      _M_access() const noexcept
        2:   98:      { return *static_cast<const _Tp*>(_M_access()); }
        2:   98-block 2
appel   0 a retourné 2
------------------
_ZNKSt9_Any_data9_M_accessIZN7FactoryC4EvEUl9dataLightRKNSt7__cxx1112basic_stringIcSt11char_traitsIcESaIcEEEE_EERKT_v:
function _ZNKSt9_Any_data9_M_accessIZN7FactoryC4EvEUl9dataLightRKNSt7__cxx1112basic_stringIcSt11char_traitsIcESaIcEEEE_EERKT_v called 3 returned 100% blocks executed 100%
        3:   97:      _M_access() const noexcept
        3:   98:      { return *static_cast<const _Tp*>(_M_access()); }
        3:   98-block 2
appel   0 a retourné 3
------------------
_ZNKSt9_Any_data9_M_accessIZN7FactoryC4EvEUl13dataPrimitiveRKNSt7__cxx1112basic_stringIcSt11char_traitsIcESaIcEEEE1_EERKT_v:
function _ZNKSt9_Any_data9_M_accessIZN7FactoryC4EvEUl13dataPrimitiveRKNSt7__cxx1112basic_stringIcSt11char_traitsIcESaIcEEEE1_EERKT_v called 2 returned 100% blocks executed 100%
        2:   97:      _M_access() const noexcept
        2:   98:      { return *static_cast<const _Tp*>(_M_access()); }
        2:   98-block 2
appel   0 a retourné 2
------------------
_ZNKSt9_Any_data9_M_accessIZN7FactoryC4EvEUl13dataPrimitiveRKNSt7__cxx1112basic_stringIcSt11char_traitsIcESaIcEEEE0_EERKT_v:
function _ZNKSt9_Any_data9_M_accessIZN7FactoryC4EvEUl13dataPrimitiveRKNSt7__cxx1112basic_stringIcSt11char_traitsIcESaIcEEEE0_EERKT_v called 3 returned 100% blocks executed 100%
        3:   97:      _M_access() const noexcept
        3:   98:      { return *static_cast<const _Tp*>(_M_access()); }
        3:   98-block 2
appel   0 a retourné 3
------------------
_ZNKSt9_Any_data9_M_accessIZN7FactoryC4EvEUl13dataPrimitiveRKNSt7__cxx1112basic_stringIcSt11char_traitsIcESaIcEEEE_EERKT_v:
function _ZNKSt9_Any_data9_M_accessIZN7FactoryC4EvEUl13dataPrimitiveRKNSt7__cxx1112basic_stringIcSt11char_traitsIcESaIcEEEE_EERKT_v called 7 returned 100% blocks executed 100%
        7:   97:      _M_access() const noexcept
        7:   98:      { return *static_cast<const _Tp*>(_M_access()); }
        7:   98-block 2
appel   0 a retourné 7
------------------
        -:   99:
        -:  100:    _Nocopy_types _M_unused;
        -:  101:    char _M_pod_data[sizeof(_Nocopy_types)];
        -:  102:  };
        -:  103:
        -:  104:  enum _Manager_operation
        -:  105:  {
        -:  106:    __get_type_info,
        -:  107:    __get_functor_ptr,
        -:  108:    __clone_functor,
        -:  109:    __destroy_functor
        -:  110:  };
        -:  111:
        -:  112:  template<typename _Signature>
        -:  113:    class function;
        -:  114:
        -:  115:  /// Base class of all polymorphic function object wrappers.
        -:  116:  class _Function_base
        -:  117:  {
        -:  118:  public:
        -:  119:    static const size_t _M_max_size = sizeof(_Nocopy_types);
        -:  120:    static const size_t _M_max_align = __alignof__(_Nocopy_types);
        -:  121:
        -:  122:    template<typename _Functor>
        -:  123:      class _Base_manager
        -:  124:      {
        -:  125:      protected:
        -:  126:	static const bool __stored_locally =
        -:  127:	(__is_location_invariant<_Functor>::value
        -:  128:	 && sizeof(_Functor) <= _M_max_size
        -:  129:	 && __alignof__(_Functor) <= _M_max_align
        -:  130:	 && (_M_max_align % __alignof__(_Functor) == 0));
        -:  131:
        -:  132:	using _Local_storage = integral_constant<bool, __stored_locally>;
        -:  133:
        -:  134:	// Retrieve a pointer to the function object
        -:  135:	static _Functor*
       17:  136:	_M_get_pointer(const _Any_data& __source) noexcept
        -:  137:	{
        -:  138:	  if _GLIBCXX17_CONSTEXPR (__stored_locally)
        -:  139:	    {
       17:  140:	      const _Functor& __f = __source._M_access<_Functor>();
       17:  141:	      return const_cast<_Functor*>(std::__addressof(__f));
        -:  142:	    }
        -:  143:	  else // have stored a pointer
        -:  144:	    return __source._M_access<_Functor*>();
        -:  145:	}
------------------
_ZNSt14_Function_base13_Base_managerIZN7FactoryC4EvEUl9dataLightRKNSt7__cxx1112basic_stringIcSt11char_traitsIcESaIcEEEE0_E14_M_get_pointerERKSt9_Any_data:
function _ZNSt14_Function_base13_Base_managerIZN7FactoryC4EvEUl9dataLightRKNSt7__cxx1112basic_stringIcSt11char_traitsIcESaIcEEEE0_E14_M_get_pointerERKSt9_Any_data called 2 returned 100% blocks executed 100%
        2:  136:	_M_get_pointer(const _Any_data& __source) noexcept
        -:  137:	{
        -:  138:	  if _GLIBCXX17_CONSTEXPR (__stored_locally)
        -:  139:	    {
        2:  140:	      const _Functor& __f = __source._M_access<_Functor>();
        2:  140-block 2
appel   0 a retourné 2
        2:  141:	      return const_cast<_Functor*>(std::__addressof(__f));
        2:  141-block 5
        -:  142:	    }
        -:  143:	  else // have stored a pointer
        -:  144:	    return __source._M_access<_Functor*>();
        -:  145:	}
------------------
_ZNSt14_Function_base13_Base_managerIZN7FactoryC4EvEUl9dataLightRKNSt7__cxx1112basic_stringIcSt11char_traitsIcESaIcEEEE_E14_M_get_pointerERKSt9_Any_data:
function _ZNSt14_Function_base13_Base_managerIZN7FactoryC4EvEUl9dataLightRKNSt7__cxx1112basic_stringIcSt11char_traitsIcESaIcEEEE_E14_M_get_pointerERKSt9_Any_data called 3 returned 100% blocks executed 100%
        3:  136:	_M_get_pointer(const _Any_data& __source) noexcept
        -:  137:	{
        -:  138:	  if _GLIBCXX17_CONSTEXPR (__stored_locally)
        -:  139:	    {
        3:  140:	      const _Functor& __f = __source._M_access<_Functor>();
        3:  140-block 2
appel   0 a retourné 3
        3:  141:	      return const_cast<_Functor*>(std::__addressof(__f));
        3:  141-block 5
        -:  142:	    }
        -:  143:	  else // have stored a pointer
        -:  144:	    return __source._M_access<_Functor*>();
        -:  145:	}
------------------
_ZNSt14_Function_base13_Base_managerIZN7FactoryC4EvEUl13dataPrimitiveRKNSt7__cxx1112basic_stringIcSt11char_traitsIcESaIcEEEE1_E14_M_get_pointerERKSt9_Any_data:
function _ZNSt14_Function_base13_Base_managerIZN7FactoryC4EvEUl13dataPrimitiveRKNSt7__cxx1112basic_stringIcSt11char_traitsIcESaIcEEEE1_E14_M_get_pointerERKSt9_Any_data called 2 returned 100% blocks executed 100%
        2:  136:	_M_get_pointer(const _Any_data& __source) noexcept
        -:  137:	{
        -:  138:	  if _GLIBCXX17_CONSTEXPR (__stored_locally)
        -:  139:	    {
        2:  140:	      const _Functor& __f = __source._M_access<_Functor>();
        2:  140-block 2
appel   0 a retourné 2
        2:  141:	      return const_cast<_Functor*>(std::__addressof(__f));
        2:  141-block 5
        -:  142:	    }
        -:  143:	  else // have stored a pointer
        -:  144:	    return __source._M_access<_Functor*>();
        -:  145:	}
------------------
_ZNSt14_Function_base13_Base_managerIZN7FactoryC4EvEUl13dataPrimitiveRKNSt7__cxx1112basic_stringIcSt11char_traitsIcESaIcEEEE0_E14_M_get_pointerERKSt9_Any_data:
function _ZNSt14_Function_base13_Base_managerIZN7FactoryC4EvEUl13dataPrimitiveRKNSt7__cxx1112basic_stringIcSt11char_traitsIcESaIcEEEE0_E14_M_get_pointerERKSt9_Any_data called 3 returned 100% blocks executed 100%
        3:  136:	_M_get_pointer(const _Any_data& __source) noexcept
        -:  137:	{
        -:  138:	  if _GLIBCXX17_CONSTEXPR (__stored_locally)
        -:  139:	    {
        3:  140:	      const _Functor& __f = __source._M_access<_Functor>();
        3:  140-block 2
appel   0 a retourné 3
        3:  141:	      return const_cast<_Functor*>(std::__addressof(__f));
        3:  141-block 5
        -:  142:	    }
        -:  143:	  else // have stored a pointer
        -:  144:	    return __source._M_access<_Functor*>();
        -:  145:	}
------------------
_ZNSt14_Function_base13_Base_managerIZN7FactoryC4EvEUl13dataPrimitiveRKNSt7__cxx1112basic_stringIcSt11char_traitsIcESaIcEEEE_E14_M_get_pointerERKSt9_Any_data:
function _ZNSt14_Function_base13_Base_managerIZN7FactoryC4EvEUl13dataPrimitiveRKNSt7__cxx1112basic_stringIcSt11char_traitsIcESaIcEEEE_E14_M_get_pointerERKSt9_Any_data called 7 returned 100% blocks executed 100%
        7:  136:	_M_get_pointer(const _Any_data& __source) noexcept
        -:  137:	{
        -:  138:	  if _GLIBCXX17_CONSTEXPR (__stored_locally)
        -:  139:	    {
        7:  140:	      const _Functor& __f = __source._M_access<_Functor>();
        7:  140-block 2
appel   0 a retourné 7
        7:  141:	      return const_cast<_Functor*>(std::__addressof(__f));
        7:  141-block 5
        -:  142:	    }
        -:  143:	  else // have stored a pointer
        -:  144:	    return __source._M_access<_Functor*>();
        -:  145:	}
------------------
        -:  146:
        -:  147:      private:
        -:  148:	// Construct a location-invariant function object that fits within
        -:  149:	// an _Any_data structure.
        -:  150:	template<typename _Fn>
        -:  151:	  static void
       15:  152:	  _M_create(_Any_data& __dest, _Fn&& __f, true_type)
        -:  153:	  {
      30*:  154:	    ::new (__dest._M_access()) _Functor(std::forward<_Fn>(__f));
       15:  155:	  }
------------------
_ZNSt14_Function_base13_Base_managerIZN7FactoryC4EvEUl9dataLightRKNSt7__cxx1112basic_stringIcSt11char_traitsIcESaIcEEEE0_E9_M_createIRKSB_EEvRSt9_Any_dataOT_St17integral_constantIbLb1EE:
function _ZNSt14_Function_base13_Base_managerIZN7FactoryC4EvEUl9dataLightRKNSt7__cxx1112basic_stringIcSt11char_traitsIcESaIcEEEE0_E9_M_createIRKSB_EEvRSt9_Any_dataOT_St17integral_constantIbLb1EE called 2 returned 100% blocks executed 86%
        2:  152:	  _M_create(_Any_data& __dest, _Fn&& __f, true_type)
        -:  153:	  {
       4*:  154:	    ::new (__dest._M_access()) _Functor(std::forward<_Fn>(__f));
        2:  154-block 2
appel   0 a retourné 2
appel   1 a retourné 2
        2:  154-block 6
branchement  2 pris 0 (fallthrough)
branchement  3 pris 2
    %%%%%:  154-block 7
appel   4 jamais exécuté
        2:  155:	  }
------------------
_ZNSt14_Function_base13_Base_managerIZN7FactoryC4EvEUl9dataLightRKNSt7__cxx1112basic_stringIcSt11char_traitsIcESaIcEEEE_E9_M_createIRKSB_EEvRSt9_Any_dataOT_St17integral_constantIbLb1EE:
function _ZNSt14_Function_base13_Base_managerIZN7FactoryC4EvEUl9dataLightRKNSt7__cxx1112basic_stringIcSt11char_traitsIcESaIcEEEE_E9_M_createIRKSB_EEvRSt9_Any_dataOT_St17integral_constantIbLb1EE called 2 returned 100% blocks executed 86%
        2:  152:	  _M_create(_Any_data& __dest, _Fn&& __f, true_type)
        -:  153:	  {
       4*:  154:	    ::new (__dest._M_access()) _Functor(std::forward<_Fn>(__f));
        2:  154-block 2
appel   0 a retourné 2
appel   1 a retourné 2
        2:  154-block 6
branchement  2 pris 0 (fallthrough)
branchement  3 pris 2
    %%%%%:  154-block 7
appel   4 jamais exécuté
        2:  155:	  }
------------------
_ZNSt14_Function_base13_Base_managerIZN7FactoryC4EvEUl13dataPrimitiveRKNSt7__cxx1112basic_stringIcSt11char_traitsIcESaIcEEEE1_E9_M_createIRKSB_EEvRSt9_Any_dataOT_St17integral_constantIbLb1EE:
function _ZNSt14_Function_base13_Base_managerIZN7FactoryC4EvEUl13dataPrimitiveRKNSt7__cxx1112basic_stringIcSt11char_traitsIcESaIcEEEE1_E9_M_createIRKSB_EEvRSt9_Any_dataOT_St17integral_constantIbLb1EE called 2 returned 100% blocks executed 86%
        2:  152:	  _M_create(_Any_data& __dest, _Fn&& __f, true_type)
        -:  153:	  {
       4*:  154:	    ::new (__dest._M_access()) _Functor(std::forward<_Fn>(__f));
        2:  154-block 2
appel   0 a retourné 2
appel   1 a retourné 2
        2:  154-block 6
branchement  2 pris 0 (fallthrough)
branchement  3 pris 2
    %%%%%:  154-block 7
appel   4 jamais exécuté
        2:  155:	  }
------------------
_ZNSt14_Function_base13_Base_managerIZN7FactoryC4EvEUl13dataPrimitiveRKNSt7__cxx1112basic_stringIcSt11char_traitsIcESaIcEEEE0_E9_M_createIRKSB_EEvRSt9_Any_dataOT_St17integral_constantIbLb1EE:
function _ZNSt14_Function_base13_Base_managerIZN7FactoryC4EvEUl13dataPrimitiveRKNSt7__cxx1112basic_stringIcSt11char_traitsIcESaIcEEEE0_E9_M_createIRKSB_EEvRSt9_Any_dataOT_St17integral_constantIbLb1EE called 2 returned 100% blocks executed 86%
        2:  152:	  _M_create(_Any_data& __dest, _Fn&& __f, true_type)
        -:  153:	  {
       4*:  154:	    ::new (__dest._M_access()) _Functor(std::forward<_Fn>(__f));
        2:  154-block 2
appel   0 a retourné 2
appel   1 a retourné 2
        2:  154-block 6
branchement  2 pris 0 (fallthrough)
branchement  3 pris 2
    %%%%%:  154-block 7
appel   4 jamais exécuté
        2:  155:	  }
------------------
_ZNSt14_Function_base13_Base_managerIZN7FactoryC4EvEUl13dataPrimitiveRKNSt7__cxx1112basic_stringIcSt11char_traitsIcESaIcEEEE_E9_M_createIRKSB_EEvRSt9_Any_dataOT_St17integral_constantIbLb1EE:
function _ZNSt14_Function_base13_Base_managerIZN7FactoryC4EvEUl13dataPrimitiveRKNSt7__cxx1112basic_stringIcSt11char_traitsIcESaIcEEEE_E9_M_createIRKSB_EEvRSt9_Any_dataOT_St17integral_constantIbLb1EE called 2 returned 100% blocks executed 86%
        2:  152:	  _M_create(_Any_data& __dest, _Fn&& __f, true_type)
        -:  153:	  {
       4*:  154:	    ::new (__dest._M_access()) _Functor(std::forward<_Fn>(__f));
        2:  154-block 2
appel   0 a retourné 2
appel   1 a retourné 2
        2:  154-block 6
branchement  2 pris 0 (fallthrough)
branchement  3 pris 2
    %%%%%:  154-block 7
appel   4 jamais exécuté
        2:  155:	  }
------------------
_ZNSt14_Function_base13_Base_managerIZN7FactoryC4EvEUl9dataLightRKNSt7__cxx1112basic_stringIcSt11char_traitsIcESaIcEEEE0_E9_M_createISB_EEvRSt9_Any_dataOT_St17integral_constantIbLb1EE:
function _ZNSt14_Function_base13_Base_managerIZN7FactoryC4EvEUl9dataLightRKNSt7__cxx1112basic_stringIcSt11char_traitsIcESaIcEEEE0_E9_M_createISB_EEvRSt9_Any_dataOT_St17integral_constantIbLb1EE called 1 returned 100% blocks executed 86%
        1:  152:	  _M_create(_Any_data& __dest, _Fn&& __f, true_type)
        -:  153:	  {
       2*:  154:	    ::new (__dest._M_access()) _Functor(std::forward<_Fn>(__f));
        1:  154-block 2
appel   0 a retourné 1
appel   1 a retourné 1
        1:  154-block 6
branchement  2 pris 0 (fallthrough)
branchement  3 pris 1
    %%%%%:  154-block 7
appel   4 jamais exécuté
        1:  155:	  }
------------------
_ZNSt14_Function_base13_Base_managerIZN7FactoryC4EvEUl9dataLightRKNSt7__cxx1112basic_stringIcSt11char_traitsIcESaIcEEEE_E9_M_createISB_EEvRSt9_Any_dataOT_St17integral_constantIbLb1EE:
function _ZNSt14_Function_base13_Base_managerIZN7FactoryC4EvEUl9dataLightRKNSt7__cxx1112basic_stringIcSt11char_traitsIcESaIcEEEE_E9_M_createISB_EEvRSt9_Any_dataOT_St17integral_constantIbLb1EE called 1 returned 100% blocks executed 86%
        1:  152:	  _M_create(_Any_data& __dest, _Fn&& __f, true_type)
        -:  153:	  {
       2*:  154:	    ::new (__dest._M_access()) _Functor(std::forward<_Fn>(__f));
        1:  154-block 2
appel   0 a retourné 1
appel   1 a retourné 1
        1:  154-block 6
branchement  2 pris 0 (fallthrough)
branchement  3 pris 1
    %%%%%:  154-block 7
appel   4 jamais exécuté
        1:  155:	  }
------------------
_ZNSt14_Function_base13_Base_managerIZN7FactoryC4EvEUl13dataPrimitiveRKNSt7__cxx1112basic_stringIcSt11char_traitsIcESaIcEEEE1_E9_M_createISB_EEvRSt9_Any_dataOT_St17integral_constantIbLb1EE:
function _ZNSt14_Function_base13_Base_managerIZN7FactoryC4EvEUl13dataPrimitiveRKNSt7__cxx1112basic_stringIcSt11char_traitsIcESaIcEEEE1_E9_M_createISB_EEvRSt9_Any_dataOT_St17integral_constantIbLb1EE called 1 returned 100% blocks executed 86%
        1:  152:	  _M_create(_Any_data& __dest, _Fn&& __f, true_type)
        -:  153:	  {
       2*:  154:	    ::new (__dest._M_access()) _Functor(std::forward<_Fn>(__f));
        1:  154-block 2
appel   0 a retourné 1
appel   1 a retourné 1
        1:  154-block 6
branchement  2 pris 0 (fallthrough)
branchement  3 pris 1
    %%%%%:  154-block 7
appel   4 jamais exécuté
        1:  155:	  }
------------------
_ZNSt14_Function_base13_Base_managerIZN7FactoryC4EvEUl13dataPrimitiveRKNSt7__cxx1112basic_stringIcSt11char_traitsIcESaIcEEEE0_E9_M_createISB_EEvRSt9_Any_dataOT_St17integral_constantIbLb1EE:
function _ZNSt14_Function_base13_Base_managerIZN7FactoryC4EvEUl13dataPrimitiveRKNSt7__cxx1112basic_stringIcSt11char_traitsIcESaIcEEEE0_E9_M_createISB_EEvRSt9_Any_dataOT_St17integral_constantIbLb1EE called 1 returned 100% blocks executed 86%
        1:  152:	  _M_create(_Any_data& __dest, _Fn&& __f, true_type)
        -:  153:	  {
       2*:  154:	    ::new (__dest._M_access()) _Functor(std::forward<_Fn>(__f));
        1:  154-block 2
appel   0 a retourné 1
appel   1 a retourné 1
        1:  154-block 6
branchement  2 pris 0 (fallthrough)
branchement  3 pris 1
    %%%%%:  154-block 7
appel   4 jamais exécuté
        1:  155:	  }
------------------
_ZNSt14_Function_base13_Base_managerIZN7FactoryC4EvEUl13dataPrimitiveRKNSt7__cxx1112basic_stringIcSt11char_traitsIcESaIcEEEE_E9_M_createISB_EEvRSt9_Any_dataOT_St17integral_constantIbLb1EE:
function _ZNSt14_Function_base13_Base_managerIZN7FactoryC4EvEUl13dataPrimitiveRKNSt7__cxx1112basic_stringIcSt11char_traitsIcESaIcEEEE_E9_M_createISB_EEvRSt9_Any_dataOT_St17integral_constantIbLb1EE called 1 returned 100% blocks executed 86%
        1:  152:	  _M_create(_Any_data& __dest, _Fn&& __f, true_type)
        -:  153:	  {
       2*:  154:	    ::new (__dest._M_access()) _Functor(std::forward<_Fn>(__f));
        1:  154-block 2
appel   0 a retourné 1
appel   1 a retourné 1
        1:  154-block 6
branchement  2 pris 0 (fallthrough)
branchement  3 pris 1
    %%%%%:  154-block 7
appel   4 jamais exécuté
        1:  155:	  }
------------------
        -:  156:
        -:  157:	// Construct a function object on the heap and store a pointer.
        -:  158:	template<typename _Fn>
        -:  159:	  static void
        -:  160:	  _M_create(_Any_data& __dest, _Fn&& __f, false_type)
        -:  161:	  {
        -:  162:	    __dest._M_access<_Functor*>()
        -:  163:	      = new _Functor(std::forward<_Fn>(__f));
        -:  164:	  }
        -:  165:
        -:  166:	// Destroy an object stored in the internal buffer.
        -:  167:	static void
        5:  168:	_M_destroy(_Any_data& __victim, true_type)
        -:  169:	{
        5:  170:	  __victim._M_access<_Functor>().~_Functor();
        5:  171:	}
------------------
_ZNSt14_Function_base13_Base_managerIZN7FactoryC4EvEUl9dataLightRKNSt7__cxx1112basic_stringIcSt11char_traitsIcESaIcEEEE0_E10_M_destroyERSt9_Any_dataSt17integral_constantIbLb1EE:
function _ZNSt14_Function_base13_Base_managerIZN7FactoryC4EvEUl9dataLightRKNSt7__cxx1112basic_stringIcSt11char_traitsIcESaIcEEEE0_E10_M_destroyERSt9_Any_dataSt17integral_constantIbLb1EE called 1 returned 100% blocks executed 100%
        1:  168:	_M_destroy(_Any_data& __victim, true_type)
        -:  169:	{
        1:  170:	  __victim._M_access<_Functor>().~_Functor();
        1:  170-block 2
appel   0 a retourné 1
        1:  171:	}
------------------
_ZNSt14_Function_base13_Base_managerIZN7FactoryC4EvEUl9dataLightRKNSt7__cxx1112basic_stringIcSt11char_traitsIcESaIcEEEE_E10_M_destroyERSt9_Any_dataSt17integral_constantIbLb1EE:
function _ZNSt14_Function_base13_Base_managerIZN7FactoryC4EvEUl9dataLightRKNSt7__cxx1112basic_stringIcSt11char_traitsIcESaIcEEEE_E10_M_destroyERSt9_Any_dataSt17integral_constantIbLb1EE called 1 returned 100% blocks executed 100%
        1:  168:	_M_destroy(_Any_data& __victim, true_type)
        -:  169:	{
        1:  170:	  __victim._M_access<_Functor>().~_Functor();
        1:  170-block 2
appel   0 a retourné 1
        1:  171:	}
------------------
_ZNSt14_Function_base13_Base_managerIZN7FactoryC4EvEUl13dataPrimitiveRKNSt7__cxx1112basic_stringIcSt11char_traitsIcESaIcEEEE1_E10_M_destroyERSt9_Any_dataSt17integral_constantIbLb1EE:
function _ZNSt14_Function_base13_Base_managerIZN7FactoryC4EvEUl13dataPrimitiveRKNSt7__cxx1112basic_stringIcSt11char_traitsIcESaIcEEEE1_E10_M_destroyERSt9_Any_dataSt17integral_constantIbLb1EE called 1 returned 100% blocks executed 100%
        1:  168:	_M_destroy(_Any_data& __victim, true_type)
        -:  169:	{
        1:  170:	  __victim._M_access<_Functor>().~_Functor();
        1:  170-block 2
appel   0 a retourné 1
        1:  171:	}
------------------
_ZNSt14_Function_base13_Base_managerIZN7FactoryC4EvEUl13dataPrimitiveRKNSt7__cxx1112basic_stringIcSt11char_traitsIcESaIcEEEE0_E10_M_destroyERSt9_Any_dataSt17integral_constantIbLb1EE:
function _ZNSt14_Function_base13_Base_managerIZN7FactoryC4EvEUl13dataPrimitiveRKNSt7__cxx1112basic_stringIcSt11char_traitsIcESaIcEEEE0_E10_M_destroyERSt9_Any_dataSt17integral_constantIbLb1EE called 1 returned 100% blocks executed 100%
        1:  168:	_M_destroy(_Any_data& __victim, true_type)
        -:  169:	{
        1:  170:	  __victim._M_access<_Functor>().~_Functor();
        1:  170-block 2
appel   0 a retourné 1
        1:  171:	}
------------------
_ZNSt14_Function_base13_Base_managerIZN7FactoryC4EvEUl13dataPrimitiveRKNSt7__cxx1112basic_stringIcSt11char_traitsIcESaIcEEEE_E10_M_destroyERSt9_Any_dataSt17integral_constantIbLb1EE:
function _ZNSt14_Function_base13_Base_managerIZN7FactoryC4EvEUl13dataPrimitiveRKNSt7__cxx1112basic_stringIcSt11char_traitsIcESaIcEEEE_E10_M_destroyERSt9_Any_dataSt17integral_constantIbLb1EE called 1 returned 100% blocks executed 100%
        1:  168:	_M_destroy(_Any_data& __victim, true_type)
        -:  169:	{
        1:  170:	  __victim._M_access<_Functor>().~_Functor();
        1:  170-block 2
appel   0 a retourné 1
        1:  171:	}
------------------
        -:  172:
        -:  173:	// Destroy an object located on the heap.
        -:  174:	static void
        -:  175:	_M_destroy(_Any_data& __victim, false_type)
        -:  176:	{
        -:  177:	  delete __victim._M_access<_Functor*>();
        -:  178:	}
        -:  179:
        -:  180:      public:
        -:  181:	static bool
       15:  182:	_M_manager(_Any_data& __dest, const _Any_data& __source,
        -:  183:		   _Manager_operation __op)
        -:  184:	{
       15:  185:	  switch (__op)
        -:  186:	    {
    #####:  187:	    case __get_type_info:
        -:  188:#if __cpp_rtti
    #####:  189:	      __dest._M_access<const type_info*>() = &typeid(_Functor);
        -:  190:#else
        -:  191:	      __dest._M_access<const type_info*>() = nullptr;
        -:  192:#endif
    #####:  193:	      break;
        -:  194:
    #####:  195:	    case __get_functor_ptr:
    #####:  196:	      __dest._M_access<_Functor*>() = _M_get_pointer(__source);
    #####:  197:	      break;
        -:  198:
       10:  199:	    case __clone_functor:
       10:  200:	      _M_init_functor(__dest,
       10:  201:		  *const_cast<const _Functor*>(_M_get_pointer(__source)));
       10:  202:	      break;
        -:  203:
        5:  204:	    case __destroy_functor:
        5:  205:	      _M_destroy(__dest, _Local_storage());
        5:  206:	      break;
        -:  207:	    }
       15:  208:	  return false;
        -:  209:	}
------------------
_ZNSt14_Function_base13_Base_managerIZN7FactoryC4EvEUl9dataLightRKNSt7__cxx1112basic_stringIcSt11char_traitsIcESaIcEEEE0_E10_M_managerERSt9_Any_dataRKSD_St18_Manager_operation:
function _ZNSt14_Function_base13_Base_managerIZN7FactoryC4EvEUl9dataLightRKNSt7__cxx1112basic_stringIcSt11char_traitsIcESaIcEEEE0_E10_M_managerERSt9_Any_dataRKSD_St18_Manager_operation called 3 returned 100% blocks executed 62%
        3:  182:	_M_manager(_Any_data& __dest, const _Any_data& __source,
        -:  183:		   _Manager_operation __op)
        -:  184:	{
        3:  185:	  switch (__op)
        3:  185-block 2
branchement  0 pris 0
branchement  1 pris 0
branchement  2 pris 2
branchement  3 pris 1
branchement  4 pris 0
        -:  186:	    {
    #####:  187:	    case __get_type_info:
        -:  188:#if __cpp_rtti
    #####:  189:	      __dest._M_access<const type_info*>() = &typeid(_Functor);
    %%%%%:  189-block 3
appel   0 jamais exécuté
        -:  190:#else
        -:  191:	      __dest._M_access<const type_info*>() = nullptr;
        -:  192:#endif
    #####:  193:	      break;
        -:  194:
    #####:  195:	    case __get_functor_ptr:
    #####:  196:	      __dest._M_access<_Functor*>() = _M_get_pointer(__source);
    %%%%%:  196-block 5
appel   0 jamais exécuté
appel   1 jamais exécuté
    #####:  197:	      break;
        -:  198:
        2:  199:	    case __clone_functor:
        2:  200:	      _M_init_functor(__dest,
appel   0 a retourné 2
        2:  201:		  *const_cast<const _Functor*>(_M_get_pointer(__source)));
        2:  201-block 8
appel   0 a retourné 2
        2:  202:	      break;
        -:  203:
        1:  204:	    case __destroy_functor:
        1:  205:	      _M_destroy(__dest, _Local_storage());
        1:  205-block 11
appel   0 a retourné 1
        1:  206:	      break;
        -:  207:	    }
        3:  208:	  return false;
        3:  208-block 13
        -:  209:	}
------------------
_ZNSt14_Function_base13_Base_managerIZN7FactoryC4EvEUl9dataLightRKNSt7__cxx1112basic_stringIcSt11char_traitsIcESaIcEEEE_E10_M_managerERSt9_Any_dataRKSD_St18_Manager_operation:
function _ZNSt14_Function_base13_Base_managerIZN7FactoryC4EvEUl9dataLightRKNSt7__cxx1112basic_stringIcSt11char_traitsIcESaIcEEEE_E10_M_managerERSt9_Any_dataRKSD_St18_Manager_operation called 3 returned 100% blocks executed 62%
        3:  182:	_M_manager(_Any_data& __dest, const _Any_data& __source,
        -:  183:		   _Manager_operation __op)
        -:  184:	{
        3:  185:	  switch (__op)
        3:  185-block 2
branchement  0 pris 0
branchement  1 pris 0
branchement  2 pris 2
branchement  3 pris 1
branchement  4 pris 0
        -:  186:	    {
    #####:  187:	    case __get_type_info:
        -:  188:#if __cpp_rtti
    #####:  189:	      __dest._M_access<const type_info*>() = &typeid(_Functor);
    %%%%%:  189-block 3
appel   0 jamais exécuté
        -:  190:#else
        -:  191:	      __dest._M_access<const type_info*>() = nullptr;
        -:  192:#endif
    #####:  193:	      break;
        -:  194:
    #####:  195:	    case __get_functor_ptr:
    #####:  196:	      __dest._M_access<_Functor*>() = _M_get_pointer(__source);
    %%%%%:  196-block 5
appel   0 jamais exécuté
appel   1 jamais exécuté
    #####:  197:	      break;
        -:  198:
        2:  199:	    case __clone_functor:
        2:  200:	      _M_init_functor(__dest,
appel   0 a retourné 2
        2:  201:		  *const_cast<const _Functor*>(_M_get_pointer(__source)));
        2:  201-block 8
appel   0 a retourné 2
        2:  202:	      break;
        -:  203:
        1:  204:	    case __destroy_functor:
        1:  205:	      _M_destroy(__dest, _Local_storage());
        1:  205-block 11
appel   0 a retourné 1
        1:  206:	      break;
        -:  207:	    }
        3:  208:	  return false;
        3:  208-block 13
        -:  209:	}
------------------
_ZNSt14_Function_base13_Base_managerIZN7FactoryC4EvEUl13dataPrimitiveRKNSt7__cxx1112basic_stringIcSt11char_traitsIcESaIcEEEE1_E10_M_managerERSt9_Any_dataRKSD_St18_Manager_operation:
function _ZNSt14_Function_base13_Base_managerIZN7FactoryC4EvEUl13dataPrimitiveRKNSt7__cxx1112basic_stringIcSt11char_traitsIcESaIcEEEE1_E10_M_managerERSt9_Any_dataRKSD_St18_Manager_operation called 3 returned 100% blocks executed 62%
        3:  182:	_M_manager(_Any_data& __dest, const _Any_data& __source,
        -:  183:		   _Manager_operation __op)
        -:  184:	{
        3:  185:	  switch (__op)
        3:  185-block 2
branchement  0 pris 0
branchement  1 pris 0
branchement  2 pris 2
branchement  3 pris 1
branchement  4 pris 0
        -:  186:	    {
    #####:  187:	    case __get_type_info:
        -:  188:#if __cpp_rtti
    #####:  189:	      __dest._M_access<const type_info*>() = &typeid(_Functor);
    %%%%%:  189-block 3
appel   0 jamais exécuté
        -:  190:#else
        -:  191:	      __dest._M_access<const type_info*>() = nullptr;
        -:  192:#endif
    #####:  193:	      break;
        -:  194:
    #####:  195:	    case __get_functor_ptr:
    #####:  196:	      __dest._M_access<_Functor*>() = _M_get_pointer(__source);
    %%%%%:  196-block 5
appel   0 jamais exécuté
appel   1 jamais exécuté
    #####:  197:	      break;
        -:  198:
        2:  199:	    case __clone_functor:
        2:  200:	      _M_init_functor(__dest,
appel   0 a retourné 2
        2:  201:		  *const_cast<const _Functor*>(_M_get_pointer(__source)));
        2:  201-block 8
appel   0 a retourné 2
        2:  202:	      break;
        -:  203:
        1:  204:	    case __destroy_functor:
        1:  205:	      _M_destroy(__dest, _Local_storage());
        1:  205-block 11
appel   0 a retourné 1
        1:  206:	      break;
        -:  207:	    }
        3:  208:	  return false;
        3:  208-block 13
        -:  209:	}
------------------
_ZNSt14_Function_base13_Base_managerIZN7FactoryC4EvEUl13dataPrimitiveRKNSt7__cxx1112basic_stringIcSt11char_traitsIcESaIcEEEE0_E10_M_managerERSt9_Any_dataRKSD_St18_Manager_operation:
function _ZNSt14_Function_base13_Base_managerIZN7FactoryC4EvEUl13dataPrimitiveRKNSt7__cxx1112basic_stringIcSt11char_traitsIcESaIcEEEE0_E10_M_managerERSt9_Any_dataRKSD_St18_Manager_operation called 3 returned 100% blocks executed 62%
        3:  182:	_M_manager(_Any_data& __dest, const _Any_data& __source,
        -:  183:		   _Manager_operation __op)
        -:  184:	{
        3:  185:	  switch (__op)
        3:  185-block 2
branchement  0 pris 0
branchement  1 pris 0
branchement  2 pris 2
branchement  3 pris 1
branchement  4 pris 0
        -:  186:	    {
    #####:  187:	    case __get_type_info:
        -:  188:#if __cpp_rtti
    #####:  189:	      __dest._M_access<const type_info*>() = &typeid(_Functor);
    %%%%%:  189-block 3
appel   0 jamais exécuté
        -:  190:#else
        -:  191:	      __dest._M_access<const type_info*>() = nullptr;
        -:  192:#endif
    #####:  193:	      break;
        -:  194:
    #####:  195:	    case __get_functor_ptr:
    #####:  196:	      __dest._M_access<_Functor*>() = _M_get_pointer(__source);
    %%%%%:  196-block 5
appel   0 jamais exécuté
appel   1 jamais exécuté
    #####:  197:	      break;
        -:  198:
        2:  199:	    case __clone_functor:
        2:  200:	      _M_init_functor(__dest,
appel   0 a retourné 2
        2:  201:		  *const_cast<const _Functor*>(_M_get_pointer(__source)));
        2:  201-block 8
appel   0 a retourné 2
        2:  202:	      break;
        -:  203:
        1:  204:	    case __destroy_functor:
        1:  205:	      _M_destroy(__dest, _Local_storage());
        1:  205-block 11
appel   0 a retourné 1
        1:  206:	      break;
        -:  207:	    }
        3:  208:	  return false;
        3:  208-block 13
        -:  209:	}
------------------
_ZNSt14_Function_base13_Base_managerIZN7FactoryC4EvEUl13dataPrimitiveRKNSt7__cxx1112basic_stringIcSt11char_traitsIcESaIcEEEE_E10_M_managerERSt9_Any_dataRKSD_St18_Manager_operation:
function _ZNSt14_Function_base13_Base_managerIZN7FactoryC4EvEUl13dataPrimitiveRKNSt7__cxx1112basic_stringIcSt11char_traitsIcESaIcEEEE_E10_M_managerERSt9_Any_dataRKSD_St18_Manager_operation called 3 returned 100% blocks executed 62%
        3:  182:	_M_manager(_Any_data& __dest, const _Any_data& __source,
        -:  183:		   _Manager_operation __op)
        -:  184:	{
        3:  185:	  switch (__op)
        3:  185-block 2
branchement  0 pris 0
branchement  1 pris 0
branchement  2 pris 2
branchement  3 pris 1
branchement  4 pris 0
        -:  186:	    {
    #####:  187:	    case __get_type_info:
        -:  188:#if __cpp_rtti
    #####:  189:	      __dest._M_access<const type_info*>() = &typeid(_Functor);
    %%%%%:  189-block 3
appel   0 jamais exécuté
        -:  190:#else
        -:  191:	      __dest._M_access<const type_info*>() = nullptr;
        -:  192:#endif
    #####:  193:	      break;
        -:  194:
    #####:  195:	    case __get_functor_ptr:
    #####:  196:	      __dest._M_access<_Functor*>() = _M_get_pointer(__source);
    %%%%%:  196-block 5
appel   0 jamais exécuté
appel   1 jamais exécuté
    #####:  197:	      break;
        -:  198:
        2:  199:	    case __clone_functor:
        2:  200:	      _M_init_functor(__dest,
appel   0 a retourné 2
        2:  201:		  *const_cast<const _Functor*>(_M_get_pointer(__source)));
        2:  201-block 8
appel   0 a retourné 2
        2:  202:	      break;
        -:  203:
        1:  204:	    case __destroy_functor:
        1:  205:	      _M_destroy(__dest, _Local_storage());
        1:  205-block 11
appel   0 a retourné 1
        1:  206:	      break;
        -:  207:	    }
        3:  208:	  return false;
        3:  208-block 13
        -:  209:	}
------------------
        -:  210:
        -:  211:	template<typename _Fn>
        -:  212:	  static void
       15:  213:	  _M_init_functor(_Any_data& __functor, _Fn&& __f)
        -:  214:	  noexcept(__and_<_Local_storage,
        -:  215:			  is_nothrow_constructible<_Functor, _Fn>>::value)
        -:  216:	  {
       15:  217:	    _M_create(__functor, std::forward<_Fn>(__f), _Local_storage());
       15:  218:	  }
------------------
_ZNSt14_Function_base13_Base_managerIZN7FactoryC4EvEUl9dataLightRKNSt7__cxx1112basic_stringIcSt11char_traitsIcESaIcEEEE0_E15_M_init_functorIRKSB_EEvRSt9_Any_dataOT_:
function _ZNSt14_Function_base13_Base_managerIZN7FactoryC4EvEUl9dataLightRKNSt7__cxx1112basic_stringIcSt11char_traitsIcESaIcEEEE0_E15_M_init_functorIRKSB_EEvRSt9_Any_dataOT_ called 2 returned 100% blocks executed 100%
        2:  213:	  _M_init_functor(_Any_data& __functor, _Fn&& __f)
        2:  213-block 2
        -:  214:	  noexcept(__and_<_Local_storage,
        -:  215:			  is_nothrow_constructible<_Functor, _Fn>>::value)
        -:  216:	  {
        2:  217:	    _M_create(__functor, std::forward<_Fn>(__f), _Local_storage());
        2:  217-block 4
appel   0 a retourné 2
        2:  218:	  }
------------------
_ZNSt14_Function_base13_Base_managerIZN7FactoryC4EvEUl9dataLightRKNSt7__cxx1112basic_stringIcSt11char_traitsIcESaIcEEEE_E15_M_init_functorIRKSB_EEvRSt9_Any_dataOT_:
function _ZNSt14_Function_base13_Base_managerIZN7FactoryC4EvEUl9dataLightRKNSt7__cxx1112basic_stringIcSt11char_traitsIcESaIcEEEE_E15_M_init_functorIRKSB_EEvRSt9_Any_dataOT_ called 2 returned 100% blocks executed 100%
        2:  213:	  _M_init_functor(_Any_data& __functor, _Fn&& __f)
        2:  213-block 2
        -:  214:	  noexcept(__and_<_Local_storage,
        -:  215:			  is_nothrow_constructible<_Functor, _Fn>>::value)
        -:  216:	  {
        2:  217:	    _M_create(__functor, std::forward<_Fn>(__f), _Local_storage());
        2:  217-block 4
appel   0 a retourné 2
        2:  218:	  }
------------------
_ZNSt14_Function_base13_Base_managerIZN7FactoryC4EvEUl13dataPrimitiveRKNSt7__cxx1112basic_stringIcSt11char_traitsIcESaIcEEEE1_E15_M_init_functorIRKSB_EEvRSt9_Any_dataOT_:
function _ZNSt14_Function_base13_Base_managerIZN7FactoryC4EvEUl13dataPrimitiveRKNSt7__cxx1112basic_stringIcSt11char_traitsIcESaIcEEEE1_E15_M_init_functorIRKSB_EEvRSt9_Any_dataOT_ called 2 returned 100% blocks executed 100%
        2:  213:	  _M_init_functor(_Any_data& __functor, _Fn&& __f)
        2:  213-block 2
        -:  214:	  noexcept(__and_<_Local_storage,
        -:  215:			  is_nothrow_constructible<_Functor, _Fn>>::value)
        -:  216:	  {
        2:  217:	    _M_create(__functor, std::forward<_Fn>(__f), _Local_storage());
        2:  217-block 4
appel   0 a retourné 2
        2:  218:	  }
------------------
_ZNSt14_Function_base13_Base_managerIZN7FactoryC4EvEUl13dataPrimitiveRKNSt7__cxx1112basic_stringIcSt11char_traitsIcESaIcEEEE0_E15_M_init_functorIRKSB_EEvRSt9_Any_dataOT_:
function _ZNSt14_Function_base13_Base_managerIZN7FactoryC4EvEUl13dataPrimitiveRKNSt7__cxx1112basic_stringIcSt11char_traitsIcESaIcEEEE0_E15_M_init_functorIRKSB_EEvRSt9_Any_dataOT_ called 2 returned 100% blocks executed 100%
        2:  213:	  _M_init_functor(_Any_data& __functor, _Fn&& __f)
        2:  213-block 2
        -:  214:	  noexcept(__and_<_Local_storage,
        -:  215:			  is_nothrow_constructible<_Functor, _Fn>>::value)
        -:  216:	  {
        2:  217:	    _M_create(__functor, std::forward<_Fn>(__f), _Local_storage());
        2:  217-block 4
appel   0 a retourné 2
        2:  218:	  }
------------------
_ZNSt14_Function_base13_Base_managerIZN7FactoryC4EvEUl13dataPrimitiveRKNSt7__cxx1112basic_stringIcSt11char_traitsIcESaIcEEEE_E15_M_init_functorIRKSB_EEvRSt9_Any_dataOT_:
function _ZNSt14_Function_base13_Base_managerIZN7FactoryC4EvEUl13dataPrimitiveRKNSt7__cxx1112basic_stringIcSt11char_traitsIcESaIcEEEE_E15_M_init_functorIRKSB_EEvRSt9_Any_dataOT_ called 2 returned 100% blocks executed 100%
        2:  213:	  _M_init_functor(_Any_data& __functor, _Fn&& __f)
        2:  213-block 2
        -:  214:	  noexcept(__and_<_Local_storage,
        -:  215:			  is_nothrow_constructible<_Functor, _Fn>>::value)
        -:  216:	  {
        2:  217:	    _M_create(__functor, std::forward<_Fn>(__f), _Local_storage());
        2:  217-block 4
appel   0 a retourné 2
        2:  218:	  }
------------------
_ZNSt14_Function_base13_Base_managerIZN7FactoryC4EvEUl9dataLightRKNSt7__cxx1112basic_stringIcSt11char_traitsIcESaIcEEEE0_E15_M_init_functorISB_EEvRSt9_Any_dataOT_:
function _ZNSt14_Function_base13_Base_managerIZN7FactoryC4EvEUl9dataLightRKNSt7__cxx1112basic_stringIcSt11char_traitsIcESaIcEEEE0_E15_M_init_functorISB_EEvRSt9_Any_dataOT_ called 1 returned 100% blocks executed 100%
        1:  213:	  _M_init_functor(_Any_data& __functor, _Fn&& __f)
        1:  213-block 2
        -:  214:	  noexcept(__and_<_Local_storage,
        -:  215:			  is_nothrow_constructible<_Functor, _Fn>>::value)
        -:  216:	  {
        1:  217:	    _M_create(__functor, std::forward<_Fn>(__f), _Local_storage());
        1:  217-block 4
appel   0 a retourné 1
        1:  218:	  }
------------------
_ZNSt14_Function_base13_Base_managerIZN7FactoryC4EvEUl9dataLightRKNSt7__cxx1112basic_stringIcSt11char_traitsIcESaIcEEEE_E15_M_init_functorISB_EEvRSt9_Any_dataOT_:
function _ZNSt14_Function_base13_Base_managerIZN7FactoryC4EvEUl9dataLightRKNSt7__cxx1112basic_stringIcSt11char_traitsIcESaIcEEEE_E15_M_init_functorISB_EEvRSt9_Any_dataOT_ called 1 returned 100% blocks executed 100%
        1:  213:	  _M_init_functor(_Any_data& __functor, _Fn&& __f)
        1:  213-block 2
        -:  214:	  noexcept(__and_<_Local_storage,
        -:  215:			  is_nothrow_constructible<_Functor, _Fn>>::value)
        -:  216:	  {
        1:  217:	    _M_create(__functor, std::forward<_Fn>(__f), _Local_storage());
        1:  217-block 4
appel   0 a retourné 1
        1:  218:	  }
------------------
_ZNSt14_Function_base13_Base_managerIZN7FactoryC4EvEUl13dataPrimitiveRKNSt7__cxx1112basic_stringIcSt11char_traitsIcESaIcEEEE1_E15_M_init_functorISB_EEvRSt9_Any_dataOT_:
function _ZNSt14_Function_base13_Base_managerIZN7FactoryC4EvEUl13dataPrimitiveRKNSt7__cxx1112basic_stringIcSt11char_traitsIcESaIcEEEE1_E15_M_init_functorISB_EEvRSt9_Any_dataOT_ called 1 returned 100% blocks executed 100%
        1:  213:	  _M_init_functor(_Any_data& __functor, _Fn&& __f)
        1:  213-block 2
        -:  214:	  noexcept(__and_<_Local_storage,
        -:  215:			  is_nothrow_constructible<_Functor, _Fn>>::value)
        -:  216:	  {
        1:  217:	    _M_create(__functor, std::forward<_Fn>(__f), _Local_storage());
        1:  217-block 4
appel   0 a retourné 1
        1:  218:	  }
------------------
_ZNSt14_Function_base13_Base_managerIZN7FactoryC4EvEUl13dataPrimitiveRKNSt7__cxx1112basic_stringIcSt11char_traitsIcESaIcEEEE0_E15_M_init_functorISB_EEvRSt9_Any_dataOT_:
function _ZNSt14_Function_base13_Base_managerIZN7FactoryC4EvEUl13dataPrimitiveRKNSt7__cxx1112basic_stringIcSt11char_traitsIcESaIcEEEE0_E15_M_init_functorISB_EEvRSt9_Any_dataOT_ called 1 returned 100% blocks executed 100%
        1:  213:	  _M_init_functor(_Any_data& __functor, _Fn&& __f)
        1:  213-block 2
        -:  214:	  noexcept(__and_<_Local_storage,
        -:  215:			  is_nothrow_constructible<_Functor, _Fn>>::value)
        -:  216:	  {
        1:  217:	    _M_create(__functor, std::forward<_Fn>(__f), _Local_storage());
        1:  217-block 4
appel   0 a retourné 1
        1:  218:	  }
------------------
_ZNSt14_Function_base13_Base_managerIZN7FactoryC4EvEUl13dataPrimitiveRKNSt7__cxx1112basic_stringIcSt11char_traitsIcESaIcEEEE_E15_M_init_functorISB_EEvRSt9_Any_dataOT_:
function _ZNSt14_Function_base13_Base_managerIZN7FactoryC4EvEUl13dataPrimitiveRKNSt7__cxx1112basic_stringIcSt11char_traitsIcESaIcEEEE_E15_M_init_functorISB_EEvRSt9_Any_dataOT_ called 1 returned 100% blocks executed 100%
        1:  213:	  _M_init_functor(_Any_data& __functor, _Fn&& __f)
        1:  213-block 2
        -:  214:	  noexcept(__and_<_Local_storage,
        -:  215:			  is_nothrow_constructible<_Functor, _Fn>>::value)
        -:  216:	  {
        1:  217:	    _M_create(__functor, std::forward<_Fn>(__f), _Local_storage());
        1:  217-block 4
appel   0 a retourné 1
        1:  218:	  }
------------------
        -:  219:
        -:  220:	template<typename _Signature>
        -:  221:	  static bool
        -:  222:	  _M_not_empty_function(const function<_Signature>& __f) noexcept
        -:  223:	  { return static_cast<bool>(__f); }
        -:  224:
        -:  225:	template<typename _Tp>
        -:  226:	  static bool
        -:  227:	  _M_not_empty_function(_Tp* __fp) noexcept
        -:  228:	  { return __fp != nullptr; }
        -:  229:
        -:  230:	template<typename _Class, typename _Tp>
        -:  231:	  static bool
        -:  232:	  _M_not_empty_function(_Tp _Class::* __mp) noexcept
        -:  233:	  { return __mp != nullptr; }
        -:  234:
        -:  235:	template<typename _Tp>
        -:  236:	  static bool
        5:  237:	  _M_not_empty_function(const _Tp&) noexcept
        5:  238:	  { return true; }
------------------
_ZNSt14_Function_base13_Base_managerIZN7FactoryC4EvEUl9dataLightRKNSt7__cxx1112basic_stringIcSt11char_traitsIcESaIcEEEE0_E21_M_not_empty_functionISB_EEbRKT_:
function _ZNSt14_Function_base13_Base_managerIZN7FactoryC4EvEUl9dataLightRKNSt7__cxx1112basic_stringIcSt11char_traitsIcESaIcEEEE0_E21_M_not_empty_functionISB_EEbRKT_ called 1 returned 100% blocks executed 100%
        1:  237:	  _M_not_empty_function(const _Tp&) noexcept
        1:  238:	  { return true; }
        1:  238-block 2
------------------
_ZNSt14_Function_base13_Base_managerIZN7FactoryC4EvEUl9dataLightRKNSt7__cxx1112basic_stringIcSt11char_traitsIcESaIcEEEE_E21_M_not_empty_functionISB_EEbRKT_:
function _ZNSt14_Function_base13_Base_managerIZN7FactoryC4EvEUl9dataLightRKNSt7__cxx1112basic_stringIcSt11char_traitsIcESaIcEEEE_E21_M_not_empty_functionISB_EEbRKT_ called 1 returned 100% blocks executed 100%
        1:  237:	  _M_not_empty_function(const _Tp&) noexcept
        1:  238:	  { return true; }
        1:  238-block 2
------------------
_ZNSt14_Function_base13_Base_managerIZN7FactoryC4EvEUl13dataPrimitiveRKNSt7__cxx1112basic_stringIcSt11char_traitsIcESaIcEEEE1_E21_M_not_empty_functionISB_EEbRKT_:
function _ZNSt14_Function_base13_Base_managerIZN7FactoryC4EvEUl13dataPrimitiveRKNSt7__cxx1112basic_stringIcSt11char_traitsIcESaIcEEEE1_E21_M_not_empty_functionISB_EEbRKT_ called 1 returned 100% blocks executed 100%
        1:  237:	  _M_not_empty_function(const _Tp&) noexcept
        1:  238:	  { return true; }
        1:  238-block 2
------------------
_ZNSt14_Function_base13_Base_managerIZN7FactoryC4EvEUl13dataPrimitiveRKNSt7__cxx1112basic_stringIcSt11char_traitsIcESaIcEEEE0_E21_M_not_empty_functionISB_EEbRKT_:
function _ZNSt14_Function_base13_Base_managerIZN7FactoryC4EvEUl13dataPrimitiveRKNSt7__cxx1112basic_stringIcSt11char_traitsIcESaIcEEEE0_E21_M_not_empty_functionISB_EEbRKT_ called 1 returned 100% blocks executed 100%
        1:  237:	  _M_not_empty_function(const _Tp&) noexcept
        1:  238:	  { return true; }
        1:  238-block 2
------------------
_ZNSt14_Function_base13_Base_managerIZN7FactoryC4EvEUl13dataPrimitiveRKNSt7__cxx1112basic_stringIcSt11char_traitsIcESaIcEEEE_E21_M_not_empty_functionISB_EEbRKT_:
function _ZNSt14_Function_base13_Base_managerIZN7FactoryC4EvEUl13dataPrimitiveRKNSt7__cxx1112basic_stringIcSt11char_traitsIcESaIcEEEE_E21_M_not_empty_functionISB_EEbRKT_ called 1 returned 100% blocks executed 100%
        1:  237:	  _M_not_empty_function(const _Tp&) noexcept
        1:  238:	  { return true; }
        1:  238-block 2
------------------
        -:  239:      };
        -:  240:
function _ZNSt14_Function_baseC2Ev called 20 returned 100% blocks executed 100%
       20:  241:    _Function_base() = default;
        -:  242:
function _ZNSt14_Function_baseD2Ev called 10 returned 100% blocks executed 100%
       10:  243:    ~_Function_base()
        -:  244:    {
       10:  245:      if (_M_manager)
       10:  245-block 2
branchement  0 pris 5 (fallthrough)
branchement  1 pris 5
        5:  246:	_M_manager(_M_functor, _M_functor, __destroy_functor);
        5:  246-block 3
appel   0 a retourné 5
       10:  247:    }
        -:  248:
function _ZNKSt14_Function_base8_M_emptyEv called 17 returned 100% blocks executed 100%
       17:  249:    bool _M_empty() const { return !_M_manager; }
       17:  249-block 2
        -:  250:
        -:  251:    using _Manager_type
        -:  252:      = bool (*)(_Any_data&, const _Any_data&, _Manager_operation);
        -:  253:
        -:  254:    _Any_data     _M_functor{};
        -:  255:    _Manager_type _M_manager{};
        -:  256:  };
        -:  257:
        -:  258:  template<typename _Signature, typename _Functor>
        -:  259:    class _Function_handler;
        -:  260:
        -:  261:  template<typename _Res, typename _Functor, typename... _ArgTypes>
        -:  262:    class _Function_handler<_Res(_ArgTypes...), _Functor>
        -:  263:    : public _Function_base::_Base_manager<_Functor>
        -:  264:    {
        -:  265:      using _Base = _Function_base::_Base_manager<_Functor>;
        -:  266:
        -:  267:    public:
        -:  268:      static bool
       15:  269:      _M_manager(_Any_data& __dest, const _Any_data& __source,
        -:  270:		 _Manager_operation __op)
        -:  271:      {
       15:  272:	switch (__op)
        -:  273:	  {
        -:  274:#if __cpp_rtti
    #####:  275:	  case __get_type_info:
    #####:  276:	    __dest._M_access<const type_info*>() = &typeid(_Functor);
    #####:  277:	    break;
        -:  278:#endif
    #####:  279:	  case __get_functor_ptr:
    #####:  280:	    __dest._M_access<_Functor*>() = _Base::_M_get_pointer(__source);
    #####:  281:	    break;
        -:  282:
       15:  283:	  default:
       15:  284:	    _Base::_M_manager(__dest, __source, __op);
        -:  285:	  }
       15:  286:	return false;
        -:  287:      }
------------------
_ZNSt17_Function_handlerIFSt10shared_ptrI6ILightE9dataLightRKNSt7__cxx1112basic_stringIcSt11char_traitsIcESaIcEEEEZN7FactoryC4EvEUlS3_SB_E0_E10_M_managerERSt9_Any_dataRKSG_St18_Manager_operation:
function _ZNSt17_Function_handlerIFSt10shared_ptrI6ILightE9dataLightRKNSt7__cxx1112basic_stringIcSt11char_traitsIcESaIcEEEEZN7FactoryC4EvEUlS3_SB_E0_E10_M_managerERSt9_Any_dataRKSG_St18_Manager_operation called 3 returned 100% blocks executed 44%
        3:  269:      _M_manager(_Any_data& __dest, const _Any_data& __source,
        -:  270:		 _Manager_operation __op)
        -:  271:      {
        3:  272:	switch (__op)
        3:  272-block 2
branchement  0 pris 0
branchement  1 pris 0
branchement  2 pris 3
        -:  273:	  {
        -:  274:#if __cpp_rtti
    #####:  275:	  case __get_type_info:
    #####:  276:	    __dest._M_access<const type_info*>() = &typeid(_Functor);
    %%%%%:  276-block 3
appel   0 jamais exécuté
    #####:  277:	    break;
        -:  278:#endif
    #####:  279:	  case __get_functor_ptr:
    #####:  280:	    __dest._M_access<_Functor*>() = _Base::_M_get_pointer(__source);
    %%%%%:  280-block 5
appel   0 jamais exécuté
appel   1 jamais exécuté
    #####:  281:	    break;
        -:  282:
        3:  283:	  default:
        3:  284:	    _Base::_M_manager(__dest, __source, __op);
        3:  284-block 8
appel   0 a retourné 3
        -:  285:	  }
        3:  286:	return false;
        3:  286-block 9
        -:  287:      }
------------------
_ZNSt17_Function_handlerIFSt10shared_ptrI6ILightE9dataLightRKNSt7__cxx1112basic_stringIcSt11char_traitsIcESaIcEEEEZN7FactoryC4EvEUlS3_SB_E_E10_M_managerERSt9_Any_dataRKSG_St18_Manager_operation:
function _ZNSt17_Function_handlerIFSt10shared_ptrI6ILightE9dataLightRKNSt7__cxx1112basic_stringIcSt11char_traitsIcESaIcEEEEZN7FactoryC4EvEUlS3_SB_E_E10_M_managerERSt9_Any_dataRKSG_St18_Manager_operation called 3 returned 100% blocks executed 44%
        3:  269:      _M_manager(_Any_data& __dest, const _Any_data& __source,
        -:  270:		 _Manager_operation __op)
        -:  271:      {
        3:  272:	switch (__op)
        3:  272-block 2
branchement  0 pris 0
branchement  1 pris 0
branchement  2 pris 3
        -:  273:	  {
        -:  274:#if __cpp_rtti
    #####:  275:	  case __get_type_info:
    #####:  276:	    __dest._M_access<const type_info*>() = &typeid(_Functor);
    %%%%%:  276-block 3
appel   0 jamais exécuté
    #####:  277:	    break;
        -:  278:#endif
    #####:  279:	  case __get_functor_ptr:
    #####:  280:	    __dest._M_access<_Functor*>() = _Base::_M_get_pointer(__source);
    %%%%%:  280-block 5
appel   0 jamais exécuté
appel   1 jamais exécuté
    #####:  281:	    break;
        -:  282:
        3:  283:	  default:
        3:  284:	    _Base::_M_manager(__dest, __source, __op);
        3:  284-block 8
appel   0 a retourné 3
        -:  285:	  }
        3:  286:	return false;
        3:  286-block 9
        -:  287:      }
------------------
_ZNSt17_Function_handlerIFSt10shared_ptrI10IPrimitiveE13dataPrimitiveRKNSt7__cxx1112basic_stringIcSt11char_traitsIcESaIcEEEEZN7FactoryC4EvEUlS3_SB_E1_E10_M_managerERSt9_Any_dataRKSG_St18_Manager_operation:
function _ZNSt17_Function_handlerIFSt10shared_ptrI10IPrimitiveE13dataPrimitiveRKNSt7__cxx1112basic_stringIcSt11char_traitsIcESaIcEEEEZN7FactoryC4EvEUlS3_SB_E1_E10_M_managerERSt9_Any_dataRKSG_St18_Manager_operation called 3 returned 100% blocks executed 44%
        3:  269:      _M_manager(_Any_data& __dest, const _Any_data& __source,
        -:  270:		 _Manager_operation __op)
        -:  271:      {
        3:  272:	switch (__op)
        3:  272-block 2
branchement  0 pris 0
branchement  1 pris 0
branchement  2 pris 3
        -:  273:	  {
        -:  274:#if __cpp_rtti
    #####:  275:	  case __get_type_info:
    #####:  276:	    __dest._M_access<const type_info*>() = &typeid(_Functor);
    %%%%%:  276-block 3
appel   0 jamais exécuté
    #####:  277:	    break;
        -:  278:#endif
    #####:  279:	  case __get_functor_ptr:
    #####:  280:	    __dest._M_access<_Functor*>() = _Base::_M_get_pointer(__source);
    %%%%%:  280-block 5
appel   0 jamais exécuté
appel   1 jamais exécuté
    #####:  281:	    break;
        -:  282:
        3:  283:	  default:
        3:  284:	    _Base::_M_manager(__dest, __source, __op);
        3:  284-block 8
appel   0 a retourné 3
        -:  285:	  }
        3:  286:	return false;
        3:  286-block 9
        -:  287:      }
------------------
_ZNSt17_Function_handlerIFSt10shared_ptrI10IPrimitiveE13dataPrimitiveRKNSt7__cxx1112basic_stringIcSt11char_traitsIcESaIcEEEEZN7FactoryC4EvEUlS3_SB_E0_E10_M_managerERSt9_Any_dataRKSG_St18_Manager_operation:
function _ZNSt17_Function_handlerIFSt10shared_ptrI10IPrimitiveE13dataPrimitiveRKNSt7__cxx1112basic_stringIcSt11char_traitsIcESaIcEEEEZN7FactoryC4EvEUlS3_SB_E0_E10_M_managerERSt9_Any_dataRKSG_St18_Manager_operation called 3 returned 100% blocks executed 44%
        3:  269:      _M_manager(_Any_data& __dest, const _Any_data& __source,
        -:  270:		 _Manager_operation __op)
        -:  271:      {
        3:  272:	switch (__op)
        3:  272-block 2
branchement  0 pris 0
branchement  1 pris 0
branchement  2 pris 3
        -:  273:	  {
        -:  274:#if __cpp_rtti
    #####:  275:	  case __get_type_info:
    #####:  276:	    __dest._M_access<const type_info*>() = &typeid(_Functor);
    %%%%%:  276-block 3
appel   0 jamais exécuté
    #####:  277:	    break;
        -:  278:#endif
    #####:  279:	  case __get_functor_ptr:
    #####:  280:	    __dest._M_access<_Functor*>() = _Base::_M_get_pointer(__source);
    %%%%%:  280-block 5
appel   0 jamais exécuté
appel   1 jamais exécuté
    #####:  281:	    break;
        -:  282:
        3:  283:	  default:
        3:  284:	    _Base::_M_manager(__dest, __source, __op);
        3:  284-block 8
appel   0 a retourné 3
        -:  285:	  }
        3:  286:	return false;
        3:  286-block 9
        -:  287:      }
------------------
_ZNSt17_Function_handlerIFSt10shared_ptrI10IPrimitiveE13dataPrimitiveRKNSt7__cxx1112basic_stringIcSt11char_traitsIcESaIcEEEEZN7FactoryC4EvEUlS3_SB_E_E10_M_managerERSt9_Any_dataRKSG_St18_Manager_operation:
function _ZNSt17_Function_handlerIFSt10shared_ptrI10IPrimitiveE13dataPrimitiveRKNSt7__cxx1112basic_stringIcSt11char_traitsIcESaIcEEEEZN7FactoryC4EvEUlS3_SB_E_E10_M_managerERSt9_Any_dataRKSG_St18_Manager_operation called 3 returned 100% blocks executed 44%
        3:  269:      _M_manager(_Any_data& __dest, const _Any_data& __source,
        -:  270:		 _Manager_operation __op)
        -:  271:      {
        3:  272:	switch (__op)
        3:  272-block 2
branchement  0 pris 0
branchement  1 pris 0
branchement  2 pris 3
        -:  273:	  {
        -:  274:#if __cpp_rtti
    #####:  275:	  case __get_type_info:
    #####:  276:	    __dest._M_access<const type_info*>() = &typeid(_Functor);
    %%%%%:  276-block 3
appel   0 jamais exécuté
    #####:  277:	    break;
        -:  278:#endif
    #####:  279:	  case __get_functor_ptr:
    #####:  280:	    __dest._M_access<_Functor*>() = _Base::_M_get_pointer(__source);
    %%%%%:  280-block 5
appel   0 jamais exécuté
appel   1 jamais exécuté
    #####:  281:	    break;
        -:  282:
        3:  283:	  default:
        3:  284:	    _Base::_M_manager(__dest, __source, __op);
        3:  284-block 8
appel   0 a retourné 3
        -:  285:	  }
        3:  286:	return false;
        3:  286-block 9
        -:  287:      }
------------------
        -:  288:
        -:  289:      static _Res
       7*:  290:      _M_invoke(const _Any_data& __functor, _ArgTypes&&... __args)
        -:  291:      {
       7*:  292:	return std::__invoke_r<_Res>(*_Base::_M_get_pointer(__functor),
      14*:  293:				     std::forward<_ArgTypes>(__args)...);
        -:  294:      }
------------------
_ZNSt17_Function_handlerIFSt10shared_ptrI6ILightE9dataLightRKNSt7__cxx1112basic_stringIcSt11char_traitsIcESaIcEEEEZN7FactoryC4EvEUlS3_SB_E0_E9_M_invokeERKSt9_Any_dataOS3_SB_:
function _ZNSt17_Function_handlerIFSt10shared_ptrI6ILightE9dataLightRKNSt7__cxx1112basic_stringIcSt11char_traitsIcESaIcEEEEZN7FactoryC4EvEUlS3_SB_E0_E9_M_invokeERKSt9_Any_dataOS3_SB_ called 0 returned 0% blocks executed 0%
    #####:  290:      _M_invoke(const _Any_data& __functor, _ArgTypes&&... __args)
    %%%%%:  290-block 2
        -:  291:      {
    #####:  292:	return std::__invoke_r<_Res>(*_Base::_M_get_pointer(__functor),
    #####:  293:				     std::forward<_ArgTypes>(__args)...);
    %%%%%:  293-block 4
    %%%%%:  293-block 6
appel   0 jamais exécuté
appel   1 jamais exécuté
        -:  294:      }
------------------
_ZNSt17_Function_handlerIFSt10shared_ptrI6ILightE9dataLightRKNSt7__cxx1112basic_stringIcSt11char_traitsIcESaIcEEEEZN7FactoryC4EvEUlS3_SB_E_E9_M_invokeERKSt9_Any_dataOS3_SB_:
function _ZNSt17_Function_handlerIFSt10shared_ptrI6ILightE9dataLightRKNSt7__cxx1112basic_stringIcSt11char_traitsIcESaIcEEEEZN7FactoryC4EvEUlS3_SB_E_E9_M_invokeERKSt9_Any_dataOS3_SB_ called 1 returned 100% blocks executed 100%
        1:  290:      _M_invoke(const _Any_data& __functor, _ArgTypes&&... __args)
        1:  290-block 2
        -:  291:      {
        1:  292:	return std::__invoke_r<_Res>(*_Base::_M_get_pointer(__functor),
        2:  293:				     std::forward<_ArgTypes>(__args)...);
        1:  293-block 4
        1:  293-block 6
appel   0 a retourné 1
appel   1 a retourné 1
        -:  294:      }
------------------
_ZNSt17_Function_handlerIFSt10shared_ptrI10IPrimitiveE13dataPrimitiveRKNSt7__cxx1112basic_stringIcSt11char_traitsIcESaIcEEEEZN7FactoryC4EvEUlS3_SB_E1_E9_M_invokeERKSt9_Any_dataOS3_SB_:
function _ZNSt17_Function_handlerIFSt10shared_ptrI10IPrimitiveE13dataPrimitiveRKNSt7__cxx1112basic_stringIcSt11char_traitsIcESaIcEEEEZN7FactoryC4EvEUlS3_SB_E1_E9_M_invokeERKSt9_Any_dataOS3_SB_ called 0 returned 0% blocks executed 0%
    #####:  290:      _M_invoke(const _Any_data& __functor, _ArgTypes&&... __args)
    %%%%%:  290-block 2
        -:  291:      {
    #####:  292:	return std::__invoke_r<_Res>(*_Base::_M_get_pointer(__functor),
    #####:  293:				     std::forward<_ArgTypes>(__args)...);
    %%%%%:  293-block 4
    %%%%%:  293-block 6
appel   0 jamais exécuté
appel   1 jamais exécuté
        -:  294:      }
------------------
_ZNSt17_Function_handlerIFSt10shared_ptrI10IPrimitiveE13dataPrimitiveRKNSt7__cxx1112basic_stringIcSt11char_traitsIcESaIcEEEEZN7FactoryC4EvEUlS3_SB_E0_E9_M_invokeERKSt9_Any_dataOS3_SB_:
function _ZNSt17_Function_handlerIFSt10shared_ptrI10IPrimitiveE13dataPrimitiveRKNSt7__cxx1112basic_stringIcSt11char_traitsIcESaIcEEEEZN7FactoryC4EvEUlS3_SB_E0_E9_M_invokeERKSt9_Any_dataOS3_SB_ called 1 returned 100% blocks executed 100%
        1:  290:      _M_invoke(const _Any_data& __functor, _ArgTypes&&... __args)
        1:  290-block 2
        -:  291:      {
        1:  292:	return std::__invoke_r<_Res>(*_Base::_M_get_pointer(__functor),
        2:  293:				     std::forward<_ArgTypes>(__args)...);
        1:  293-block 4
        1:  293-block 6
appel   0 a retourné 1
appel   1 a retourné 1
        -:  294:      }
------------------
_ZNSt17_Function_handlerIFSt10shared_ptrI10IPrimitiveE13dataPrimitiveRKNSt7__cxx1112basic_stringIcSt11char_traitsIcESaIcEEEEZN7FactoryC4EvEUlS3_SB_E_E9_M_invokeERKSt9_Any_dataOS3_SB_:
function _ZNSt17_Function_handlerIFSt10shared_ptrI10IPrimitiveE13dataPrimitiveRKNSt7__cxx1112basic_stringIcSt11char_traitsIcESaIcEEEEZN7FactoryC4EvEUlS3_SB_E_E9_M_invokeERKSt9_Any_dataOS3_SB_ called 5 returned 100% blocks executed 100%
        5:  290:      _M_invoke(const _Any_data& __functor, _ArgTypes&&... __args)
        5:  290-block 2
        -:  291:      {
        5:  292:	return std::__invoke_r<_Res>(*_Base::_M_get_pointer(__functor),
       10:  293:				     std::forward<_ArgTypes>(__args)...);
        5:  293-block 4
        5:  293-block 6
appel   0 a retourné 5
appel   1 a retourné 5
        -:  294:      }
------------------
        -:  295:
        -:  296:      template<typename _Fn>
        -:  297:	static constexpr bool
        -:  298:	_S_nothrow_init() noexcept
        -:  299:	{
        -:  300:	  return __and_<typename _Base::_Local_storage,
        -:  301:			is_nothrow_constructible<_Functor, _Fn>>::value;
        -:  302:	}
        -:  303:    };
        -:  304:
        -:  305:  // Specialization for invalid types
        -:  306:  template<>
        -:  307:    class _Function_handler<void, void>
        -:  308:    {
        -:  309:    public:
        -:  310:      static bool
        -:  311:      _M_manager(_Any_data&, const _Any_data&, _Manager_operation)
        -:  312:      { return false; }
        -:  313:    };
        -:  314:
        -:  315:  // Avoids instantiating ill-formed specializations of _Function_handler
        -:  316:  // in std::function<_Signature>::target<_Functor>().
        -:  317:  // e.g. _Function_handler<Sig, void()> and _Function_handler<Sig, void>
        -:  318:  // would be ill-formed.
        -:  319:  template<typename _Signature, typename _Functor,
        -:  320:	   bool __valid = is_object<_Functor>::value>
        -:  321:    struct _Target_handler
        -:  322:    : _Function_handler<_Signature, typename remove_cv<_Functor>::type>
        -:  323:    { };
        -:  324:
        -:  325:  template<typename _Signature, typename _Functor>
        -:  326:    struct _Target_handler<_Signature, _Functor, false>
        -:  327:    : _Function_handler<void, void>
        -:  328:    { };
        -:  329:
        -:  330:  /**
        -:  331:   *  @brief Polymorphic function wrapper.
        -:  332:   *  @ingroup functors
        -:  333:   *  @since C++11
        -:  334:   */
        -:  335:  template<typename _Res, typename... _ArgTypes>
        -:  336:    class function<_Res(_ArgTypes...)>
        -:  337:    : public _Maybe_unary_or_binary_function<_Res, _ArgTypes...>,
        -:  338:      private _Function_base
        -:  339:    {
        -:  340:      // Equivalent to std::decay_t except that it produces an invalid type
        -:  341:      // if the decayed type is the current specialization of std::function.
        -:  342:      template<typename _Func,
        -:  343:	       bool _Self = is_same<__remove_cvref_t<_Func>, function>::value>
        -:  344:	using _Decay_t
        -:  345:	  = typename __enable_if_t<!_Self, decay<_Func>>::type;
        -:  346:
        -:  347:      template<typename _Func,
        -:  348:	       typename _DFunc = _Decay_t<_Func>,
        -:  349:	       typename _Res2 = __invoke_result<_DFunc&, _ArgTypes...>>
        -:  350:	struct _Callable
        -:  351:	: __is_invocable_impl<_Res2, _Res>::type
        -:  352:	{ };
        -:  353:
        -:  354:      template<typename _Cond, typename _Tp = void>
        -:  355:	using _Requires = __enable_if_t<_Cond::value, _Tp>;
        -:  356:
        -:  357:      template<typename _Functor>
        -:  358:	using _Handler
        -:  359:	  = _Function_handler<_Res(_ArgTypes...), __decay_t<_Functor>>;
        -:  360:
        -:  361:    public:
        -:  362:      typedef _Res result_type;
        -:  363:
        -:  364:      // [3.7.2.1] construct/copy/destroy
        -:  365:
        -:  366:      /**
        -:  367:       *  @brief Default construct creates an empty function call wrapper.
        -:  368:       *  @post `!(bool)*this`
        -:  369:       */
        5:  370:      function() noexcept
        5:  371:      : _Function_base() { }
------------------
_ZNSt8functionIFSt10shared_ptrI6ILightE9dataLightRKNSt7__cxx1112basic_stringIcSt11char_traitsIcESaIcEEEEEC2Ev:
function _ZNSt8functionIFSt10shared_ptrI6ILightE9dataLightRKNSt7__cxx1112basic_stringIcSt11char_traitsIcESaIcEEEEEC2Ev called 2 returned 100% blocks executed 100%
        2:  370:      function() noexcept
        2:  371:      : _Function_base() { }
        2:  371-block 2
appel   0 a retourné 2
------------------
_ZNSt8functionIFSt10shared_ptrI10IPrimitiveE13dataPrimitiveRKNSt7__cxx1112basic_stringIcSt11char_traitsIcESaIcEEEEEC2Ev:
function _ZNSt8functionIFSt10shared_ptrI10IPrimitiveE13dataPrimitiveRKNSt7__cxx1112basic_stringIcSt11char_traitsIcESaIcEEEEEC2Ev called 3 returned 100% blocks executed 100%
        3:  370:      function() noexcept
        3:  371:      : _Function_base() { }
        3:  371-block 2
appel   0 a retourné 3
------------------
        -:  372:
        -:  373:      /**
        -:  374:       *  @brief Creates an empty function call wrapper.
        -:  375:       *  @post @c !(bool)*this
        -:  376:       */
        -:  377:      function(nullptr_t) noexcept
        -:  378:      : _Function_base() { }
        -:  379:
        -:  380:      /**
        -:  381:       *  @brief %Function copy constructor.
        -:  382:       *  @param __x A %function object with identical call signature.
        -:  383:       *  @post `bool(*this) == bool(__x)`
        -:  384:       *
        -:  385:       *  The newly-created %function contains a copy of the target of
        -:  386:       *  `__x` (if it has one).
        -:  387:       */
       10:  388:      function(const function& __x)
       10:  389:      : _Function_base()
        -:  390:      {
       10:  391:	if (static_cast<bool>(__x))
        -:  392:	  {
       10:  393:	    __x._M_manager(_M_functor, __x._M_functor, __clone_functor);
       10:  394:	    _M_invoker = __x._M_invoker;
       10:  395:	    _M_manager = __x._M_manager;
        -:  396:	  }
       10:  397:      }
------------------
_ZNSt8functionIFSt10shared_ptrI6ILightE9dataLightRKNSt7__cxx1112basic_stringIcSt11char_traitsIcESaIcEEEEEC2ERKSD_:
function _ZNSt8functionIFSt10shared_ptrI6ILightE9dataLightRKNSt7__cxx1112basic_stringIcSt11char_traitsIcESaIcEEEEEC2ERKSD_ called 4 returned 100% blocks executed 88%
        4:  388:      function(const function& __x)
        4:  389:      : _Function_base()
        4:  389-block 2
appel   0 a retourné 4
        -:  390:      {
        4:  391:	if (static_cast<bool>(__x))
appel   0 a retourné 4
branchement  1 pris 4 (fallthrough)
branchement  2 pris 0
        -:  392:	  {
        4:  393:	    __x._M_manager(_M_functor, __x._M_functor, __clone_functor);
        4:  393-block 5
appel   0 a retourné 4
branchement  1 pris 4 (fallthrough)
branchement  2 pris 0 (throw)
        4:  394:	    _M_invoker = __x._M_invoker;
        4:  395:	    _M_manager = __x._M_manager;
        4:  395-block 6
        -:  396:	  }
        4:  397:      }
        4:  397-block 7
    $$$$$:  397-block 8
appel   0 jamais exécuté
------------------
_ZNSt8functionIFSt10shared_ptrI10IPrimitiveE13dataPrimitiveRKNSt7__cxx1112basic_stringIcSt11char_traitsIcESaIcEEEEEC2ERKSD_:
function _ZNSt8functionIFSt10shared_ptrI10IPrimitiveE13dataPrimitiveRKNSt7__cxx1112basic_stringIcSt11char_traitsIcESaIcEEEEEC2ERKSD_ called 6 returned 100% blocks executed 88%
        6:  388:      function(const function& __x)
        6:  389:      : _Function_base()
        6:  389-block 2
appel   0 a retourné 6
        -:  390:      {
        6:  391:	if (static_cast<bool>(__x))
appel   0 a retourné 6
branchement  1 pris 6 (fallthrough)
branchement  2 pris 0
        -:  392:	  {
        6:  393:	    __x._M_manager(_M_functor, __x._M_functor, __clone_functor);
        6:  393-block 5
appel   0 a retourné 6
branchement  1 pris 6 (fallthrough)
branchement  2 pris 0 (throw)
        6:  394:	    _M_invoker = __x._M_invoker;
        6:  395:	    _M_manager = __x._M_manager;
        6:  395-block 6
        -:  396:	  }
        6:  397:      }
        6:  397-block 7
    $$$$$:  397-block 8
appel   0 jamais exécuté
------------------
        -:  398:
        -:  399:      /**
        -:  400:       *  @brief %Function move constructor.
        -:  401:       *  @param __x A %function object rvalue with identical call signature.
        -:  402:       *
        -:  403:       *  The newly-created %function contains the target of `__x`
        -:  404:       *  (if it has one).
        -:  405:       */
        -:  406:      function(function&& __x) noexcept
        -:  407:      : _Function_base(), _M_invoker(__x._M_invoker)
        -:  408:      {
        -:  409:	if (static_cast<bool>(__x))
        -:  410:	  {
        -:  411:	    _M_functor = __x._M_functor;
        -:  412:	    _M_manager = __x._M_manager;
        -:  413:	    __x._M_manager = nullptr;
        -:  414:	    __x._M_invoker = nullptr;
        -:  415:	  }
        -:  416:      }
        -:  417:
        -:  418:      /**
        -:  419:       *  @brief Builds a %function that targets a copy of the incoming
        -:  420:       *  function object.
        -:  421:       *  @param __f A %function object that is callable with parameters of
        -:  422:       *  type `ArgTypes...` and returns a value convertible to `Res`.
        -:  423:       *
        -:  424:       *  The newly-created %function object will target a copy of
        -:  425:       *  `__f`. If `__f` is `reference_wrapper<F>`, then this function
        -:  426:       *  object will contain a reference to the function object `__f.get()`.
        -:  427:       *  If `__f` is a null function pointer, null pointer-to-member, or
        -:  428:       *  empty `std::function`, the newly-created object will be empty.
        -:  429:       *
        -:  430:       *  If `__f` is a non-null function pointer or an object of type
        -:  431:       *  `reference_wrapper<F>`, this function will not throw.
        -:  432:       */
        -:  433:      // _GLIBCXX_RESOLVE_LIB_DEFECTS
        -:  434:      // 2774. std::function construction vs assignment
        -:  435:      template<typename _Functor,
        -:  436:	       typename _Constraints = _Requires<_Callable<_Functor>>>
        5:  437:	function(_Functor&& __f)
        -:  438:	noexcept(_Handler<_Functor>::template _S_nothrow_init<_Functor>())
        5:  439:	: _Function_base()
        -:  440:	{
        -:  441:	  static_assert(is_copy_constructible<__decay_t<_Functor>>::value,
        -:  442:	      "std::function target must be copy-constructible");
        -:  443:	  static_assert(is_constructible<__decay_t<_Functor>, _Functor>::value,
        -:  444:	      "std::function target must be constructible from the "
        -:  445:	      "constructor argument");
        -:  446:
        -:  447:	  using _My_handler = _Handler<_Functor>;
        -:  448:
[...]
        3:  471:      operator=(const function& __x)
        -:  472:      {
        3:  473:	function(__x).swap(*this);
        3:  473-block 2
appel   0 a retourné 3
branchement  1 pris 3 (fallthrough)
branchement  2 pris 0 (throw)
        3:  473-block 3
appel   3 a retourné 3
appel   4 a retourné 3
        3:  474:	return *this;
        3:  474-block 6
        -:  475:      }
------------------
        -:  476:
        -:  477:      /**
        -:  478:       *  @brief Function move-assignment operator.
        -:  479:       *  @param __x A %function rvalue with identical call signature.
        -:  480:       *  @returns `*this`
        -:  481:       *
        -:  482:       *  The target of `__x` is moved to `*this`. If `__x` has no
        -:  483:       *  target, then `*this` will be empty.
        -:  484:       *
        -:  485:       *  If `__x` targets a function pointer or a reference to a function
        -:  486:       *  object, then this operation will not throw an exception.
        -:  487:       */
        -:  488:      function&
        -:  489:      operator=(function&& __x) noexcept
        -:  490:      {
        -:  491:	function(std::move(__x)).swap(*this);
        -:  492:	return *this;
        -:  493:      }
        -:  494:
        -:  495:      /**
        -:  496:       *  @brief Function assignment to empty.
        -:  497:       *  @post `!(bool)*this`
        -:  498:       *  @returns `*this`
        -:  499:       *
        -:  500:       *  The target of `*this` is deallocated, leaving it empty.
        -:  501:       */
        -:  502:      function&
        -:  503:      operator=(nullptr_t) noexcept
        -:  504:      {
        -:  505:	if (_M_manager)
        -:  506:	  {
        -:  507:	    _M_manager(_M_functor, _M_functor, __destroy_functor);
        -:  508:	    _M_manager = nullptr;
        -:  509:	    _M_invoker = nullptr;
        -:  510:	  }
        -:  511:	return *this;
        -:  512:      }
        -:  513:
        -:  514:      /**
        -:  515:       *  @brief Function assignment to a new target.
        -:  516:       *  @param __f  A function object that is callable with parameters of
        -:  517:       *              type  `_ArgTypes...` and returns a value convertible
        -:  518:       *              to `_Res`.
        -:  519:       *  @return `*this`
        -:  520:       *  @since C++11
        -:  521:       *
        -:  522:       *  This function object wrapper will target a copy of `__f`. If `__f`
        -:  523:       *  is `reference_wrapper<F>`, then this function object will contain
        -:  524:       *  a reference to the function object `__f.get()`. If `__f` is a null
        -:  525:       *  function pointer or null pointer-to-member, this object will be
        -:  526:       *  empty.
        -:  527:       *
        -:  528:       *  If `__f` is a non-null function pointer or an object of type
        -:  529:       *  `reference_wrapper<F>`, this function will not throw.
        -:  530:       */
        -:  531:      template<typename _Functor>
        -:  532:	_Requires<_Callable<_Functor>, function&>
        -:  533:	operator=(_Functor&& __f)
        -:  534:	noexcept(_Handler<_Functor>::template _S_nothrow_init<_Functor>())
        -:  535:	{
        -:  536:	  function(std::forward<_Functor>(__f)).swap(*this);
        -:  537:	  return *this;
        -:  538:	}
        -:  539:
        -:  540:      /// @overload
        -:  541:      template<typename _Functor>
        -:  542:	function&
        -:  543:	operator=(reference_wrapper<_Functor> __f) noexcept
        -:  544:	{
        -:  545:	  function(__f).swap(*this);
        -:  546:	  return *this;
        -:  547:	}
        -:  548:
        -:  549:      // [3.7.2.2] function modifiers
        -:  550:
        -:  551:      /**
        -:  552:       *  @brief Swap the targets of two %function objects.
        -:  553:       *  @param __x A %function with identical call signature.
        -:  554:       *
        -:  555:       *  Swap the targets of `this` function object and `__f`.
        -:  556:       *  This function will not throw exceptions.
        -:  557:       */
        5:  558:      void swap(function& __x) noexcept
        -:  559:      {
        5:  560:	std::swap(_M_functor, __x._M_functor);
        5:  561:	std::swap(_M_manager, __x._M_manager);
        5:  562:	std::swap(_M_invoker, __x._M_invoker);
        5:  563:      }
------------------
_ZNSt8functionIFSt10shared_ptrI6ILightE9dataLightRKNSt7__cxx1112basic_stringIcSt11char_traitsIcESaIcEEEEE4swapERSD_:
function _ZNSt8functionIFSt10shared_ptrI6ILightE9dataLightRKNSt7__cxx1112basic_stringIcSt11char_traitsIcESaIcEEEEE4swapERSD_ called 2 returned 100% blocks executed 100%
        2:  558:      void swap(function& __x) noexcept
        -:  559:      {
        2:  560:	std::swap(_M_functor, __x._M_functor);
        2:  560-block 2
appel   0 a retourné 2
        2:  561:	std::swap(_M_manager, __x._M_manager);
appel   0 a retourné 2
        2:  562:	std::swap(_M_invoker, __x._M_invoker);
appel   0 a retourné 2
        2:  563:      }
------------------
_ZNSt8functionIFSt10shared_ptrI10IPrimitiveE13dataPrimitiveRKNSt7__cxx1112basic_stringIcSt11char_traitsIcESaIcEEEEE4swapERSD_:
function _ZNSt8functionIFSt10shared_ptrI10IPrimitiveE13dataPrimitiveRKNSt7__cxx1112basic_stringIcSt11char_traitsIcESaIcEEEEE4swapERSD_ called 3 returned 100% blocks executed 100%
        3:  558:      void swap(function& __x) noexcept
        -:  559:      {
        3:  560:	std::swap(_M_functor, __x._M_functor);
        3:  560-block 2
appel   0 a retourné 3
        3:  561:	std::swap(_M_manager, __x._M_manager);
appel   0 a retourné 3
        3:  562:	std::swap(_M_invoker, __x._M_invoker);
appel   0 a retourné 3
        3:  563:      }
------------------
        -:  564:
        -:  565:      // [3.7.2.3] function capacity
        -:  566:
        -:  567:      /**
        -:  568:       *  @brief Determine if the %function wrapper has a target.
        -:  569:       *
        -:  570:       *  @return `true` when this function object contains a target,
        -:  571:       *  or `false` when it is empty.
        -:  572:       *
        -:  573:       *  This function will not throw exceptions.
        -:  574:       */
       10:  575:      explicit operator bool() const noexcept
       10:  576:      { return !_M_empty(); }
------------------
_ZNKSt8functionIFSt10shared_ptrI6ILightE9dataLightRKNSt7__cxx1112basic_stringIcSt11char_traitsIcESaIcEEEEEcvbEv:
function _ZNKSt8functionIFSt10shared_ptrI6ILightE9dataLightRKNSt7__cxx1112basic_stringIcSt11char_traitsIcESaIcEEEEEcvbEv called 4 returned 100% blocks executed 100%
        4:  575:      explicit operator bool() const noexcept
        4:  576:      { return !_M_empty(); }
        4:  576-block 2
appel   0 a retourné 4
------------------
_ZNKSt8functionIFSt10shared_ptrI10IPrimitiveE13dataPrimitiveRKNSt7__cxx1112basic_stringIcSt11char_traitsIcESaIcEEEEEcvbEv:
function _ZNKSt8functionIFSt10shared_ptrI10IPrimitiveE13dataPrimitiveRKNSt7__cxx1112basic_stringIcSt11char_traitsIcESaIcEEEEEcvbEv called 6 returned 100% blocks executed 100%
        6:  575:      explicit operator bool() const noexcept
        6:  576:      { return !_M_empty(); }
        6:  576-block 2
appel   0 a retourné 6
------------------
        -:  577:
        -:  578:      // [3.7.2.4] function invocation
        -:  579:
        -:  580:      /**
        -:  581:       *  @brief Invokes the function targeted by `*this`.
        -:  582:       *  @returns the result of the target.
        -:  583:       *  @throws `bad_function_call` when `!(bool)*this`
        -:  584:       *
        -:  585:       *  The function call operator invokes the target function object
        -:  586:       *  stored by `this`.
        -:  587:       */
        -:  588:      _Res
        7:  589:      operator()(_ArgTypes... __args) const
        -:  590:      {
        7:  591:	if (_M_empty())
    #####:  592:	  __throw_bad_function_call();
       21:  593:	return _M_invoker(_M_functor, std::forward<_ArgTypes>(__args)...);
        -:  594:      }
------------------
_ZNKSt8functionIFSt10shared_ptrI6ILightE9dataLightRKNSt7__cxx1112basic_stringIcSt11char_traitsIcESaIcEEEEEclES3_SB_:
function _ZNKSt8functionIFSt10shared_ptrI6ILightE9dataLightRKNSt7__cxx1112basic_stringIcSt11char_traitsIcESaIcEEEEEclES3_SB_ called 1 returned 100% blocks executed 89%
        1:  589:      operator()(_ArgTypes... __args) const
        -:  590:      {
        1:  591:	if (_M_empty())
        1:  591-block 2
appel   0 a retourné 1
branchement  1 pris 0 (fallthrough)
branchement  2 pris 1
    #####:  592:	  __throw_bad_function_call();
    %%%%%:  592-block 4
appel   0 jamais exécuté
        3:  593:	return _M_invoker(_M_functor, std::forward<_ArgTypes>(__args)...);
        1:  593-block 5
        1:  593-block 7
        1:  593-block 9
appel   0 a retourné 1
        -:  594:      }
------------------
_ZNKSt8functionIFSt10shared_ptrI10IPrimitiveE13dataPrimitiveRKNSt7__cxx1112basic_stringIcSt11char_traitsIcESaIcEEEEEclES3_SB_:
function _ZNKSt8functionIFSt10shared_ptrI10IPrimitiveE13dataPrimitiveRKNSt7__cxx1112basic_stringIcSt11char_traitsIcESaIcEEEEEclES3_SB_ called 6 returned 100% blocks executed 89%
        6:  589:      operator()(_ArgTypes... __args) const
        -:  590:      {
        6:  591:	if (_M_empty())
        6:  591-block 2
appel   0 a retourné 6
branchement  1 pris 0 (fallthrough)
branchement  2 pris 6
    #####:  592:	  __throw_bad_function_call();
    %%%%%:  592-block 4
appel   0 jamais exécuté
       18:  593:	return _M_invoker(_M_functor, std::forward<_ArgTypes>(__args)...);
        6:  593-block 5
        6:  593-block 7
        6:  593-block 9
appel   0 a retourné 6
        -:  594:      }
------------------
        -:  595:
        -:  596:#if __cpp_rtti
        -:  597:      // [3.7.2.5] function target access
        -:  598:      /**
        -:  599:       *  @brief Determine the type of the target of this function object
        -:  600:       *  wrapper.
        -:  601:       *
        -:  602:       *  @returns the type identifier of the target function object, or
        -:  603:       *  `typeid(void)` if `!(bool)*this`.
        -:  604:       *
        -:  605:       *  This function will not throw exceptions.
        -:  606:       */
        -:  607:      const type_info&
        -:  608:      target_type() const noexcept
        -:  609:      {
        -:  610:	if (_M_manager)
        -:  611:	  {
        -:  612:	    _Any_data __typeinfo_result;
        -:  613:	    _M_manager(__typeinfo_result, _M_functor, __get_type_info);
        -:  614:	    if (auto __ti =  __typeinfo_result._M_access<const type_info*>())
        -:  615:	      return *__ti;
        -:  616:	  }
        -:  617:	return typeid(void);
        -:  618:      }
        -:  619:#endif
        -:  620:
        -:  621:      /**
        -:  622:       *  @brief Access the stored target function object.
        -:  623:       *
        -:  624:       *  @return Returns a pointer to the stored target function object,
        -:  625:       *  if `typeid(_Functor).equals(target_type())`; otherwise, a null
        -:  626:       *  pointer.
        -:  627:       *
        -:  628:       * This function does not throw exceptions.
        -:  629:       *
        -:  630:       * @{
        -:  631:       */
        -:  632:      template<typename _Functor>
        -:  633:	_Functor*
        -:  634:	target() noexcept
        -:  635:	{
        -:  636:	  const function* __const_this = this;
        -:  637:	  const _Functor* __func = __const_this->template target<_Functor>();
        -:  638:	  // If is_function_v<_Functor> is true then const_cast<_Functor*>
        -:  639:	  // would be ill-formed, so use *const_cast<_Functor**> instead.
        -:  640:	  return *const_cast<_Functor**>(&__func);
        -:  641:	}
        -:  642:
        -:  643:      template<typename _Functor>
        -:  644:	const _Functor*
        -:  645:	target() const noexcept
        -:  646:	{
        -:  647:	  if _GLIBCXX17_CONSTEXPR (is_object<_Functor>::value)
        -:  648:	    {
        -:  649:	      // For C++11 and C++14 if-constexpr is not used above, so
        -:  650:	      // _Target_handler avoids ill-formed _Function_handler types.
        -:  651:	      using _Handler = _Target_handler<_Res(_ArgTypes...), _Functor>;
        -:  652:
        -:  653:	      if (_M_manager == &_Handler::_M_manager
        -:  654:#if __cpp_rtti
        -:  655:		  || (_M_manager && typeid(_Functor) == target_type())
        -:  656:#endif
        -:  657:		 )
        -:  658:		{
        -:  659:		  _Any_data __ptr;
        -:  660:		  _M_manager(__ptr, _M_functor, __get_functor_ptr);
        -:  661:		  return __ptr._M_access<const _Functor*>();
        -:  662:		}
        -:  663:	    }
        -:  664:	  return nullptr;
        -:  665:	}
        -:  666:      /// @}
        -:  667:
        -:  668:    private:
        -:  669:      using _Invoker_type = _Res (*)(const _Any_data&, _ArgTypes&&...);
        -:  670:      _Invoker_type _M_invoker = nullptr;
        -:  671:    };
        -:  672:
        -:  673:#if __cpp_deduction_guides >= 201606
        -:  674:  template<typename>
        -:  675:    struct __function_guide_helper
        -:  676:    { };
        -:  677:
        -:  678:  template<typename _Res, typename _Tp, bool _Nx, typename... _Args>
        -:  679:    struct __function_guide_helper<
        -:  680:      _Res (_Tp::*) (_Args...) noexcept(_Nx)
        -:  681:    >
        -:  682:    { using type = _Res(_Args...); };
        -:  683:
        -:  684:  template<typename _Res, typename _Tp, bool _Nx, typename... _Args>
        -:  685:    struct __function_guide_helper<
        -:  686:      _Res (_Tp::*) (_Args...) & noexcept(_Nx)
        -:  687:    >
        -:  688:    { using type = _Res(_Args...); };
        -:  689:
        -:  690:  template<typename _Res, typename _Tp, bool _Nx, typename... _Args>
        -:  691:    struct __function_guide_helper<
        -:  692:      _Res (_Tp::*) (_Args...) const noexcept(_Nx)
        -:  693:    >
        -:  694:    { using type = _Res(_Args...); };
        -:  695:
        -:  696:  template<typename _Res, typename _Tp, bool _Nx, typename... _Args>
        -:  697:    struct __function_guide_helper<
        -:  698:      _Res (_Tp::*) (_Args...) const & noexcept(_Nx)
        -:  699:    >
        -:  700:    { using type = _Res(_Args...); };
        -:  701:
        -:  702:#if __cpp_explicit_this_parameter >= 202110L
        -:  703:  // _GLIBCXX_RESOLVE_LIB_DEFECTS
        -:  704:  // 3617. function/packaged_task deduction guides and deducing this
        -:  705:  template<typename _Res, typename _Tp, bool _Nx, typename... _Args>
        -:  706:    struct __function_guide_helper<_Res (*) (_Tp, _Args...) noexcept(_Nx)>
        -:  707:    { using type = _Res(_Args...); };
        -:  708:#endif
        -:  709:
        -:  710:#if __cpp_static_call_operator >= 202207L && __cpp_concepts >= 202002L
        -:  711:  template<typename _StaticCallOp>
        -:  712:    struct __function_guide_static_helper
        -:  713:    { };
        -:  714:
        -:  715:  template<typename _Res, bool _Nx, typename... _Args>
        -:  716:    struct __function_guide_static_helper<_Res (*) (_Args...) noexcept(_Nx)>
        -:  717:    { using type = _Res(_Args...); };
        -:  718:
        -:  719:  template<typename _Fn, typename _Op>
        -:  720:    using __function_guide_t = typename __conditional_t<
        -:  721:      requires (_Fn& __f) { (void) __f.operator(); },
        -:  722:      __function_guide_static_helper<_Op>,
        -:  723:      __function_guide_helper<_Op>>::type;
        -:  724:#else
        -:  725:  template<typename _Fn, typename _Op>
        -:  726:    using __function_guide_t = typename __function_guide_helper<_Op>::type;
        -:  727:#endif
        -:  728:
        -:  729:  template<typename _Res, typename... _ArgTypes>
        -:  730:    function(_Res(*)(_ArgTypes...)) -> function<_Res(_ArgTypes...)>;
        -:  731:
        -:  732:  template<typename _Fn, typename _Signature
        -:  733:	     = __function_guide_t<_Fn, decltype(&_Fn::operator())>>
        -:  734:    function(_Fn) -> function<_Signature>;
        -:  735:#endif
        -:  736:
        -:  737:  // [20.7.15.2.6] null pointer comparisons
        -:  738:
        -:  739:  /**
        -:  740:   *  @brief Test whether a polymorphic function object wrapper is empty.
        -:  741:   *  @returns `true` if the wrapper has no target, `false` otherwise
        -:  742:   *
        -:  743:   *  This function will not throw exceptions.
        -:  744:   */
        -:  745:  template<typename _Res, typename... _Args>
        -:  746:    inline bool
        -:  747:    operator==(const function<_Res(_Args...)>& __f, nullptr_t) noexcept
        -:  748:    { return !static_cast<bool>(__f); }
        -:  749:
        -:  750:#if __cpp_impl_three_way_comparison < 201907L
        -:  751:  /// @overload
        -:  752:  template<typename _Res, typename... _Args>
        -:  753:    inline bool
        -:  754:    operator==(nullptr_t, const function<_Res(_Args...)>& __f) noexcept
        -:  755:    { return !static_cast<bool>(__f); }
        -:  756:
        -:  757:  /**
        -:  758:   *  @brief Test whether a polymorphic function object wrapper is non-empty.
        -:  759:   *  @returns `false` if the wrapper has no target, `true` otherwise
        -:  760:   *
        -:  761:   *  This function will not throw exceptions.
        -:  762:   */
        -:  763:  template<typename _Res, typename... _Args>
        -:  764:    inline bool
        -:  765:    operator!=(const function<_Res(_Args...)>& __f, nullptr_t) noexcept
        -:  766:    { return static_cast<bool>(__f); }
        -:  767:
        -:  768:  /// @overload
        -:  769:  template<typename _Res, typename... _Args>
        -:  770:    inline bool
        -:  771:    operator!=(nullptr_t, const function<_Res(_Args...)>& __f) noexcept
        -:  772:    { return static_cast<bool>(__f); }
        -:  773:#endif
        -:  774:
        -:  775:  // [20.7.15.2.7] specialized algorithms
        -:  776:
        -:  777:  /**
        -:  778:   *  @brief Swap the targets of two polymorphic function object wrappers.
        -:  779:   *
        -:  780:   *  This function will not throw exceptions.
        -:  781:   */
        -:  782:  // _GLIBCXX_RESOLVE_LIB_DEFECTS
        -:  783:  // 2062. Effect contradictions w/o no-throw guarantee of std::function swaps
        -:  784:  template<typename _Res, typename... _Args>
        -:  785:    inline void
        -:  786:    swap(function<_Res(_Args...)>& __x, function<_Res(_Args...)>& __y) noexcept
        -:  787:    { __x.swap(__y); }
        -:  788:
        -:  789:#if __cplusplus >= 201703L
        -:  790:  namespace __detail::__variant
        -:  791:  {
        -:  792:    template<typename> struct _Never_valueless_alt; // see <variant>
        -:  793:
        -:  794:    // Provide the strong exception-safety guarantee when emplacing a
        -:  795:    // function into a variant.
        -:  796:    template<typename _Signature>
        -:  797:      struct _Never_valueless_alt<std::function<_Signature>>
        -:  798:      : std::true_type
        -:  799:      { };
        -:  800:  }  // namespace __detail::__variant
        -:  801:#endif // C++17
        -:  802:
        -:  803:_GLIBCXX_END_NAMESPACE_VERSION
        -:  804:} // namespace std
        -:  805:
        -:  806:#endif // C++11
        -:  807:#endif // _GLIBCXX_STD_FUNCTION_H
