        -:    0:Source:/home/nnoah/_WORKS/SCHooL_/RAYTRACER_/src/base/primitives/Plane.cpp
        -:    0:Graph:/home/nnoah/_WORKS/SCHooL_/RAYTRACER_/cmake-build-debug-coverage/CMakeFiles/raytracer.dir/src/base/primitives/Plane.cpp.gcno
        -:    0:Data:/home/nnoah/_WORKS/SCHooL_/RAYTRACER_/cmake-build-debug-coverage/CMakeFiles/raytracer.dir/src/base/primitives/Plane.cpp.gcda
        -:    0:Runs:1
        -:    1:/*
        -:    2:** EPITECH PROJECT, 2024
        -:    3:** B-OOP-400-COT-4-1-raytracer-noah.toffa
        -:    4:** File description:
        -:    5:** Plane.cpp
        -:    6:*/
        -:    7:
        -:    8:#include "Plane.hpp"
        -:    9:
        -:   10:#include "Plane.hpp"
        -:   11:
function _ZN5PlaneC2ER13dataPrimitiveRKNSt7__cxx1112basic_stringIcSt11char_traitsIcESaIcEEE called 1 returned 100% blocks executed 100%
        1:   12:Plane::Plane(dataPrimitive& data, const std::string& name): APrimitive(data, name) {}
        1:   12-block 2
appel   0 a retourné 1
        -:   13:
function _ZNK5Plane3hitERK3RayffR13PointOfImpact called 4982068 returned 100% blocks executed 89%
  4982068:   14:bool Plane::hit(const Ray& ray, float t_min, float t_max, PointOfImpact& p) const {
  4982068:   15:    Vecteur normal = data.normal.normalized();
  4982068:   15-block 2
appel   0 a retourné 4982068
  4982068:   16:    Vecteur reference = data.reference;
        -:   17:
  4982068:   18:    float discriminant = dot(normal, ray.direction());
appel   0 a retourné 4982068
appel   1 a retourné 4982068
branchement  2 pris 4982068 (fallthrough)
branchement  3 pris 0 (throw)
  4982068:   19:    if (discriminant == 0.0f)
  4982068:   19-block 5
branchement  0 pris 0 (fallthrough)
branchement  1 pris 4982068
    #####:   20:        return false;
    %%%%%:   20-block 6
        -:   21:
  4982068:   22:    float t = dot(reference - ray.origin(), normal) / discriminant;
  4982068:   22-block 7
appel   0 a retourné 4982068
appel   1 a retourné 4982068
appel   2 a retourné 4982068
branchement  3 pris 4982068 (fallthrough)
branchement  4 pris 0 (throw)
    $$$$$:   22-block 18
        -:   23:
  4982068:   24:    if (!surrounds(t_min, t, t_max))
  4982068:   24-block 10
appel   0 a retourné 4982068
branchement  1 pris 4982068 (fallthrough)
branchement  2 pris 0 (throw)
  4982068:   24-block 11
branchement  3 pris 3982187 (fallthrough)
branchement  4 pris 999881
  3982187:   25:        return false;
  3982187:   25-block 12
        -:   26:
   999881:   27:    p.t = t;
   999881:   28:    p.p = ray.at(t);
   999881:   28-block 13
appel   0 a retourné 999881
   999881:   29:    p.set_face_normal(ray, normal);
appel   0 a retourné 999881
   999881:   30:    p.material = data.material;
   999881:   31:    return true;
        -:   32:}
