        -:    0:Source:/home/nnoah/_WORKS/SCHooL_/RAYTRACER_/src/base/lights/PointLight.cpp
        -:    0:Graph:/home/nnoah/_WORKS/SCHooL_/RAYTRACER_/cmake-build-debug-coverage/CMakeFiles/raytracer.dir/src/base/lights/PointLight.cpp.gcno
        -:    0:Data:/home/nnoah/_WORKS/SCHooL_/RAYTRACER_/cmake-build-debug-coverage/CMakeFiles/raytracer.dir/src/base/lights/PointLight.cpp.gcda
        -:    0:Runs:1
        -:    1:/*
        -:    2:**  _                                              _      ___    ___  
        -:    3:** | |                                            | |    |__ \  / _ \
        -:    4:** | |_Created _       _ __   _ __    ___    __ _ | |__     ) || (_) |
        -:    5:** | '_ \ | | | |     | '_ \ | '_ \  / _ \  / _` || '_ \   / /  \__, |
        -:    6:** | |_) || |_| |     | | | || | | || (_) || (_| || | | | / /_    / / 
        -:    7:** |_.__/  \__, |     |_| |_||_| |_| \___/  \__,_||_| |_||____|  /_/ 
        -:    8:**          __/ |     on 14/05/25.                                          
        -:    9:**         |___/ 
        -:   10:*/
        -:   11:
        -:   12:#include "PointLight.hpp"
        -:   13:
        -:   14:#include "IPrimitive.hpp"
        -:   15:
function _ZNK10PointLight16getDirectionFromERK7Vecteur called 6132792 returned 100% blocks executed 100%
  6132792:   16:Vecteur PointLight::getDirectionFrom(const Point& point) const {
  6132792:   17:    return (data.position - point).normalized();
  6132792:   17-block 2
appel   0 a retourné 6132792
appel   1 a retourné 6132792
        -:   18:}
        -:   19:
function _ZNK10PointLight14getIntensityAtERK13PointOfImpact called 3066396 returned 100% blocks executed 73%
  3066396:   20:Color PointLight::getIntensityAt(const PointOfImpact& point) const {
  3066396:   21:    const Vecteur direction = getDirectionFrom(point.p).normalized();
  3066396:   21-block 2
appel   0 a retourné 3066396
branchement  1 pris 3066396 (fallthrough)
branchement  2 pris 0 (throw)
  3066396:   21-block 3
appel   3 a retourné 3066396
    $$$$$:   21-block 9
  3066396:   22:    const float diff = std::max(dot(point.normal, direction), 0.0f);
appel   0 a retourné 3066396
branchement  1 pris 3066396 (fallthrough)
branchement  2 pris 0 (throw)
  3066396:   22-block 5
appel   3 a retourné 3066396
    $$$$$:   22-block 10
    $$$$$:   22-block 11
        -:   23:
  6132792:   24:    return point.material.color * diff;
appel   0 a retourné 3066396
  3066396:   24-block 8
        -:   25:}
