        -:    0:Source:/usr/include/c++/15.1.1/type_traits
        -:    0:Graph:/home/nnoah/_WORKS/SCHooL_/RAYTRACER_/cmake-build-debug-coverage/CMakeFiles/raytracer.dir/src/SceneLoader.cpp.gcno
        -:    0:Data:/home/nnoah/_WORKS/SCHooL_/RAYTRACER_/cmake-build-debug-coverage/CMakeFiles/raytracer.dir/src/SceneLoader.cpp.gcda
        -:    0:Runs:1
        -:    1:// C++11 <type_traits> -*- C++ -*-
        -:    2:
        -:    3:// Copyright (C) 2007-2025 Free Software Foundation, Inc.
        -:    4://
        -:    5:// This file is part of the GNU ISO C++ Library.  This library is free
        -:    6:// software; you can redistribute it and/or modify it under the
        -:    7:// terms of the GNU General Public License as published by the
        -:    8:// Free Software Foundation; either version 3, or (at your option)
        -:    9:// any later version.
        -:   10:
        -:   11:// This library is distributed in the hope that it will be useful,
        -:   12:// but WITHOUT ANY WARRANTY; without even the implied warranty of
        -:   13:// MERCHANTABILITY or FITNESS FOR A PARTICULAR PURPOSE.  See the
        -:   14:// GNU General Public License for more details.
        -:   15:
        -:   16:// Under Section 7 of GPL version 3, you are granted additional
        -:   17:// permissions described in the GCC Runtime Library Exception, version
        -:   18:// 3.1, as published by the Free Software Foundation.
        -:   19:
        -:   20:// You should have received a copy of the GNU General Public License and
        -:   21:// a copy of the GCC Runtime Library Exception along with this program;
        -:   22:// see the files COPYING3 and COPYING.RUNTIME respectively.  If not, see
        -:   23:// <http://www.gnu.org/licenses/>.
        -:   24:
        -:   25:/** @file include/type_traits
        -:   26: *  This is a Standard C++ Library header.
        -:   27: */
        -:   28:
        -:   29:#ifndef _GLIBCXX_TYPE_TRAITS
        -:   30:#define _GLIBCXX_TYPE_TRAITS 1
        -:   31:
        -:   32:#ifdef _GLIBCXX_SYSHDR
        -:   33:#pragma GCC system_header
        -:   34:#endif
        -:   35:
        -:   36:#if __cplusplus < 201103L
        -:   37:# include <bits/c++0x_warning.h>
        -:   38:#else
        -:   39:
        -:   40:#include <bits/c++config.h>
        -:   41:
        -:   42:#define __glibcxx_want_bool_constant
        -:   43:#define __glibcxx_want_bounded_array_traits
        -:   44:#define __glibcxx_want_has_unique_object_representations
        -:   45:#define __glibcxx_want_integral_constant_callable
        -:   46:#define __glibcxx_want_is_aggregate
        -:   47:#define __glibcxx_want_is_constant_evaluated
        -:   48:#define __glibcxx_want_is_final
        -:   49:#define __glibcxx_want_is_invocable
        -:   50:#define __glibcxx_want_is_layout_compatible
        -:   51:#define __glibcxx_want_is_nothrow_convertible
        -:   52:#define __glibcxx_want_is_null_pointer
        -:   53:#define __glibcxx_want_is_pointer_interconvertible
        -:   54:#define __glibcxx_want_is_scoped_enum
        -:   55:#define __glibcxx_want_is_swappable
        -:   56:#define __glibcxx_want_is_virtual_base_of
        -:   57:#define __glibcxx_want_logical_traits
        -:   58:#define __glibcxx_want_reference_from_temporary
        -:   59:#define __glibcxx_want_remove_cvref
        -:   60:#define __glibcxx_want_result_of_sfinae
        -:   61:#define __glibcxx_want_transformation_trait_aliases
        -:   62:#define __glibcxx_want_type_identity
        -:   63:#define __glibcxx_want_type_trait_variable_templates
        -:   64:#define __glibcxx_want_unwrap_ref
        -:   65:#define __glibcxx_want_void_t
        -:   66:#include <bits/version.h>
        -:   67:
        -:   68:extern "C++"
        -:   69:{
        -:   70:namespace std _GLIBCXX_VISIBILITY(default)
        -:   71:{
        -:   72:_GLIBCXX_BEGIN_NAMESPACE_VERSION
        -:   73:
        -:   74:  template<typename _Tp>
        -:   75:    class reference_wrapper;
        -:   76:
        -:   77:  /**
        -:   78:   * @defgroup metaprogramming Metaprogramming
        -:   79:   * @ingroup utilities
        -:   80:   *
        -:   81:   * Template utilities for compile-time introspection and modification,
        -:   82:   * including type classification traits, type property inspection traits
        -:   83:   * and type transformation traits.
        -:   84:   *
        -:   85:   * @since C++11
        -:   86:   *
        -:   87:   * @{
        -:   88:   */
        -:   89:
        -:   90:  /// integral_constant
        -:   91:  template<typename _Tp, _Tp __v>
        -:   92:    struct integral_constant
        -:   93:    {
        -:   94:      static constexpr _Tp value = __v;
        -:   95:      using value_type = _Tp;
        -:   96:      using type = integral_constant<_Tp, __v>;
        -:   97:      constexpr operator value_type() const noexcept { return value; }
        -:   98:
        -:   99:#ifdef __cpp_lib_integral_constant_callable // C++ >= 14
        -:  100:      constexpr value_type operator()() const noexcept { return value; }
        -:  101:#endif
        -:  102:    };
        -:  103:
        -:  104:#if ! __cpp_inline_variables
        -:  105:  template<typename _Tp, _Tp __v>
        -:  106:    constexpr _Tp integral_constant<_Tp, __v>::value;
        -:  107:#endif
        -:  108:
        -:  109:  /// @cond undocumented
        -:  110:  /// bool_constant for C++11
        -:  111:  template<bool __v>
        -:  112:    using __bool_constant = integral_constant<bool, __v>;
        -:  113:  /// @endcond
        -:  114:
        -:  115:  /// The type used as a compile-time boolean with true value.
        -:  116:  using true_type =  __bool_constant<true>;
        -:  117:
        -:  118:  /// The type used as a compile-time boolean with false value.
        -:  119:  using false_type = __bool_constant<false>;
        -:  120:
        -:  121:#ifdef __cpp_lib_bool_constant // C++ >= 17
        -:  122:  /// Alias template for compile-time boolean constant types.
        -:  123:  /// @since C++17
        -:  124:  template<bool __v>
        -:  125:    using bool_constant = __bool_constant<__v>;
        -:  126:#endif
        -:  127:
        -:  128:  // Metaprogramming helper types.
        -:  129:
        -:  130:  // Primary template.
        -:  131:  /// Define a member typedef `type` only if a boolean constant is true.
        -:  132:  template<bool, typename _Tp = void>
        -:  133:    struct enable_if
        -:  134:    { };
        -:  135:
        -:  136:  // Partial specialization for true.
        -:  137:  template<typename _Tp>
        -:  138:    struct enable_if<true, _Tp>
        -:  139:    { using type = _Tp; };
        -:  140:
        -:  141:  // __enable_if_t (std::enable_if_t for C++11)
        -:  142:  template<bool _Cond, typename _Tp = void>
        -:  143:    using __enable_if_t = typename enable_if<_Cond, _Tp>::type;
        -:  144:
        -:  145:  template<bool>
        -:  146:    struct __conditional
        -:  147:    {
        -:  148:      template<typename _Tp, typename>
        -:  149:	using type = _Tp;
        -:  150:    };
        -:  151:
        -:  152:  template<>
        -:  153:    struct __conditional<false>
        -:  154:    {
        -:  155:      template<typename, typename _Up>
        -:  156:	using type = _Up;
        -:  157:    };
        -:  158:
        -:  159:  // More efficient version of std::conditional_t for internal use (and C++11)
        -:  160:  template<bool _Cond, typename _If, typename _Else>
        -:  161:    using __conditional_t
        -:  162:      = typename __conditional<_Cond>::template type<_If, _Else>;
        -:  163:
        -:  164:  /// @cond undocumented
        -:  165:  template <typename _Type>
        -:  166:    struct __type_identity
        -:  167:    { using type = _Type; };
        -:  168:
        -:  169:  template<typename _Tp>
        -:  170:    using __type_identity_t = typename __type_identity<_Tp>::type;
        -:  171:
        -:  172:  namespace __detail
        -:  173:  {
        -:  174:    // A variadic alias template that resolves to its first argument.
        -:  175:    template<typename _Tp, typename...>
        -:  176:      using __first_t = _Tp;
        -:  177:
        -:  178:    // These are deliberately not defined.
        -:  179:    template<typename... _Bn>
        -:  180:      auto __or_fn(int) -> __first_t<false_type,
        -:  181:				     __enable_if_t<!bool(_Bn::value)>...>;
        -:  182:
        -:  183:    template<typename... _Bn>
        -:  184:      auto __or_fn(...) -> true_type;
        -:  185:
        -:  186:    template<typename... _Bn>
        -:  187:      auto __and_fn(int) -> __first_t<true_type,
        -:  188:				      __enable_if_t<bool(_Bn::value)>...>;
        -:  189:
        -:  190:    template<typename... _Bn>
        -:  191:      auto __and_fn(...) -> false_type;
        -:  192:  } // namespace detail
        -:  193:
        -:  194:  // Like C++17 std::dis/conjunction, but usable in C++11 and resolves
        -:  195:  // to either true_type or false_type which allows for a more efficient
        -:  196:  // implementation that avoids recursive class template instantiation.
        -:  197:  template<typename... _Bn>
        -:  198:    struct __or_
        -:  199:    : decltype(__detail::__or_fn<_Bn...>(0))
        -:  200:    { };
        -:  201:
        -:  202:  template<typename... _Bn>
        -:  203:    struct __and_
        -:  204:    : decltype(__detail::__and_fn<_Bn...>(0))
        -:  205:    { };
        -:  206:
        -:  207:  template<typename _Pp>
        -:  208:    struct __not_
        -:  209:    : __bool_constant<!bool(_Pp::value)>
        -:  210:    { };
        -:  211:  /// @endcond
        -:  212:
        -:  213:#ifdef __cpp_lib_logical_traits // C++ >= 17
        -:  214:
        -:  215:  /// @cond undocumented
        -:  216:  template<typename... _Bn>
        -:  217:    inline constexpr bool __or_v = __or_<_Bn...>::value;
        -:  218:  template<typename... _Bn>
        -:  219:    inline constexpr bool __and_v = __and_<_Bn...>::value;
        -:  220:
        -:  221:  namespace __detail
        -:  222:  {
        -:  223:    template<typename /* = void */, typename _B1, typename... _Bn>
        -:  224:      struct __disjunction_impl
        -:  225:      { using type = _B1; };
        -:  226:
        -:  227:    template<typename _B1, typename _B2, typename... _Bn>
        -:  228:      struct __disjunction_impl<__enable_if_t<!bool(_B1::value)>, _B1, _B2, _Bn...>
        -:  229:      { using type = typename __disjunction_impl<void, _B2, _Bn...>::type; };
        -:  230:
        -:  231:    template<typename /* = void */, typename _B1, typename... _Bn>
        -:  232:      struct __conjunction_impl
        -:  233:      { using type = _B1; };
        -:  234:
        -:  235:    template<typename _B1, typename _B2, typename... _Bn>
        -:  236:      struct __conjunction_impl<__enable_if_t<bool(_B1::value)>, _B1, _B2, _Bn...>
        -:  237:      { using type = typename __conjunction_impl<void, _B2, _Bn...>::type; };
        -:  238:  } // namespace __detail
        -:  239:  /// @endcond
        -:  240:
        -:  241:  template<typename... _Bn>
        -:  242:    struct conjunction
        -:  243:    : __detail::__conjunction_impl<void, _Bn...>::type
        -:  244:    { };
        -:  245:
        -:  246:  template<>
        -:  247:    struct conjunction<>
        -:  248:    : true_type
        -:  249:    { };
        -:  250:
        -:  251:  template<typename... _Bn>
        -:  252:    struct disjunction
        -:  253:    : __detail::__disjunction_impl<void, _Bn...>::type
        -:  254:    { };
        -:  255:
        -:  256:  template<>
        -:  257:    struct disjunction<>
        -:  258:    : false_type
        -:  259:    { };
        -:  260:
        -:  261:  template<typename _Pp>
        -:  262:    struct negation
        -:  263:    : __not_<_Pp>::type
        -:  264:    { };
        -:  265:
        -:  266:  /** @ingroup variable_templates
        -:  267:   * @{
        -:  268:   */
        -:  269:  template<typename... _Bn>
        -:  270:    inline constexpr bool conjunction_v = conjunction<_Bn...>::value;
        -:  271:
        -:  272:  template<typename... _Bn>
        -:  273:    inline constexpr bool disjunction_v = disjunction<_Bn...>::value;
        -:  274:
        -:  275:  template<typename _Pp>
        -:  276:    inline constexpr bool negation_v = negation<_Pp>::value;
        -:  277:  /// @}
        -:  278:
        -:  279:#endif // __cpp_lib_logical_traits
        -:  280:
        -:  281:  // Forward declarations
        -:  282:  template<typename>
        -:  283:    struct is_reference;
        -:  284:  template<typename>
        -:  285:    struct is_function;
        -:  286:  template<typename>
        -:  287:    struct is_void;
        -:  288:  template<typename>
        -:  289:    struct remove_cv;
        -:  290:  template<typename>
        -:  291:    struct is_const;
        -:  292:
        -:  293:  /// @cond undocumented
        -:  294:  template<typename>
        -:  295:    struct __is_array_unknown_bounds;
        -:  296:
        -:  297:  // Helper functions that return false_type for incomplete classes,
        -:  298:  // incomplete unions and arrays of known bound from those.
        -:  299:
        -:  300:  template <typename _Tp, size_t = sizeof(_Tp)>
        -:  301:    constexpr true_type __is_complete_or_unbounded(__type_identity<_Tp>)
        -:  302:    { return {}; }
        -:  303:
        -:  304:  template <typename _TypeIdentity,
        -:  305:      typename _NestedType = typename _TypeIdentity::type>
        -:  306:    constexpr typename __or_<
        -:  307:      is_reference<_NestedType>,
        -:  308:      is_function<_NestedType>,
        -:  309:      is_void<_NestedType>,
        -:  310:      __is_array_unknown_bounds<_NestedType>
        -:  311:    >::type __is_complete_or_unbounded(_TypeIdentity)
        -:  312:    { return {}; }
        -:  313:
        -:  314:  // __remove_cv_t (std::remove_cv_t for C++11).
        -:  315:  template<typename _Tp>
        -:  316:    using __remove_cv_t = typename remove_cv<_Tp>::type;
        -:  317:  /// @endcond
        -:  318:
        -:  319:  // Primary type categories.
        -:  320:
        -:  321:  /// is_void
        -:  322:  template<typename _Tp>
        -:  323:    struct is_void
        -:  324:    : public false_type { };
        -:  325:
        -:  326:  template<>
        -:  327:    struct is_void<void>
        -:  328:    : public true_type { };
        -:  329:
        -:  330:  template<>
        -:  331:    struct is_void<const void>
        -:  332:    : public true_type { };
        -:  333:
        -:  334:  template<>
        -:  335:    struct is_void<volatile void>
        -:  336:    : public true_type { };
        -:  337:
        -:  338:  template<>
        -:  339:    struct is_void<const volatile void>
        -:  340:    : public true_type { };
        -:  341:
        -:  342:  /// @cond undocumented
        -:  343:  template<typename>
        -:  344:    struct __is_integral_helper
        -:  345:    : public false_type { };
        -:  346:
        -:  347:  template<>
        -:  348:    struct __is_integral_helper<bool>
        -:  349:    : public true_type { };
        -:  350:
        -:  351:  template<>
        -:  352:    struct __is_integral_helper<char>
        -:  353:    : public true_type { };
        -:  354:
        -:  355:  template<>
        -:  356:    struct __is_integral_helper<signed char>
        -:  357:    : public true_type { };
        -:  358:
        -:  359:  template<>
        -:  360:    struct __is_integral_helper<unsigned char>
        -:  361:    : public true_type { };
        -:  362:
        -:  363:  // We want is_integral<wchar_t> to be true (and make_signed/unsigned to work)
        -:  364:  // even when libc doesn't provide working <wchar.h> and related functions,
        -:  365:  // so don't check _GLIBCXX_USE_WCHAR_T here.
        -:  366:  template<>
        -:  367:    struct __is_integral_helper<wchar_t>
        -:  368:    : public true_type { };
        -:  369:
        -:  370:#ifdef _GLIBCXX_USE_CHAR8_T
        -:  371:  template<>
        -:  372:    struct __is_integral_helper<char8_t>
        -:  373:    : public true_type { };
        -:  374:#endif
        -:  375:
        -:  376:  template<>
        -:  377:    struct __is_integral_helper<char16_t>
        -:  378:    : public true_type { };
        -:  379:
        -:  380:  template<>
        -:  381:    struct __is_integral_helper<char32_t>
        -:  382:    : public true_type { };
        -:  383:
        -:  384:  template<>
        -:  385:    struct __is_integral_helper<short>
        -:  386:    : public true_type { };
        -:  387:
        -:  388:  template<>
        -:  389:    struct __is_integral_helper<unsigned short>
        -:  390:    : public true_type { };
        -:  391:
        -:  392:  template<>
        -:  393:    struct __is_integral_helper<int>
        -:  394:    : public true_type { };
        -:  395:
        -:  396:  template<>
        -:  397:    struct __is_integral_helper<unsigned int>
        -:  398:    : public true_type { };
        -:  399:
        -:  400:  template<>
        -:  401:    struct __is_integral_helper<long>
        -:  402:    : public true_type { };
        -:  403:
        -:  404:  template<>
        -:  405:    struct __is_integral_helper<unsigned long>
        -:  406:    : public true_type { };
        -:  407:
        -:  408:  template<>
        -:  409:    struct __is_integral_helper<long long>
        -:  410:    : public true_type { };
        -:  411:
        -:  412:  template<>
        -:  413:    struct __is_integral_helper<unsigned long long>
        -:  414:    : public true_type { };
        -:  415:
        -:  416:  // Conditionalizing on __STRICT_ANSI__ here will break any port that
        -:  417:  // uses one of these types for size_t.
        -:  418:#if defined(__GLIBCXX_TYPE_INT_N_0)
        -:  419:  __extension__
        -:  420:  template<>
        -:  421:    struct __is_integral_helper<__GLIBCXX_TYPE_INT_N_0>
        -:  422:    : public true_type { };
        -:  423:
        -:  424:  __extension__
        -:  425:  template<>
        -:  426:    struct __is_integral_helper<unsigned __GLIBCXX_TYPE_INT_N_0>
        -:  427:    : public true_type { };
        -:  428:#endif
        -:  429:#if defined(__GLIBCXX_TYPE_INT_N_1)
        -:  430:  __extension__
        -:  431:  template<>
        -:  432:    struct __is_integral_helper<__GLIBCXX_TYPE_INT_N_1>
        -:  433:    : public true_type { };
        -:  434:
        -:  435:  __extension__
        -:  436:  template<>
        -:  437:    struct __is_integral_helper<unsigned __GLIBCXX_TYPE_INT_N_1>
        -:  438:    : public true_type { };
        -:  439:#endif
        -:  440:#if defined(__GLIBCXX_TYPE_INT_N_2)
        -:  441:  __extension__
        -:  442:  template<>
        -:  443:    struct __is_integral_helper<__GLIBCXX_TYPE_INT_N_2>
        -:  444:    : public true_type { };
        -:  445:
        -:  446:  __extension__
        -:  447:  template<>
        -:  448:    struct __is_integral_helper<unsigned __GLIBCXX_TYPE_INT_N_2>
        -:  449:    : public true_type { };
        -:  450:#endif
        -:  451:#if defined(__GLIBCXX_TYPE_INT_N_3)
        -:  452:  __extension__
        -:  453:  template<>
        -:  454:    struct __is_integral_helper<__GLIBCXX_TYPE_INT_N_3>
        -:  455:    : public true_type { };
        -:  456:
        -:  457:  __extension__
        -:  458:  template<>
        -:  459:    struct __is_integral_helper<unsigned __GLIBCXX_TYPE_INT_N_3>
        -:  460:    : public true_type { };
        -:  461:#endif
        -:  462:  /// @endcond
        -:  463:
        -:  464:  /// is_integral
        -:  465:  template<typename _Tp>
        -:  466:    struct is_integral
        -:  467:    : public __is_integral_helper<__remove_cv_t<_Tp>>::type
        -:  468:    { };
        -:  469:
        -:  470:  /// @cond undocumented
        -:  471:  template<typename>
        -:  472:    struct __is_floating_point_helper
        -:  473:    : public false_type { };
        -:  474:
        -:  475:  template<>
        -:  476:    struct __is_floating_point_helper<float>
        -:  477:    : public true_type { };
        -:  478:
        -:  479:  template<>
        -:  480:    struct __is_floating_point_helper<double>
        -:  481:    : public true_type { };
        -:  482:
        -:  483:  template<>
        -:  484:    struct __is_floating_point_helper<long double>
        -:  485:    : public true_type { };
        -:  486:
        -:  487:#ifdef __STDCPP_FLOAT16_T__
        -:  488:  template<>
        -:  489:    struct __is_floating_point_helper<_Float16>
        -:  490:    : public true_type { };
        -:  491:#endif
        -:  492:
        -:  493:#ifdef __STDCPP_FLOAT32_T__
        -:  494:  template<>
        -:  495:    struct __is_floating_point_helper<_Float32>
        -:  496:    : public true_type { };
        -:  497:#endif
        -:  498:
        -:  499:#ifdef __STDCPP_FLOAT64_T__
        -:  500:  template<>
        -:  501:    struct __is_floating_point_helper<_Float64>
        -:  502:    : public true_type { };
        -:  503:#endif
        -:  504:
        -:  505:#ifdef __STDCPP_FLOAT128_T__
        -:  506:  template<>
        -:  507:    struct __is_floating_point_helper<_Float128>
        -:  508:    : public true_type { };
        -:  509:#endif
        -:  510:
        -:  511:#ifdef __STDCPP_BFLOAT16_T__
        -:  512:  template<>
        -:  513:    struct __is_floating_point_helper<__gnu_cxx::__bfloat16_t>
        -:  514:    : public true_type { };
        -:  515:#endif
        -:  516:
        -:  517:#if !defined(__STRICT_ANSI__) && defined(_GLIBCXX_USE_FLOAT128)
        -:  518:  template<>
        -:  519:    struct __is_floating_point_helper<__float128>
        -:  520:    : public true_type { };
        -:  521:#endif
        -:  522:  /// @endcond
        -:  523:
        -:  524:  /// is_floating_point
        -:  525:  template<typename _Tp>
        -:  526:    struct is_floating_point
        -:  527:    : public __is_floating_point_helper<__remove_cv_t<_Tp>>::type
        -:  528:    { };
        -:  529:
        -:  530:  /// is_array
        -:  531:#if _GLIBCXX_USE_BUILTIN_TRAIT(__is_array)
        -:  532:  template<typename _Tp>
        -:  533:    struct is_array
        -:  534:    : public __bool_constant<__is_array(_Tp)>
        -:  535:    { };
        -:  536:#else
        -:  537:  template<typename>
        -:  538:    struct is_array
        -:  539:    : public false_type { };
        -:  540:
        -:  541:  template<typename _Tp, std::size_t _Size>
        -:  542:    struct is_array<_Tp[_Size]>
        -:  543:    : public true_type { };
        -:  544:
        -:  545:  template<typename _Tp>
        -:  546:    struct is_array<_Tp[]>
        -:  547:    : public true_type { };
        -:  548:#endif
        -:  549:
        -:  550:  /// is_pointer
        -:  551:#if _GLIBCXX_USE_BUILTIN_TRAIT(__is_pointer)
        -:  552:  template<typename _Tp>
        -:  553:    struct is_pointer
        -:  554:    : public __bool_constant<__is_pointer(_Tp)>
        -:  555:    { };
        -:  556:#else
        -:  557:  template<typename _Tp>
        -:  558:    struct is_pointer
        -:  559:    : public false_type { };
        -:  560:
        -:  561:  template<typename _Tp>
        -:  562:    struct is_pointer<_Tp*>
        -:  563:    : public true_type { };
        -:  564:
        -:  565:  template<typename _Tp>
        -:  566:    struct is_pointer<_Tp* const>
        -:  567:    : public true_type { };
        -:  568:
        -:  569:  template<typename _Tp>
        -:  570:    struct is_pointer<_Tp* volatile>
        -:  571:    : public true_type { };
        -:  572:
        -:  573:  template<typename _Tp>
        -:  574:    struct is_pointer<_Tp* const volatile>
        -:  575:    : public true_type { };
        -:  576:#endif
        -:  577:
        -:  578:  /// is_lvalue_reference
        -:  579:  template<typename>
        -:  580:    struct is_lvalue_reference
        -:  581:    : public false_type { };
        -:  582:
        -:  583:  template<typename _Tp>
        -:  584:    struct is_lvalue_reference<_Tp&>
        -:  585:    : public true_type { };
        -:  586:
        -:  587:  /// is_rvalue_reference
        -:  588:  template<typename>
        -:  589:    struct is_rvalue_reference
        -:  590:    : public false_type { };
        -:  591:
        -:  592:  template<typename _Tp>
        -:  593:    struct is_rvalue_reference<_Tp&&>
        -:  594:    : public true_type { };
        -:  595:
        -:  596:  /// is_member_object_pointer
        -:  597:#if _GLIBCXX_USE_BUILTIN_TRAIT(__is_member_object_pointer)
        -:  598:  template<typename _Tp>
        -:  599:    struct is_member_object_pointer
        -:  600:    : public __bool_constant<__is_member_object_pointer(_Tp)>
        -:  601:    { };
        -:  602:#else
        -:  603:  template<typename>
        -:  604:    struct __is_member_object_pointer_helper
        -:  605:    : public false_type { };
        -:  606:
        -:  607:  template<typename _Tp, typename _Cp>
        -:  608:    struct __is_member_object_pointer_helper<_Tp _Cp::*>
        -:  609:    : public __not_<is_function<_Tp>>::type { };
        -:  610:
        -:  611:
        -:  612:  template<typename _Tp>
        -:  613:    struct is_member_object_pointer
        -:  614:    : public __is_member_object_pointer_helper<__remove_cv_t<_Tp>>::type
        -:  615:    { };
        -:  616:#endif
        -:  617:
        -:  618:#if _GLIBCXX_USE_BUILTIN_TRAIT(__is_member_function_pointer)
        -:  619:  /// is_member_function_pointer
        -:  620:  template<typename _Tp>
        -:  621:    struct is_member_function_pointer
        -:  622:    : public __bool_constant<__is_member_function_pointer(_Tp)>
        -:  623:    { };
        -:  624:#else
        -:  625:  template<typename>
        -:  626:    struct __is_member_function_pointer_helper
        -:  627:    : public false_type { };
        -:  628:
        -:  629:  template<typename _Tp, typename _Cp>
        -:  630:    struct __is_member_function_pointer_helper<_Tp _Cp::*>
        -:  631:    : public is_function<_Tp>::type { };
        -:  632:
        -:  633:  /// is_member_function_pointer
        -:  634:  template<typename _Tp>
        -:  635:    struct is_member_function_pointer
        -:  636:    : public __is_member_function_pointer_helper<__remove_cv_t<_Tp>>::type
        -:  637:    { };
        -:  638:#endif
        -:  639:
        -:  640:  /// is_enum
        -:  641:  template<typename _Tp>
        -:  642:    struct is_enum
        -:  643:    : public __bool_constant<__is_enum(_Tp)>
        -:  644:    { };
        -:  645:
        -:  646:  /// is_union
        -:  647:  template<typename _Tp>
        -:  648:    struct is_union
        -:  649:    : public __bool_constant<__is_union(_Tp)>
        -:  650:    { };
        -:  651:
        -:  652:  /// is_class
        -:  653:  template<typename _Tp>
        -:  654:    struct is_class
        -:  655:    : public __bool_constant<__is_class(_Tp)>
        -:  656:    { };
        -:  657:
        -:  658:  /// is_function
        -:  659:#if _GLIBCXX_USE_BUILTIN_TRAIT(__is_function)
        -:  660:  template<typename _Tp>
        -:  661:    struct is_function
        -:  662:    : public __bool_constant<__is_function(_Tp)>
        -:  663:    { };
        -:  664:#else
        -:  665:  template<typename _Tp>
        -:  666:    struct is_function
        -:  667:    : public __bool_constant<!is_const<const _Tp>::value> { };
        -:  668:
        -:  669:  template<typename _Tp>
        -:  670:    struct is_function<_Tp&>
        -:  671:    : public false_type { };
        -:  672:
        -:  673:  template<typename _Tp>
        -:  674:    struct is_function<_Tp&&>
        -:  675:    : public false_type { };
        -:  676:#endif
        -:  677:
        -:  678:#ifdef __cpp_lib_is_null_pointer // C++ >= 11
        -:  679:  /// is_null_pointer (LWG 2247).
        -:  680:  template<typename _Tp>
        -:  681:    struct is_null_pointer
        -:  682:    : public false_type { };
        -:  683:
        -:  684:  template<>
        -:  685:    struct is_null_pointer<std::nullptr_t>
        -:  686:    : public true_type { };
        -:  687:
        -:  688:  template<>
        -:  689:    struct is_null_pointer<const std::nullptr_t>
        -:  690:    : public true_type { };
        -:  691:
        -:  692:  template<>
        -:  693:    struct is_null_pointer<volatile std::nullptr_t>
        -:  694:    : public true_type { };
        -:  695:
        -:  696:  template<>
        -:  697:    struct is_null_pointer<const volatile std::nullptr_t>
        -:  698:    : public true_type { };
        -:  699:
        -:  700:  /// __is_nullptr_t (deprecated extension).
        -:  701:  /// @deprecated Non-standard. Use `is_null_pointer` instead.
        -:  702:  template<typename _Tp>
        -:  703:    struct __is_nullptr_t
        -:  704:    : public is_null_pointer<_Tp>
        -:  705:    { } _GLIBCXX_DEPRECATED_SUGGEST("std::is_null_pointer");
        -:  706:#endif // __cpp_lib_is_null_pointer
        -:  707:
        -:  708:  // Composite type categories.
        -:  709:
        -:  710:  /// is_reference
        -:  711:#if _GLIBCXX_USE_BUILTIN_TRAIT(__is_reference)
        -:  712:  template<typename _Tp>
        -:  713:    struct is_reference
        -:  714:    : public __bool_constant<__is_reference(_Tp)>
        -:  715:    { };
        -:  716:#else
        -:  717:  template<typename _Tp>
        -:  718:    struct is_reference
        -:  719:    : public false_type
        -:  720:    { };
        -:  721:
        -:  722:  template<typename _Tp>
        -:  723:    struct is_reference<_Tp&>
        -:  724:    : public true_type
        -:  725:    { };
        -:  726:
        -:  727:  template<typename _Tp>
        -:  728:    struct is_reference<_Tp&&>
        -:  729:    : public true_type
        -:  730:    { };
        -:  731:#endif
        -:  732:
        -:  733:  /// is_arithmetic
        -:  734:  template<typename _Tp>
        -:  735:    struct is_arithmetic
        -:  736:    : public __or_<is_integral<_Tp>, is_floating_point<_Tp>>::type
        -:  737:    { };
        -:  738:
        -:  739:  /// is_fundamental
        -:  740:  template<typename _Tp>
        -:  741:    struct is_fundamental
        -:  742:    : public __or_<is_arithmetic<_Tp>, is_void<_Tp>,
        -:  743:		   is_null_pointer<_Tp>>::type
        -:  744:    { };
        -:  745:
        -:  746:  /// is_object
        -:  747:#if _GLIBCXX_USE_BUILTIN_TRAIT(__is_object)
        -:  748:  template<typename _Tp>
        -:  749:    struct is_object
        -:  750:    : public __bool_constant<__is_object(_Tp)>
        -:  751:    { };
        -:  752:#else
        -:  753:  template<typename _Tp>
        -:  754:    struct is_object
        -:  755:    : public __not_<__or_<is_function<_Tp>, is_reference<_Tp>,
        -:  756:                          is_void<_Tp>>>::type
        -:  757:    { };
        -:  758:#endif
        -:  759:
        -:  760:  template<typename>
        -:  761:    struct is_member_pointer;
        -:  762:
        -:  763:  /// is_scalar
        -:  764:  template<typename _Tp>
        -:  765:    struct is_scalar
        -:  766:    : public __or_<is_arithmetic<_Tp>, is_enum<_Tp>, is_pointer<_Tp>,
        -:  767:                   is_member_pointer<_Tp>, is_null_pointer<_Tp>>::type
        -:  768:    { };
        -:  769:
        -:  770:  /// is_compound
        -:  771:  template<typename _Tp>
        -:  772:    struct is_compound
        -:  773:    : public __bool_constant<!is_fundamental<_Tp>::value> { };
        -:  774:
        -:  775:  /// is_member_pointer
        -:  776:#if _GLIBCXX_USE_BUILTIN_TRAIT(__is_member_pointer)
        -:  777:  template<typename _Tp>
        -:  778:    struct is_member_pointer
        -:  779:    : public __bool_constant<__is_member_pointer(_Tp)>
        -:  780:    { };
        -:  781:#else
        -:  782:  /// @cond undocumented
        -:  783:  template<typename _Tp>
        -:  784:    struct __is_member_pointer_helper
        -:  785:    : public false_type { };
        -:  786:
        -:  787:  template<typename _Tp, typename _Cp>
        -:  788:    struct __is_member_pointer_helper<_Tp _Cp::*>
        -:  789:    : public true_type { };
        -:  790:  /// @endcond
        -:  791:
        -:  792:  template<typename _Tp>
        -:  793:    struct is_member_pointer
        -:  794:    : public __is_member_pointer_helper<__remove_cv_t<_Tp>>::type
        -:  795:    { };
        -:  796:#endif
        -:  797:
        -:  798:  template<typename, typename>
        -:  799:    struct is_same;
        -:  800:
        -:  801:  /// @cond undocumented
        -:  802:  template<typename _Tp, typename... _Types>
        -:  803:    using __is_one_of = __or_<is_same<_Tp, _Types>...>;
        -:  804:
        -:  805:  // Check if a type is one of the signed integer types.
        -:  806:  __extension__
        -:  807:  template<typename _Tp>
        -:  808:    using __is_signed_integer = __is_one_of<__remove_cv_t<_Tp>,
        -:  809:	  signed char, signed short, signed int, signed long,
        -:  810:	  signed long long
        -:  811:#if defined(__GLIBCXX_TYPE_INT_N_0)
        -:  812:	  , signed __GLIBCXX_TYPE_INT_N_0
        -:  813:#endif
        -:  814:#if defined(__GLIBCXX_TYPE_INT_N_1)
        -:  815:	  , signed __GLIBCXX_TYPE_INT_N_1
        -:  816:#endif
        -:  817:#if defined(__GLIBCXX_TYPE_INT_N_2)
        -:  818:	  , signed __GLIBCXX_TYPE_INT_N_2
        -:  819:#endif
        -:  820:#if defined(__GLIBCXX_TYPE_INT_N_3)
        -:  821:	  , signed __GLIBCXX_TYPE_INT_N_3
        -:  822:#endif
        -:  823:	  >;
        -:  824:
        -:  825:  // Check if a type is one of the unsigned integer types.
        -:  826:  __extension__
        -:  827:  template<typename _Tp>
        -:  828:    using __is_unsigned_integer = __is_one_of<__remove_cv_t<_Tp>,
        -:  829:	  unsigned char, unsigned short, unsigned int, unsigned long,
        -:  830:	  unsigned long long
        -:  831:#if defined(__GLIBCXX_TYPE_INT_N_0)
        -:  832:	  , unsigned __GLIBCXX_TYPE_INT_N_0
        -:  833:#endif
        -:  834:#if defined(__GLIBCXX_TYPE_INT_N_1)
        -:  835:	  , unsigned __GLIBCXX_TYPE_INT_N_1
        -:  836:#endif
        -:  837:#if defined(__GLIBCXX_TYPE_INT_N_2)
        -:  838:	  , unsigned __GLIBCXX_TYPE_INT_N_2
        -:  839:#endif
        -:  840:#if defined(__GLIBCXX_TYPE_INT_N_3)
        -:  841:	  , unsigned __GLIBCXX_TYPE_INT_N_3
        -:  842:#endif
        -:  843:	  >;
        -:  844:
        -:  845:  // Check if a type is one of the signed or unsigned integer types.
        -:  846:  template<typename _Tp>
        -:  847:    using __is_standard_integer
        -:  848:      = __or_<__is_signed_integer<_Tp>, __is_unsigned_integer<_Tp>>;
        -:  849:
        -:  850:  // __void_t (std::void_t for C++11)
        -:  851:  template<typename...> using __void_t = void;
        -:  852:  /// @endcond
        -:  853:
        -:  854:  // Type properties.
        -:  855:
        -:  856:  /// is_const
        -:  857:#if _GLIBCXX_USE_BUILTIN_TRAIT(__is_const)
        -:  858:  template<typename _Tp>
        -:  859:    struct is_const
        -:  860:    : public __bool_constant<__is_const(_Tp)>
        -:  861:    { };
        -:  862:#else
        -:  863:  template<typename>
        -:  864:    struct is_const
        -:  865:    : public false_type { };
        -:  866:
        -:  867:  template<typename _Tp>
        -:  868:    struct is_const<_Tp const>
        -:  869:    : public true_type { };
        -:  870:#endif
        -:  871:
        -:  872:  /// is_volatile
        -:  873:#if _GLIBCXX_USE_BUILTIN_TRAIT(__is_volatile)
        -:  874:  template<typename _Tp>
        -:  875:    struct is_volatile
        -:  876:    : public __bool_constant<__is_volatile(_Tp)>
        -:  877:    { };
        -:  878:#else
        -:  879:  template<typename>
        -:  880:    struct is_volatile
        -:  881:    : public false_type { };
        -:  882:
        -:  883:  template<typename _Tp>
        -:  884:    struct is_volatile<_Tp volatile>
        -:  885:    : public true_type { };
        -:  886:#endif
        -:  887:
        -:  888:  /** is_trivial
        -:  889:   * @deprecated Deprecated in C++26.
        -:  890:   * Use a combination of one or more more specialized type traits instead,
        -:  891:   * such as `is_trivially_default_constructible`,
        -:  892:   * `is_trivially_copy_constructible`, `is_trivially_copy_assignable`,
        -:  893:   * etc., depending on the exact check(s) needed.
        -:  894:   */
        -:  895:  template<typename _Tp>
        -:  896:    struct
        -:  897:    _GLIBCXX26_DEPRECATED_SUGGEST("is_trivially_default_constructible && is_trivially_copyable")
        -:  898:    is_trivial
        -:  899:    : public __bool_constant<__is_trivial(_Tp)>
        -:  900:    {
        -:  901:      static_assert(std::__is_complete_or_unbounded(__type_identity<_Tp>{}),
        -:  902:	"template argument must be a complete class or an unbounded array");
        -:  903:    };
        -:  904:
        -:  905:  /// is_trivially_copyable
        -:  906:  template<typename _Tp>
        -:  907:    struct is_trivially_copyable
        -:  908:    : public __bool_constant<__is_trivially_copyable(_Tp)>
        -:  909:    {
        -:  910:      static_assert(std::__is_complete_or_unbounded(__type_identity<_Tp>{}),
        -:  911:	"template argument must be a complete class or an unbounded array");
        -:  912:    };
        -:  913:
        -:  914:  /// is_standard_layout
        -:  915:  template<typename _Tp>
        -:  916:    struct is_standard_layout
        -:  917:    : public __bool_constant<__is_standard_layout(_Tp)>
        -:  918:    {
        -:  919:      static_assert(std::__is_complete_or_unbounded(__type_identity<_Tp>{}),
        -:  920:	"template argument must be a complete class or an unbounded array");
        -:  921:    };
        -:  922:
        -:  923:  /** is_pod
        -:  924:   * @deprecated Deprecated in C++20.
        -:  925:   * Use `is_standard_layout && is_trivial` instead.
        -:  926:   */
        -:  927:  // Could use is_standard_layout && is_trivial instead of the builtin.
        -:  928:  template<typename _Tp>
        -:  929:    struct
        -:  930:    _GLIBCXX20_DEPRECATED_SUGGEST("is_standard_layout && is_trivial")
        -:  931:    is_pod
        -:  932:    : public __bool_constant<__is_pod(_Tp)>
        -:  933:    {
        -:  934:      static_assert(std::__is_complete_or_unbounded(__type_identity<_Tp>{}),
        -:  935:	"template argument must be a complete class or an unbounded array");
        -:  936:    };
        -:  937:
        -:  938:  /** is_literal_type
        -:  939:   * @deprecated Deprecated in C++17, removed in C++20.
        -:  940:   * The idea of a literal type isn't useful.
        -:  941:   */
        -:  942:  template<typename _Tp>
        -:  943:    struct
        -:  944:    _GLIBCXX17_DEPRECATED
        -:  945:    is_literal_type
        -:  946:    : public __bool_constant<__is_literal_type(_Tp)>
        -:  947:    {
        -:  948:      static_assert(std::__is_complete_or_unbounded(__type_identity<_Tp>{}),
        -:  949:	"template argument must be a complete class or an unbounded array");
        -:  950:    };
        -:  951:
        -:  952:  /// is_empty
        -:  953:  template<typename _Tp>
        -:  954:    struct is_empty
        -:  955:    : public __bool_constant<__is_empty(_Tp)>
        -:  956:    { };
        -:  957:
        -:  958:  /// is_polymorphic
        -:  959:  template<typename _Tp>
        -:  960:    struct is_polymorphic
        -:  961:    : public __bool_constant<__is_polymorphic(_Tp)>
        -:  962:    { };
        -:  963:
        -:  964:#ifdef __cpp_lib_is_final // C++ >= 14
        -:  965:  /// is_final
        -:  966:  /// @since C++14
        -:  967:  template<typename _Tp>
        -:  968:    struct is_final
        -:  969:    : public __bool_constant<__is_final(_Tp)>
        -:  970:    { };
        -:  971:#endif
        -:  972:
        -:  973:  /// is_abstract
        -:  974:  template<typename _Tp>
        -:  975:    struct is_abstract
        -:  976:    : public __bool_constant<__is_abstract(_Tp)>
        -:  977:    { };
        -:  978:
        -:  979:  /// @cond undocumented
        -:  980:  template<typename _Tp,
        -:  981:	   bool = is_arithmetic<_Tp>::value>
        -:  982:    struct __is_signed_helper
        -:  983:    : public false_type { };
        -:  984:
        -:  985:  template<typename _Tp>
        -:  986:    struct __is_signed_helper<_Tp, true>
        -:  987:    : public __bool_constant<_Tp(-1) < _Tp(0)>
        -:  988:    { };
        -:  989:  /// @endcond
        -:  990:
        -:  991:  /// is_signed
        -:  992:  template<typename _Tp>
        -:  993:    struct is_signed
        -:  994:    : public __is_signed_helper<_Tp>::type
        -:  995:    { };
        -:  996:
        -:  997:  /// is_unsigned
        -:  998:  template<typename _Tp>
        -:  999:    struct is_unsigned
        -: 1000:    : public __and_<is_arithmetic<_Tp>, __not_<is_signed<_Tp>>>::type
        -: 1001:    { };
        -: 1002:
        -: 1003:  /// @cond undocumented
        -: 1004:  template<typename _Tp, typename _Up = _Tp&&>
        -: 1005:    _Up
        -: 1006:    __declval(int);
        -: 1007:
        -: 1008:  template<typename _Tp>
        -: 1009:    _Tp
        -: 1010:    __declval(long);
        -: 1011:  /// @endcond
        -: 1012:
        -: 1013:  template<typename _Tp>
        -: 1014:    auto declval() noexcept -> decltype(__declval<_Tp>(0));
        -: 1015:
        -: 1016:  template<typename>
        -: 1017:    struct remove_all_extents;
        -: 1018:
        -: 1019:  /// @cond undocumented
        -: 1020:  template<typename _Tp>
        -: 1021:    struct __is_array_known_bounds
        -: 1022:    : public false_type
        -: 1023:    { };
        -: 1024:
        -: 1025:  template<typename _Tp, size_t _Size>
        -: 1026:    struct __is_array_known_bounds<_Tp[_Size]>
        -: 1027:    : public true_type
        -: 1028:    { };
        -: 1029:
        -: 1030:  template<typename _Tp>
        -: 1031:    struct __is_array_unknown_bounds
        -: 1032:    : public false_type
        -: 1033:    { };
        -: 1034:
        -: 1035:  template<typename _Tp>
        -: 1036:    struct __is_array_unknown_bounds<_Tp[]>
        -: 1037:    : public true_type
        -: 1038:    { };
        -: 1039:
        -: 1040:  // Destructible and constructible type properties.
        -: 1041:
        -: 1042:  // In N3290 is_destructible does not say anything about function
        -: 1043:  // types and abstract types, see LWG 2049. This implementation
        -: 1044:  // describes function types as non-destructible and all complete
        -: 1045:  // object types as destructible, iff the explicit destructor
        -: 1046:  // call expression is wellformed.
        -: 1047:  struct __do_is_destructible_impl
        -: 1048:  {
        -: 1049:    template<typename _Tp, typename = decltype(declval<_Tp&>().~_Tp())>
        -: 1050:      static true_type __test(int);
        -: 1051:
        -: 1052:    template<typename>
        -: 1053:      static false_type __test(...);
        -: 1054:  };
        -: 1055:
        -: 1056:  template<typename _Tp>
        -: 1057:    struct __is_destructible_impl
        -: 1058:    : public __do_is_destructible_impl
        -: 1059:    {
        -: 1060:      using type = decltype(__test<_Tp>(0));
        -: 1061:    };
        -: 1062:
        -: 1063:  template<typename _Tp,
        -: 1064:           bool = __or_<is_void<_Tp>,
        -: 1065:                        __is_array_unknown_bounds<_Tp>,
        -: 1066:                        is_function<_Tp>>::value,
        -: 1067:           bool = __or_<is_reference<_Tp>, is_scalar<_Tp>>::value>
        -: 1068:    struct __is_destructible_safe;
        -: 1069:
        -: 1070:  template<typename _Tp>
        -: 1071:    struct __is_destructible_safe<_Tp, false, false>
        -: 1072:    : public __is_destructible_impl<typename
        -: 1073:               remove_all_extents<_Tp>::type>::type
        -: 1074:    { };
        -: 1075:
        -: 1076:  template<typename _Tp>
        -: 1077:    struct __is_destructible_safe<_Tp, true, false>
        -: 1078:    : public false_type { };
        -: 1079:
        -: 1080:  template<typename _Tp>
        -: 1081:    struct __is_destructible_safe<_Tp, false, true>
        -: 1082:    : public true_type { };
        -: 1083:  /// @endcond
        -: 1084:
        -: 1085:  /// is_destructible
        -: 1086:  template<typename _Tp>
        -: 1087:    struct is_destructible
        -: 1088:    : public __is_destructible_safe<_Tp>::type
        -: 1089:    {
        -: 1090:      static_assert(std::__is_complete_or_unbounded(__type_identity<_Tp>{}),
        -: 1091:	"template argument must be a complete class or an unbounded array");
        -: 1092:    };
        -: 1093:
        -: 1094:  /// @cond undocumented
        -: 1095:
        -: 1096:  // is_nothrow_destructible requires that is_destructible is
        -: 1097:  // satisfied as well.  We realize that by mimicing the
        -: 1098:  // implementation of is_destructible but refer to noexcept(expr)
        -: 1099:  // instead of decltype(expr).
        -: 1100:  struct __do_is_nt_destructible_impl
        -: 1101:  {
        -: 1102:    template<typename _Tp>
        -: 1103:      static __bool_constant<noexcept(declval<_Tp&>().~_Tp())>
        -: 1104:      __test(int);
        -: 1105:
        -: 1106:    template<typename>
        -: 1107:      static false_type __test(...);
        -: 1108:  };
        -: 1109:
        -: 1110:  template<typename _Tp>
        -: 1111:    struct __is_nt_destructible_impl
        -: 1112:    : public __do_is_nt_destructible_impl
        -: 1113:    {
        -: 1114:      using type = decltype(__test<_Tp>(0));
        -: 1115:    };
        -: 1116:
        -: 1117:  template<typename _Tp,
        -: 1118:           bool = __or_<is_void<_Tp>,
        -: 1119:                        __is_array_unknown_bounds<_Tp>,
        -: 1120:                        is_function<_Tp>>::value,
        -: 1121:           bool = __or_<is_reference<_Tp>, is_scalar<_Tp>>::value>
        -: 1122:    struct __is_nt_destructible_safe;
        -: 1123:
        -: 1124:  template<typename _Tp>
        -: 1125:    struct __is_nt_destructible_safe<_Tp, false, false>
        -: 1126:    : public __is_nt_destructible_impl<typename
        -: 1127:               remove_all_extents<_Tp>::type>::type
        -: 1128:    { };
        -: 1129:
        -: 1130:  template<typename _Tp>
        -: 1131:    struct __is_nt_destructible_safe<_Tp, true, false>
        -: 1132:    : public false_type { };
        -: 1133:
        -: 1134:  template<typename _Tp>
        -: 1135:    struct __is_nt_destructible_safe<_Tp, false, true>
        -: 1136:    : public true_type { };
        -: 1137:  /// @endcond
        -: 1138:
        -: 1139:  /// is_nothrow_destructible
        -: 1140:  template<typename _Tp>
        -: 1141:    struct is_nothrow_destructible
        -: 1142:    : public __is_nt_destructible_safe<_Tp>::type
        -: 1143:    {
        -: 1144:      static_assert(std::__is_complete_or_unbounded(__type_identity<_Tp>{}),
        -: 1145:	"template argument must be a complete class or an unbounded array");
        -: 1146:    };
        -: 1147:
        -: 1148:  /// @cond undocumented
        -: 1149:  template<typename _Tp, typename... _Args>
        -: 1150:    using __is_constructible_impl
        -: 1151:      = __bool_constant<__is_constructible(_Tp, _Args...)>;
        -: 1152:  /// @endcond
        -: 1153:
        -: 1154:  /// is_constructible
        -: 1155:  template<typename _Tp, typename... _Args>
        -: 1156:    struct is_constructible
        -: 1157:      : public __is_constructible_impl<_Tp, _Args...>
        -: 1158:    {
        -: 1159:      static_assert(std::__is_complete_or_unbounded(__type_identity<_Tp>{}),
        -: 1160:	"template argument must be a complete class or an unbounded array");
        -: 1161:    };
        -: 1162:
        -: 1163:  /// is_default_constructible
        -: 1164:  template<typename _Tp>
        -: 1165:    struct is_default_constructible
        -: 1166:    : public __is_constructible_impl<_Tp>
        -: 1167:    {
        -: 1168:      static_assert(std::__is_complete_or_unbounded(__type_identity<_Tp>{}),
        -: 1169:	"template argument must be a complete class or an unbounded array");
        -: 1170:    };
        -: 1171:
        -: 1172:  /// @cond undocumented
        -: 1173:#if _GLIBCXX_USE_BUILTIN_TRAIT(__add_lvalue_reference)
        -: 1174:  template<typename _Tp>
        -: 1175:    using __add_lval_ref_t = __add_lvalue_reference(_Tp);
        -: 1176:#else
        -: 1177:  template<typename _Tp, typename = void>
        -: 1178:    struct __add_lvalue_reference_helper
        -: 1179:    { using type = _Tp; };
        -: 1180:
        -: 1181:  template<typename _Tp>
        -: 1182:    struct __add_lvalue_reference_helper<_Tp, __void_t<_Tp&>>
        -: 1183:    { using type = _Tp&; };
        -: 1184:
        -: 1185:  template<typename _Tp>
        -: 1186:    using __add_lval_ref_t = typename __add_lvalue_reference_helper<_Tp>::type;
        -: 1187:#endif
        -: 1188:  /// @endcond
        -: 1189:
        -: 1190:  /// is_copy_constructible
        -: 1191:  template<typename _Tp>
        -: 1192:    struct is_copy_constructible
        -: 1193:    : public __is_constructible_impl<_Tp, __add_lval_ref_t<const _Tp>>
        -: 1194:    {
        -: 1195:      static_assert(std::__is_complete_or_unbounded(__type_identity<_Tp>{}),
        -: 1196:	"template argument must be a complete class or an unbounded array");
        -: 1197:    };
        -: 1198:
        -: 1199:  /// @cond undocumented
        -: 1200:#if _GLIBCXX_USE_BUILTIN_TRAIT(__add_rvalue_reference)
        -: 1201:  template<typename _Tp>
        -: 1202:    using __add_rval_ref_t = __add_rvalue_reference(_Tp);
        -: 1203:#else
        -: 1204:  template<typename _Tp, typename = void>
        -: 1205:    struct __add_rvalue_reference_helper
        -: 1206:    { using type = _Tp; };
        -: 1207:
        -: 1208:  template<typename _Tp>
        -: 1209:    struct __add_rvalue_reference_helper<_Tp, __void_t<_Tp&&>>
        -: 1210:    { using type = _Tp&&; };
        -: 1211:
        -: 1212:  template<typename _Tp>
        -: 1213:    using __add_rval_ref_t = typename __add_rvalue_reference_helper<_Tp>::type;
        -: 1214:#endif
        -: 1215:  /// @endcond
        -: 1216:
        -: 1217:  /// is_move_constructible
        -: 1218:  template<typename _Tp>
        -: 1219:    struct is_move_constructible
        -: 1220:    : public __is_constructible_impl<_Tp, __add_rval_ref_t<_Tp>>
        -: 1221:    {
        -: 1222:      static_assert(std::__is_complete_or_unbounded(__type_identity<_Tp>{}),
        -: 1223:	"template argument must be a complete class or an unbounded array");
        -: 1224:    };
        -: 1225:
        -: 1226:  /// @cond undocumented
        -: 1227:  template<typename _Tp, typename... _Args>
        -: 1228:    using __is_nothrow_constructible_impl
        -: 1229:      = __bool_constant<__is_nothrow_constructible(_Tp, _Args...)>;
        -: 1230:  /// @endcond
        -: 1231:
        -: 1232:  /// is_nothrow_constructible
        -: 1233:  template<typename _Tp, typename... _Args>
        -: 1234:    struct is_nothrow_constructible
        -: 1235:    : public __is_nothrow_constructible_impl<_Tp, _Args...>
        -: 1236:    {
        -: 1237:      static_assert(std::__is_complete_or_unbounded(__type_identity<_Tp>{}),
        -: 1238:	"template argument must be a complete class or an unbounded array");
        -: 1239:    };
        -: 1240:
        -: 1241:  /// is_nothrow_default_constructible
        -: 1242:  template<typename _Tp>
        -: 1243:    struct is_nothrow_default_constructible
        -: 1244:    : public __is_nothrow_constructible_impl<_Tp>
        -: 1245:    {
        -: 1246:      static_assert(std::__is_complete_or_unbounded(__type_identity<_Tp>{}),
        -: 1247:	"template argument must be a complete class or an unbounded array");
        -: 1248:    };
        -: 1249:
        -: 1250:  /// is_nothrow_copy_constructible
        -: 1251:  template<typename _Tp>
        -: 1252:    struct is_nothrow_copy_constructible
        -: 1253:    : public __is_nothrow_constructible_impl<_Tp, __add_lval_ref_t<const _Tp>>
        -: 1254:    {
        -: 1255:      static_assert(std::__is_complete_or_unbounded(__type_identity<_Tp>{}),
        -: 1256:	"template argument must be a complete class or an unbounded array");
        -: 1257:    };
        -: 1258:
        -: 1259:  /// is_nothrow_move_constructible
        -: 1260:  template<typename _Tp>
        -: 1261:    struct is_nothrow_move_constructible
        -: 1262:    : public __is_nothrow_constructible_impl<_Tp, __add_rval_ref_t<_Tp>>
        -: 1263:    {
        -: 1264:      static_assert(std::__is_complete_or_unbounded(__type_identity<_Tp>{}),
        -: 1265:	"template argument must be a complete class or an unbounded array");
        -: 1266:    };
        -: 1267:
        -: 1268:  /// @cond undocumented
        -: 1269:  template<typename _Tp, typename _Up>
        -: 1270:    using __is_assignable_impl = __bool_constant<__is_assignable(_Tp, _Up)>;
        -: 1271:  /// @endcond
        -: 1272:
        -: 1273:  /// is_assignable
        -: 1274:  template<typename _Tp, typename _Up>
        -: 1275:    struct is_assignable
        -: 1276:    : public __is_assignable_impl<_Tp, _Up>
        -: 1277:    {
        -: 1278:      static_assert(std::__is_complete_or_unbounded(__type_identity<_Tp>{}),
        -: 1279:	"template argument must be a complete class or an unbounded array");
        -: 1280:    };
        -: 1281:
        -: 1282:  /// is_copy_assignable
        -: 1283:  template<typename _Tp>
        -: 1284:    struct is_copy_assignable
        -: 1285:    : public __is_assignable_impl<__add_lval_ref_t<_Tp>,
        -: 1286:				  __add_lval_ref_t<const _Tp>>
        -: 1287:    {
        -: 1288:      static_assert(std::__is_complete_or_unbounded(__type_identity<_Tp>{}),
        -: 1289:	"template argument must be a complete class or an unbounded array");
        -: 1290:    };
        -: 1291:
        -: 1292:  /// is_move_assignable
        -: 1293:  template<typename _Tp>
        -: 1294:    struct is_move_assignable
        -: 1295:    : public __is_assignable_impl<__add_lval_ref_t<_Tp>, __add_rval_ref_t<_Tp>>
        -: 1296:    {
        -: 1297:      static_assert(std::__is_complete_or_unbounded(__type_identity<_Tp>{}),
        -: 1298:	"template argument must be a complete class or an unbounded array");
        -: 1299:    };
        -: 1300:
        -: 1301:  /// @cond undocumented
        -: 1302:  template<typename _Tp, typename _Up>
        -: 1303:    using __is_nothrow_assignable_impl
        -: 1304:      = __bool_constant<__is_nothrow_assignable(_Tp, _Up)>;
        -: 1305:  /// @endcond
        -: 1306:
        -: 1307:  /// is_nothrow_assignable
        -: 1308:  template<typename _Tp, typename _Up>
        -: 1309:    struct is_nothrow_assignable
        -: 1310:    : public __is_nothrow_assignable_impl<_Tp, _Up>
        -: 1311:    {
        -: 1312:      static_assert(std::__is_complete_or_unbounded(__type_identity<_Tp>{}),
        -: 1313:	"template argument must be a complete class or an unbounded array");
        -: 1314:    };
        -: 1315:
        -: 1316:  /// is_nothrow_copy_assignable
        -: 1317:  template<typename _Tp>
        -: 1318:    struct is_nothrow_copy_assignable
        -: 1319:    : public __is_nothrow_assignable_impl<__add_lval_ref_t<_Tp>,
        -: 1320:					  __add_lval_ref_t<const _Tp>>
        -: 1321:    {
        -: 1322:      static_assert(std::__is_complete_or_unbounded(__type_identity<_Tp>{}),
        -: 1323:	"template argument must be a complete class or an unbounded array");
        -: 1324:    };
        -: 1325:
        -: 1326:  /// is_nothrow_move_assignable
        -: 1327:  template<typename _Tp>
        -: 1328:    struct is_nothrow_move_assignable
        -: 1329:    : public __is_nothrow_assignable_impl<__add_lval_ref_t<_Tp>,
        -: 1330:					  __add_rval_ref_t<_Tp>>
        -: 1331:    {
        -: 1332:      static_assert(std::__is_complete_or_unbounded(__type_identity<_Tp>{}),
        -: 1333:	"template argument must be a complete class or an unbounded array");
        -: 1334:    };
        -: 1335:
        -: 1336:  /// @cond undocumented
        -: 1337:  template<typename _Tp, typename... _Args>
        -: 1338:    using __is_trivially_constructible_impl
        -: 1339:      = __bool_constant<__is_trivially_constructible(_Tp, _Args...)>;
        -: 1340:  /// @endcond
        -: 1341:
        -: 1342:  /// is_trivially_constructible
        -: 1343:  template<typename _Tp, typename... _Args>
        -: 1344:    struct is_trivially_constructible
        -: 1345:    : public __is_trivially_constructible_impl<_Tp, _Args...>
        -: 1346:    {
        -: 1347:      static_assert(std::__is_complete_or_unbounded(__type_identity<_Tp>{}),
        -: 1348:	"template argument must be a complete class or an unbounded array");
        -: 1349:    };
        -: 1350:
        -: 1351:  /// is_trivially_default_constructible
        -: 1352:  template<typename _Tp>
        -: 1353:    struct is_trivially_default_constructible
        -: 1354:    : public __is_trivially_constructible_impl<_Tp>
        -: 1355:    {
        -: 1356:      static_assert(std::__is_complete_or_unbounded(__type_identity<_Tp>{}),
        -: 1357:	"template argument must be a complete class or an unbounded array");
        -: 1358:    };
        -: 1359:
        -: 1360:#if __cpp_variable_templates && __cpp_concepts
        -: 1361:  template<typename _Tp>
        -: 1362:    constexpr bool __is_implicitly_default_constructible_v
        -: 1363:      = requires (void(&__f)(_Tp)) { __f({}); };
        -: 1364:
        -: 1365:  template<typename _Tp>
        -: 1366:    struct __is_implicitly_default_constructible
        -: 1367:    : __bool_constant<__is_implicitly_default_constructible_v<_Tp>>
        -: 1368:    { };
        -: 1369:#else
        -: 1370:  struct __do_is_implicitly_default_constructible_impl
        -: 1371:  {
        -: 1372:    template <typename _Tp>
        -: 1373:    static void __helper(const _Tp&);
        -: 1374:
        -: 1375:    template <typename _Tp>
        -: 1376:    static true_type __test(const _Tp&,
        -: 1377:                            decltype(__helper<const _Tp&>({}))* = 0);
        -: 1378:
        -: 1379:    static false_type __test(...);
        -: 1380:  };
        -: 1381:
        -: 1382:  template<typename _Tp>
        -: 1383:    struct __is_implicitly_default_constructible_impl
        -: 1384:    : public __do_is_implicitly_default_constructible_impl
        -: 1385:    {
        -: 1386:      using type = decltype(__test(declval<_Tp>()));
        -: 1387:    };
        -: 1388:
        -: 1389:  template<typename _Tp>
        -: 1390:    struct __is_implicitly_default_constructible_safe
        -: 1391:    : public __is_implicitly_default_constructible_impl<_Tp>::type
        -: 1392:    { };
        -: 1393:
        -: 1394:  template <typename _Tp>
        -: 1395:    struct __is_implicitly_default_constructible
        -: 1396:    : public __and_<__is_constructible_impl<_Tp>,
        -: 1397:		    __is_implicitly_default_constructible_safe<_Tp>>::type
        -: 1398:    { };
        -: 1399:#endif
        -: 1400:
        -: 1401:  /// is_trivially_copy_constructible
        -: 1402:  template<typename _Tp>
        -: 1403:    struct is_trivially_copy_constructible
        -: 1404:    : public __is_trivially_constructible_impl<_Tp, __add_lval_ref_t<const _Tp>>
        -: 1405:    {
        -: 1406:      static_assert(std::__is_complete_or_unbounded(__type_identity<_Tp>{}),
        -: 1407:	"template argument must be a complete class or an unbounded array");
        -: 1408:    };
        -: 1409:
        -: 1410:  /// is_trivially_move_constructible
        -: 1411:  template<typename _Tp>
        -: 1412:    struct is_trivially_move_constructible
        -: 1413:    : public __is_trivially_constructible_impl<_Tp, __add_rval_ref_t<_Tp>>
        -: 1414:    {
        -: 1415:      static_assert(std::__is_complete_or_unbounded(__type_identity<_Tp>{}),
        -: 1416:	"template argument must be a complete class or an unbounded array");
        -: 1417:    };
        -: 1418:
        -: 1419:  /// @cond undocumented
        -: 1420:  template<typename _Tp, typename _Up>
        -: 1421:    using __is_trivially_assignable_impl
        -: 1422:      = __bool_constant<__is_trivially_assignable(_Tp, _Up)>;
        -: 1423:  /// @endcond
        -: 1424:
        -: 1425:  /// is_trivially_assignable
        -: 1426:  template<typename _Tp, typename _Up>
        -: 1427:    struct is_trivially_assignable
        -: 1428:    : public __is_trivially_assignable_impl<_Tp, _Up>
        -: 1429:    {
        -: 1430:      static_assert(std::__is_complete_or_unbounded(__type_identity<_Tp>{}),
        -: 1431:	"template argument must be a complete class or an unbounded array");
        -: 1432:    };
        -: 1433:
        -: 1434:  /// is_trivially_copy_assignable
        -: 1435:  template<typename _Tp>
        -: 1436:    struct is_trivially_copy_assignable
        -: 1437:    : public __is_trivially_assignable_impl<__add_lval_ref_t<_Tp>,
        -: 1438:					    __add_lval_ref_t<const _Tp>>
        -: 1439:    {
        -: 1440:      static_assert(std::__is_complete_or_unbounded(__type_identity<_Tp>{}),
        -: 1441:	"template argument must be a complete class or an unbounded array");
        -: 1442:    };
        -: 1443:
        -: 1444:  /// is_trivially_move_assignable
        -: 1445:  template<typename _Tp>
        -: 1446:    struct is_trivially_move_assignable
        -: 1447:    : public __is_trivially_assignable_impl<__add_lval_ref_t<_Tp>,
        -: 1448:					    __add_rval_ref_t<_Tp>>
        -: 1449:    {
        -: 1450:      static_assert(std::__is_complete_or_unbounded(__type_identity<_Tp>{}),
        -: 1451:	"template argument must be a complete class or an unbounded array");
        -: 1452:    };
        -: 1453:
        -: 1454:  /// is_trivially_destructible
        -: 1455:  template<typename _Tp>
        -: 1456:    struct is_trivially_destructible
        -: 1457:    : public __and_<__is_destructible_safe<_Tp>,
        -: 1458:		    __bool_constant<__has_trivial_destructor(_Tp)>>::type
        -: 1459:    {
        -: 1460:      static_assert(std::__is_complete_or_unbounded(__type_identity<_Tp>{}),
        -: 1461:	"template argument must be a complete class or an unbounded array");
        -: 1462:    };
        -: 1463:
        -: 1464:
        -: 1465:  /// has_virtual_destructor
        -: 1466:  template<typename _Tp>
        -: 1467:    struct has_virtual_destructor
        -: 1468:    : public __bool_constant<__has_virtual_destructor(_Tp)>
        -: 1469:    {
        -: 1470:      static_assert(std::__is_complete_or_unbounded(__type_identity<_Tp>{}),
        -: 1471:	"template argument must be a complete class or an unbounded array");
        -: 1472:    };
        -: 1473:
        -: 1474:
        -: 1475:  // type property queries.
        -: 1476:
        -: 1477:  /// alignment_of
        -: 1478:  template<typename _Tp>
        -: 1479:    struct alignment_of
        -: 1480:    : public integral_constant<std::size_t, alignof(_Tp)>
        -: 1481:    {
        -: 1482:      static_assert(std::__is_complete_or_unbounded(__type_identity<_Tp>{}),
        -: 1483:	"template argument must be a complete class or an unbounded array");
        -: 1484:    };
        -: 1485:
        -: 1486:  /// rank
        -: 1487:#if _GLIBCXX_USE_BUILTIN_TRAIT(__array_rank) \
        -: 1488:  && (!defined(__clang__) || __clang_major__ >= 20) // PR118559
        -: 1489:  template<typename _Tp>
        -: 1490:    struct rank
        -: 1491:    : public integral_constant<std::size_t, __array_rank(_Tp)> { };
        -: 1492:#else
        -: 1493:  template<typename>
        -: 1494:    struct rank
        -: 1495:    : public integral_constant<std::size_t, 0> { };
        -: 1496:
        -: 1497:  template<typename _Tp, std::size_t _Size>
        -: 1498:    struct rank<_Tp[_Size]>
        -: 1499:    : public integral_constant<std::size_t, 1 + rank<_Tp>::value> { };
        -: 1500:
        -: 1501:  template<typename _Tp>
        -: 1502:    struct rank<_Tp[]>
        -: 1503:    : public integral_constant<std::size_t, 1 + rank<_Tp>::value> { };
        -: 1504:#endif
        -: 1505:
        -: 1506:  /// extent
        -: 1507:  template<typename, unsigned _Uint = 0>
        -: 1508:    struct extent
        -: 1509:    : public integral_constant<size_t, 0> { };
        -: 1510:
        -: 1511:  template<typename _Tp, size_t _Size>
        -: 1512:    struct extent<_Tp[_Size], 0>
        -: 1513:    : public integral_constant<size_t, _Size> { };
        -: 1514:
        -: 1515:  template<typename _Tp, unsigned _Uint, size_t _Size>
        -: 1516:    struct extent<_Tp[_Size], _Uint>
        -: 1517:    : public extent<_Tp, _Uint - 1>::type { };
        -: 1518:
        -: 1519:  template<typename _Tp>
        -: 1520:    struct extent<_Tp[], 0>
        -: 1521:    : public integral_constant<size_t, 0> { };
        -: 1522:
        -: 1523:  template<typename _Tp, unsigned _Uint>
        -: 1524:    struct extent<_Tp[], _Uint>
        -: 1525:    : public extent<_Tp, _Uint - 1>::type { };
        -: 1526:
        -: 1527:
        -: 1528:  // Type relations.
        -: 1529:
        -: 1530:  /// is_same
        -: 1531:#if _GLIBCXX_USE_BUILTIN_TRAIT(__is_same)
        -: 1532:  template<typename _Tp, typename _Up>
        -: 1533:    struct is_same
        -: 1534:    : public __bool_constant<__is_same(_Tp, _Up)>
        -: 1535:    { };
        -: 1536:#else
        -: 1537:  template<typename _Tp, typename _Up>
        -: 1538:    struct is_same
        -: 1539:    : public false_type
        -: 1540:    { };
        -: 1541:
        -: 1542:  template<typename _Tp>
        -: 1543:    struct is_same<_Tp, _Tp>
        -: 1544:    : public true_type
        -: 1545:    { };
        -: 1546:#endif
        -: 1547:
        -: 1548:  /// is_base_of
        -: 1549:  template<typename _Base, typename _Derived>
        -: 1550:    struct is_base_of
        -: 1551:    : public __bool_constant<__is_base_of(_Base, _Derived)>
        -: 1552:    { };
        -: 1553:
        -: 1554:#ifdef __cpp_lib_is_virtual_base_of // C++ >= 26
        -: 1555:  /// is_virtual_base_of
        -: 1556:  /// @since C++26
        -: 1557:  template<typename _Base, typename _Derived>
        -: 1558:    struct is_virtual_base_of
        -: 1559:    : public bool_constant<__builtin_is_virtual_base_of(_Base, _Derived)>
        -: 1560:    { };
        -: 1561:#endif
        -: 1562:
        -: 1563:#if _GLIBCXX_USE_BUILTIN_TRAIT(__is_convertible)
        -: 1564:  template<typename _From, typename _To>
        -: 1565:    struct is_convertible
        -: 1566:    : public __bool_constant<__is_convertible(_From, _To)>
        -: 1567:    { };
        -: 1568:#else
        -: 1569:  template<typename _From, typename _To,
        -: 1570:           bool = __or_<is_void<_From>, is_function<_To>,
        -: 1571:                        is_array<_To>>::value>
        -: 1572:    struct __is_convertible_helper
        -: 1573:    {
        -: 1574:      using type = typename is_void<_To>::type;
        -: 1575:    };
        -: 1576:
        -: 1577:#pragma GCC diagnostic push
        -: 1578:#pragma GCC diagnostic ignored "-Wctor-dtor-privacy"
        -: 1579:  template<typename _From, typename _To>
        -: 1580:    class __is_convertible_helper<_From, _To, false>
        -: 1581:    {
        -: 1582:      template<typename _To1>
        -: 1583:	static void __test_aux(_To1) noexcept;
        -: 1584:
        -: 1585:      template<typename _From1, typename _To1,
        -: 1586:	       typename = decltype(__test_aux<_To1>(std::declval<_From1>()))>
        -: 1587:	static true_type
        -: 1588:	__test(int);
        -: 1589:
        -: 1590:      template<typename, typename>
        -: 1591:	static false_type
        -: 1592:	__test(...);
        -: 1593:
        -: 1594:    public:
        -: 1595:      using type = decltype(__test<_From, _To>(0));
        -: 1596:    };
        -: 1597:#pragma GCC diagnostic pop
        -: 1598:
        -: 1599:  /// is_convertible
        -: 1600:  template<typename _From, typename _To>
        -: 1601:    struct is_convertible
        -: 1602:    : public __is_convertible_helper<_From, _To>::type
        -: 1603:    { };
        -: 1604:#endif
        -: 1605:
        -: 1606:  // helper trait for unique_ptr<T[]>, shared_ptr<T[]>, and span<T, N>
        -: 1607:  template<typename _ToElementType, typename _FromElementType>
        -: 1608:    using __is_array_convertible
        -: 1609:      = is_convertible<_FromElementType(*)[], _ToElementType(*)[]>;
        -: 1610:
        -: 1611:#ifdef __cpp_lib_is_nothrow_convertible // C++ >= 20
        -: 1612:
        -: 1613:#if _GLIBCXX_USE_BUILTIN_TRAIT(__is_nothrow_convertible)
        -: 1614:  /// is_nothrow_convertible_v
        -: 1615:  template<typename _From, typename _To>
        -: 1616:    inline constexpr bool is_nothrow_convertible_v
        -: 1617:      = __is_nothrow_convertible(_From, _To);
        -: 1618:
        -: 1619:  /// is_nothrow_convertible
        -: 1620:  template<typename _From, typename _To>
        -: 1621:    struct is_nothrow_convertible
        -: 1622:    : public bool_constant<is_nothrow_convertible_v<_From, _To>>
        -: 1623:    { };
        -: 1624:#else
        -: 1625:  template<typename _From, typename _To,
        -: 1626:           bool = __or_<is_void<_From>, is_function<_To>,
        -: 1627:                        is_array<_To>>::value>
        -: 1628:    struct __is_nt_convertible_helper
        -: 1629:    : is_void<_To>
        -: 1630:    { };
        -: 1631:
        -: 1632:#pragma GCC diagnostic push
        -: 1633:#pragma GCC diagnostic ignored "-Wctor-dtor-privacy"
        -: 1634:  template<typename _From, typename _To>
        -: 1635:    class __is_nt_convertible_helper<_From, _To, false>
        -: 1636:    {
        -: 1637:      template<typename _To1>
        -: 1638:	static void __test_aux(_To1) noexcept;
        -: 1639:
        -: 1640:      template<typename _From1, typename _To1>
        -: 1641:	static
        -: 1642:	__bool_constant<noexcept(__test_aux<_To1>(std::declval<_From1>()))>
        -: 1643:	__test(int);
        -: 1644:
        -: 1645:      template<typename, typename>
        -: 1646:	static false_type
        -: 1647:	__test(...);
        -: 1648:
        -: 1649:    public:
        -: 1650:      using type = decltype(__test<_From, _To>(0));
        -: 1651:    };
        -: 1652:#pragma GCC diagnostic pop
        -: 1653:
        -: 1654:  /// is_nothrow_convertible
        -: 1655:  template<typename _From, typename _To>
        -: 1656:    struct is_nothrow_convertible
        -: 1657:    : public __is_nt_convertible_helper<_From, _To>::type
        -: 1658:    { };
        -: 1659:
        -: 1660:  /// is_nothrow_convertible_v
        -: 1661:  template<typename _From, typename _To>
        -: 1662:    inline constexpr bool is_nothrow_convertible_v
        -: 1663:      = is_nothrow_convertible<_From, _To>::value;
        -: 1664:#endif
        -: 1665:#endif // __cpp_lib_is_nothrow_convertible
        -: 1666:
        -: 1667:#pragma GCC diagnostic push
        -: 1668:#pragma GCC diagnostic ignored "-Wc++14-extensions" // for variable templates
        -: 1669:  template<typename _Tp, typename... _Args>
        -: 1670:    struct __is_nothrow_new_constructible_impl
        -: 1671:    : __bool_constant<
        -: 1672:	noexcept(::new(std::declval<void*>()) _Tp(std::declval<_Args>()...))
        -: 1673:      >
        -: 1674:    { };
        -: 1675:
        -: 1676:  template<typename _Tp, typename... _Args>
        -: 1677:    _GLIBCXX17_INLINE constexpr bool __is_nothrow_new_constructible
        -: 1678:      = __and_<is_constructible<_Tp, _Args...>,
        -: 1679:	       __is_nothrow_new_constructible_impl<_Tp, _Args...>>::value;
        -: 1680:#pragma GCC diagnostic pop
        -: 1681:
        -: 1682:  // Const-volatile modifications.
        -: 1683:
        -: 1684:  /// remove_const
        -: 1685:  template<typename _Tp>
        -: 1686:    struct remove_const
        -: 1687:    { using type = _Tp; };
        -: 1688:
        -: 1689:  template<typename _Tp>
        -: 1690:    struct remove_const<_Tp const>
        -: 1691:    { using type = _Tp; };
        -: 1692:
        -: 1693:  /// remove_volatile
        -: 1694:  template<typename _Tp>
        -: 1695:    struct remove_volatile
        -: 1696:    { using type = _Tp; };
        -: 1697:
        -: 1698:  template<typename _Tp>
        -: 1699:    struct remove_volatile<_Tp volatile>
        -: 1700:    { using type = _Tp; };
        -: 1701:
        -: 1702:  /// remove_cv
        -: 1703:#if _GLIBCXX_USE_BUILTIN_TRAIT(__remove_cv)
        -: 1704:  template<typename _Tp>
        -: 1705:    struct remove_cv
        -: 1706:    { using type = __remove_cv(_Tp); };
        -: 1707:#else
        -: 1708:  template<typename _Tp>
        -: 1709:    struct remove_cv
        -: 1710:    { using type = _Tp; };
        -: 1711:
        -: 1712:  template<typename _Tp>
        -: 1713:    struct remove_cv<const _Tp>
        -: 1714:    { using type = _Tp; };
        -: 1715:
        -: 1716:  template<typename _Tp>
        -: 1717:    struct remove_cv<volatile _Tp>
        -: 1718:    { using type = _Tp; };
        -: 1719:
        -: 1720:  template<typename _Tp>
        -: 1721:    struct remove_cv<const volatile _Tp>
        -: 1722:    { using type = _Tp; };
        -: 1723:#endif
        -: 1724:
        -: 1725:  /// add_const
        -: 1726:  template<typename _Tp>
        -: 1727:    struct add_const
        -: 1728:    { using type = _Tp const; };
        -: 1729:
        -: 1730:  /// add_volatile
        -: 1731:  template<typename _Tp>
        -: 1732:    struct add_volatile
        -: 1733:    { using type = _Tp volatile; };
        -: 1734:
        -: 1735:  /// add_cv
        -: 1736:  template<typename _Tp>
        -: 1737:    struct add_cv
        -: 1738:    { using type = _Tp const volatile; };
        -: 1739:
        -: 1740:#ifdef __cpp_lib_transformation_trait_aliases // C++ >= 14
        -: 1741:  /// Alias template for remove_const
        -: 1742:  template<typename _Tp>
        -: 1743:    using remove_const_t = typename remove_const<_Tp>::type;
        -: 1744:
        -: 1745:  /// Alias template for remove_volatile
        -: 1746:  template<typename _Tp>
        -: 1747:    using remove_volatile_t = typename remove_volatile<_Tp>::type;
        -: 1748:
        -: 1749:  /// Alias template for remove_cv
        -: 1750:  template<typename _Tp>
        -: 1751:    using remove_cv_t = typename remove_cv<_Tp>::type;
        -: 1752:
        -: 1753:  /// Alias template for add_const
        -: 1754:  template<typename _Tp>
        -: 1755:    using add_const_t = typename add_const<_Tp>::type;
        -: 1756:
        -: 1757:  /// Alias template for add_volatile
        -: 1758:  template<typename _Tp>
        -: 1759:    using add_volatile_t = typename add_volatile<_Tp>::type;
        -: 1760:
        -: 1761:  /// Alias template for add_cv
        -: 1762:  template<typename _Tp>
        -: 1763:    using add_cv_t = typename add_cv<_Tp>::type;
        -: 1764:#endif
        -: 1765:
        -: 1766:  // Reference transformations.
        -: 1767:
        -: 1768:  /// remove_reference
        -: 1769:#if _GLIBCXX_USE_BUILTIN_TRAIT(__remove_reference)
        -: 1770:  template<typename _Tp>
        -: 1771:    struct remove_reference
        -: 1772:    { using type = __remove_reference(_Tp); };
        -: 1773:#else
        -: 1774:  template<typename _Tp>
        -: 1775:    struct remove_reference
        -: 1776:    { using type = _Tp; };
        -: 1777:
        -: 1778:  template<typename _Tp>
        -: 1779:    struct remove_reference<_Tp&>
        -: 1780:    { using type = _Tp; };
        -: 1781:
        -: 1782:  template<typename _Tp>
        -: 1783:    struct remove_reference<_Tp&&>
        -: 1784:    { using type = _Tp; };
        -: 1785:#endif
        -: 1786:
        -: 1787:  /// add_lvalue_reference
        -: 1788:  template<typename _Tp>
        -: 1789:    struct add_lvalue_reference
        -: 1790:    { using type = __add_lval_ref_t<_Tp>; };
        -: 1791:
        -: 1792:  /// add_rvalue_reference
        -: 1793:  template<typename _Tp>
        -: 1794:    struct add_rvalue_reference
        -: 1795:    { using type = __add_rval_ref_t<_Tp>; };
        -: 1796:
        -: 1797:#if __cplusplus > 201103L
        -: 1798:  /// Alias template for remove_reference
        -: 1799:  template<typename _Tp>
        -: 1800:    using remove_reference_t = typename remove_reference<_Tp>::type;
        -: 1801:
        -: 1802:  /// Alias template for add_lvalue_reference
        -: 1803:  template<typename _Tp>
        -: 1804:    using add_lvalue_reference_t = typename add_lvalue_reference<_Tp>::type;
        -: 1805:
        -: 1806:  /// Alias template for add_rvalue_reference
        -: 1807:  template<typename _Tp>
        -: 1808:    using add_rvalue_reference_t = typename add_rvalue_reference<_Tp>::type;
        -: 1809:#endif
        -: 1810:
        -: 1811:  // Sign modifications.
        -: 1812:
        -: 1813:  /// @cond undocumented
        -: 1814:
        -: 1815:  // Utility for constructing identically cv-qualified types.
        -: 1816:  template<typename _Unqualified, bool _IsConst, bool _IsVol>
        -: 1817:    struct __cv_selector;
        -: 1818:
        -: 1819:  template<typename _Unqualified>
[...]
        -: 3796:    using type_identity_t = typename type_identity<_Tp>::type;
        -: 3797:  /// @}
        -: 3798:#endif
        -: 3799:
        -: 3800:#ifdef __cpp_lib_unwrap_ref // C++ >= 20
        -: 3801:  /** Unwrap a reference_wrapper
        -: 3802:   * @since C++20
        -: 3803:   * @{
        -: 3804:   */
        -: 3805:  template<typename _Tp>
        -: 3806:    struct unwrap_reference { using type = _Tp; };
        -: 3807:
        -: 3808:  template<typename _Tp>
        -: 3809:    struct unwrap_reference<reference_wrapper<_Tp>> { using type = _Tp&; };
        -: 3810:
        -: 3811:  template<typename _Tp>
        -: 3812:    using unwrap_reference_t = typename unwrap_reference<_Tp>::type;
        -: 3813:  /// @}
        -: 3814:
        -: 3815:  /** Decay type and if it's a reference_wrapper, unwrap it
        -: 3816:   * @since C++20
        -: 3817:   * @{
        -: 3818:   */
        -: 3819:  template<typename _Tp>
        -: 3820:    struct unwrap_ref_decay { using type = unwrap_reference_t<decay_t<_Tp>>; };
        -: 3821:
        -: 3822:  template<typename _Tp>
        -: 3823:    using unwrap_ref_decay_t = typename unwrap_ref_decay<_Tp>::type;
        -: 3824:  /// @}
        -: 3825:#endif // __cpp_lib_unwrap_ref
        -: 3826:
        -: 3827:#ifdef __cpp_lib_bounded_array_traits // C++ >= 20
        -: 3828:  /// True for a type that is an array of known bound.
        -: 3829:  /// @ingroup variable_templates
        -: 3830:  /// @since C++20
        -: 3831:# if _GLIBCXX_USE_BUILTIN_TRAIT(__is_bounded_array)
        -: 3832:  template<typename _Tp>
        -: 3833:    inline constexpr bool is_bounded_array_v = __is_bounded_array(_Tp);
        -: 3834:# else
        -: 3835:  template<typename _Tp>
        -: 3836:    inline constexpr bool is_bounded_array_v = false;
        -: 3837:
        -: 3838:  template<typename _Tp, size_t _Size>
        -: 3839:    inline constexpr bool is_bounded_array_v<_Tp[_Size]> = true;
        -: 3840:# endif
        -: 3841:
        -: 3842:  /// True for a type that is an array of unknown bound.
        -: 3843:  /// @ingroup variable_templates
        -: 3844:  /// @since C++20
        -: 3845:# if _GLIBCXX_USE_BUILTIN_TRAIT(__is_unbounded_array)
        -: 3846:  template<typename _Tp>
        -: 3847:    inline constexpr bool is_unbounded_array_v = __is_unbounded_array(_Tp);
        -: 3848:# else
        -: 3849:  template<typename _Tp>
        -: 3850:    inline constexpr bool is_unbounded_array_v = false;
        -: 3851:
        -: 3852:  template<typename _Tp>
        -: 3853:    inline constexpr bool is_unbounded_array_v<_Tp[]> = true;
        -: 3854:# endif
        -: 3855:
        -: 3856:  /// True for a type that is an array of known bound.
        -: 3857:  /// @since C++20
        -: 3858:  template<typename _Tp>
        -: 3859:    struct is_bounded_array
        -: 3860:    : public bool_constant<is_bounded_array_v<_Tp>>
        -: 3861:    { };
        -: 3862:
        -: 3863:  /// True for a type that is an array of unknown bound.
        -: 3864:  /// @since C++20
        -: 3865:  template<typename _Tp>
        -: 3866:    struct is_unbounded_array
        -: 3867:    : public bool_constant<is_unbounded_array_v<_Tp>>
        -: 3868:    { };
        -: 3869:#endif // __cpp_lib_bounded_array_traits
        -: 3870:
        -: 3871:#if __has_builtin(__is_layout_compatible) && __cplusplus >= 202002L
        -: 3872:
        -: 3873:  /// @since C++20
        -: 3874:  template<typename _Tp, typename _Up>
        -: 3875:    struct is_layout_compatible
        -: 3876:    : bool_constant<__is_layout_compatible(_Tp, _Up)>
        -: 3877:    { };
        -: 3878:
        -: 3879:  /// @ingroup variable_templates
        -: 3880:  /// @since C++20
        -: 3881:  template<typename _Tp, typename _Up>
        -: 3882:    constexpr bool is_layout_compatible_v
        -: 3883:      = __is_layout_compatible(_Tp, _Up);
        -: 3884:
        -: 3885:#if __has_builtin(__builtin_is_corresponding_member)
        -: 3886:# ifndef __cpp_lib_is_layout_compatible
        -: 3887:#  error "libstdc++ bug: is_corresponding_member and is_layout_compatible are provided but their FTM is not set"
        -: 3888:# endif
        -: 3889:
        -: 3890:  /// @since C++20
        -: 3891:  template<typename _S1, typename _S2, typename _M1, typename _M2>
        -: 3892:    constexpr bool
        -: 3893:    is_corresponding_member(_M1 _S1::*__m1, _M2 _S2::*__m2) noexcept
        -: 3894:    { return __builtin_is_corresponding_member(__m1, __m2); }
        -: 3895:#endif
        -: 3896:#endif
        -: 3897:
        -: 3898:#if __has_builtin(__is_pointer_interconvertible_base_of) \
        -: 3899:  && __cplusplus >= 202002L
        -: 3900:  /// True if `_Derived` is standard-layout and has a base class of type `_Base`
        -: 3901:  /// @since C++20
        -: 3902:  template<typename _Base, typename _Derived>
        -: 3903:    struct is_pointer_interconvertible_base_of
        -: 3904:    : bool_constant<__is_pointer_interconvertible_base_of(_Base, _Derived)>
        -: 3905:    { };
        -: 3906:
        -: 3907:  /// @ingroup variable_templates
        -: 3908:  /// @since C++20
        -: 3909:  template<typename _Base, typename _Derived>
        -: 3910:    constexpr bool is_pointer_interconvertible_base_of_v
        -: 3911:      = __is_pointer_interconvertible_base_of(_Base, _Derived);
        -: 3912:
        -: 3913:#if __has_builtin(__builtin_is_pointer_interconvertible_with_class)
        -: 3914:# ifndef __cpp_lib_is_pointer_interconvertible
        -: 3915:#  error "libstdc++ bug: is_pointer_interconvertible available but FTM is not set"
        -: 3916:# endif
        -: 3917:
        -: 3918:  /// True if `__mp` points to the first member of a standard-layout type
        -: 3919:  /// @returns true if `s.*__mp` is pointer-interconvertible with `s`
        -: 3920:  /// @since C++20
        -: 3921:  template<typename _Tp, typename _Mem>
        -: 3922:    constexpr bool
        -: 3923:    is_pointer_interconvertible_with_class(_Mem _Tp::*__mp) noexcept
        -: 3924:    { return __builtin_is_pointer_interconvertible_with_class(__mp); }
        -: 3925:#endif
        -: 3926:#endif
        -: 3927:
        -: 3928:#ifdef __cpp_lib_is_scoped_enum // C++ >= 23
        -: 3929:  /// True if the type is a scoped enumeration type.
        -: 3930:  /// @since C++23
        -: 3931:
        -: 3932:# if _GLIBCXX_USE_BUILTIN_TRAIT(__is_scoped_enum)
        -: 3933:  template<typename _Tp>
        -: 3934:    struct is_scoped_enum
        -: 3935:    : bool_constant<__is_scoped_enum(_Tp)>
        -: 3936:    { };
        -: 3937:# else
        -: 3938:  template<typename _Tp>
        -: 3939:    struct is_scoped_enum
        -: 3940:    : false_type
        -: 3941:    { };
        -: 3942:
        -: 3943:  template<typename _Tp>
        -: 3944:    requires __is_enum(_Tp)
        -: 3945:    && requires(remove_cv_t<_Tp> __t) { __t = __t; } // fails if incomplete
        -: 3946:    struct is_scoped_enum<_Tp>
        -: 3947:    : bool_constant<!requires(_Tp __t, void(*__f)(int)) { __f(__t); }>
        -: 3948:    { };
        -: 3949:# endif
        -: 3950:
        -: 3951:  /// @ingroup variable_templates
        -: 3952:  /// @since C++23
        -: 3953:# if _GLIBCXX_USE_BUILTIN_TRAIT(__is_scoped_enum)
        -: 3954:  template<typename _Tp>
        -: 3955:    inline constexpr bool is_scoped_enum_v = __is_scoped_enum(_Tp);
        -: 3956:# else
        -: 3957:  template<typename _Tp>
        -: 3958:    inline constexpr bool is_scoped_enum_v = is_scoped_enum<_Tp>::value;
        -: 3959:# endif
        -: 3960:#endif
        -: 3961:
        -: 3962:#ifdef __cpp_lib_reference_from_temporary // C++ >= 23 && ref_{converts,constructs}_from_temp
        -: 3963:  /// True if _Tp is a reference type, a _Up value can be bound to _Tp in
        -: 3964:  /// direct-initialization, and a temporary object would be bound to
        -: 3965:  /// the reference, false otherwise.
        -: 3966:  /// @since C++23
        -: 3967:  template<typename _Tp, typename _Up>
        -: 3968:    struct reference_constructs_from_temporary
        -: 3969:    : public bool_constant<__reference_constructs_from_temporary(_Tp, _Up)>
        -: 3970:    {
        -: 3971:      static_assert(std::__is_complete_or_unbounded(__type_identity<_Tp>{})
        -: 3972:		    && std::__is_complete_or_unbounded(__type_identity<_Up>{}),
        -: 3973:	"template argument must be a complete class or an unbounded array");
        -: 3974:    };
        -: 3975:
        -: 3976:  /// True if _Tp is a reference type, a _Up value can be bound to _Tp in
        -: 3977:  /// copy-initialization, and a temporary object would be bound to
        -: 3978:  /// the reference, false otherwise.
        -: 3979:  /// @since C++23
        -: 3980:  template<typename _Tp, typename _Up>
        -: 3981:    struct reference_converts_from_temporary
        -: 3982:    : public bool_constant<__reference_converts_from_temporary(_Tp, _Up)>
        -: 3983:    {
        -: 3984:      static_assert(std::__is_complete_or_unbounded(__type_identity<_Tp>{})
        -: 3985:		    && std::__is_complete_or_unbounded(__type_identity<_Up>{}),
        -: 3986:	"template argument must be a complete class or an unbounded array");
        -: 3987:    };
        -: 3988:
        -: 3989:  /// @ingroup variable_templates
        -: 3990:  /// @since C++23
        -: 3991:  template<typename _Tp, typename _Up>
        -: 3992:    inline constexpr bool reference_constructs_from_temporary_v
        -: 3993:      = reference_constructs_from_temporary<_Tp, _Up>::value;
        -: 3994:
        -: 3995:  /// @ingroup variable_templates
        -: 3996:  /// @since C++23
        -: 3997:  template<typename _Tp, typename _Up>
        -: 3998:    inline constexpr bool reference_converts_from_temporary_v
        -: 3999:      = reference_converts_from_temporary<_Tp, _Up>::value;
        -: 4000:#endif // __cpp_lib_reference_from_temporary
        -: 4001:
        -: 4002:#ifdef __cpp_lib_is_constant_evaluated // C++ >= 20 && HAVE_IS_CONST_EVAL
        -: 4003:  /// Returns true only when called during constant evaluation.
        -: 4004:  /// @since C++20
        -: 4005:  constexpr inline bool
function _ZSt21is_constant_evaluatedv called 0 returned 0% blocks executed 0%
    #####: 4006:  is_constant_evaluated() noexcept
        -: 4007:  {
        -: 4008:#if __cpp_if_consteval >= 202106L
        -: 4009:    if consteval { return true; } else { return false; }
        -: 4010:#else
    #####: 4011:    return __builtin_is_constant_evaluated();
    %%%%%: 4011-block 2
        -: 4012:#endif
        -: 4013:  }
        -: 4014:#endif
        -: 4015:
        -: 4016:#if __cplusplus >= 202002L
        -: 4017:  /// @cond undocumented
        -: 4018:  template<typename _From, typename _To>
        -: 4019:    using __copy_cv = typename __match_cv_qualifiers<_From, _To>::__type;
        -: 4020:
        -: 4021:  template<typename _Xp, typename _Yp>
        -: 4022:    using __cond_res
        -: 4023:      = decltype(false ? declval<_Xp(&)()>()() : declval<_Yp(&)()>()());
        -: 4024:
        -: 4025:  template<typename _Ap, typename _Bp, typename = void>
        -: 4026:    struct __common_ref_impl
        -: 4027:    { };
        -: 4028:
        -: 4029:  // [meta.trans.other], COMMON-REF(A, B)
        -: 4030:  template<typename _Ap, typename _Bp>
        -: 4031:    using __common_ref = typename __common_ref_impl<_Ap, _Bp>::type;
        -: 4032:
        -: 4033:  // COND-RES(COPYCV(X, Y) &, COPYCV(Y, X) &)
        -: 4034:  template<typename _Xp, typename _Yp>
        -: 4035:    using __condres_cvref
        -: 4036:      = __cond_res<__copy_cv<_Xp, _Yp>&, __copy_cv<_Yp, _Xp>&>;
        -: 4037:
        -: 4038:  // If A and B are both lvalue reference types, ...
        -: 4039:  template<typename _Xp, typename _Yp>
        -: 4040:    struct __common_ref_impl<_Xp&, _Yp&, __void_t<__condres_cvref<_Xp, _Yp>>>
        -: 4041:    : enable_if<is_reference_v<__condres_cvref<_Xp, _Yp>>,
        -: 4042:		__condres_cvref<_Xp, _Yp>>
        -: 4043:    { };
        -: 4044:
        -: 4045:  // let C be remove_reference_t<COMMON-REF(X&, Y&)>&&
        -: 4046:  template<typename _Xp, typename _Yp>
        -: 4047:    using __common_ref_C = remove_reference_t<__common_ref<_Xp&, _Yp&>>&&;
        -: 4048:
        -: 4049:  // If A and B are both rvalue reference types, ...
        -: 4050:  template<typename _Xp, typename _Yp>
        -: 4051:    struct __common_ref_impl<_Xp&&, _Yp&&,
        -: 4052:      _Require<is_convertible<_Xp&&, __common_ref_C<_Xp, _Yp>>,
        -: 4053:	       is_convertible<_Yp&&, __common_ref_C<_Xp, _Yp>>>>
        -: 4054:    { using type = __common_ref_C<_Xp, _Yp>; };
        -: 4055:
        -: 4056:  // let D be COMMON-REF(const X&, Y&)
        -: 4057:  template<typename _Xp, typename _Yp>
        -: 4058:    using __common_ref_D = __common_ref<const _Xp&, _Yp&>;
        -: 4059:
        -: 4060:  // If A is an rvalue reference and B is an lvalue reference, ...
        -: 4061:  template<typename _Xp, typename _Yp>
        -: 4062:    struct __common_ref_impl<_Xp&&, _Yp&,
        -: 4063:      _Require<is_convertible<_Xp&&, __common_ref_D<_Xp, _Yp>>>>
        -: 4064:    { using type = __common_ref_D<_Xp, _Yp>; };
        -: 4065:
        -: 4066:  // If A is an lvalue reference and B is an rvalue reference, ...
        -: 4067:  template<typename _Xp, typename _Yp>
        -: 4068:    struct __common_ref_impl<_Xp&, _Yp&&>
        -: 4069:    : __common_ref_impl<_Yp&&, _Xp&>
        -: 4070:    { };
        -: 4071:  /// @endcond
        -: 4072:
        -: 4073:  template<typename _Tp, typename _Up,
        -: 4074:	   template<typename> class _TQual, template<typename> class _UQual>
        -: 4075:    struct basic_common_reference
        -: 4076:    { };
        -: 4077:
        -: 4078:  /// @cond undocumented
        -: 4079:  template<typename _Tp>
        -: 4080:    struct __xref
        -: 4081:    { template<typename _Up> using __type = __copy_cv<_Tp, _Up>; };
        -: 4082:
        -: 4083:  template<typename _Tp>
        -: 4084:    struct __xref<_Tp&>
        -: 4085:    { template<typename _Up> using __type = __copy_cv<_Tp, _Up>&; };
        -: 4086:
        -: 4087:  template<typename _Tp>
        -: 4088:    struct __xref<_Tp&&>
        -: 4089:    { template<typename _Up> using __type = __copy_cv<_Tp, _Up>&&; };
        -: 4090:
        -: 4091:  template<typename _Tp1, typename _Tp2>
        -: 4092:    using __basic_common_ref
        -: 4093:      = typename basic_common_reference<remove_cvref_t<_Tp1>,
        -: 4094:					remove_cvref_t<_Tp2>,
        -: 4095:					__xref<_Tp1>::template __type,
        -: 4096:					__xref<_Tp2>::template __type>::type;
        -: 4097:  /// @endcond
        -: 4098:
        -: 4099:  template<typename... _Tp>
        -: 4100:    struct common_reference;
        -: 4101:
        -: 4102:  template<typename... _Tp>
        -: 4103:    using common_reference_t = typename common_reference<_Tp...>::type;
        -: 4104:
        -: 4105:  // If sizeof...(T) is zero, there shall be no member type.
        -: 4106:  template<>
        -: 4107:    struct common_reference<>
        -: 4108:    { };
        -: 4109:
        -: 4110:  // If sizeof...(T) is one ...
        -: 4111:  template<typename _Tp0>
        -: 4112:    struct common_reference<_Tp0>
        -: 4113:    { using type = _Tp0; };
        -: 4114:
        -: 4115:  /// @cond undocumented
        -: 4116:  template<typename _Tp1, typename _Tp2, int _Bullet = 1, typename = void>
        -: 4117:    struct __common_reference_impl
        -: 4118:    : __common_reference_impl<_Tp1, _Tp2, _Bullet + 1>
        -: 4119:    { };
        -: 4120:
        -: 4121:  // If sizeof...(T) is two ...
        -: 4122:  template<typename _Tp1, typename _Tp2>
        -: 4123:    struct common_reference<_Tp1, _Tp2>
        -: 4124:    : __common_reference_impl<_Tp1, _Tp2>
        -: 4125:    { };
        -: 4126:
        -: 4127:  // If T1 and T2 are reference types and COMMON-REF(T1, T2) is well-formed, ...
        -: 4128:  template<typename _Tp1, typename _Tp2>
        -: 4129:    struct __common_reference_impl<_Tp1&, _Tp2&, 1,
        -: 4130:				   void_t<__common_ref<_Tp1&, _Tp2&>>>
        -: 4131:    { using type = __common_ref<_Tp1&, _Tp2&>; };
        -: 4132:
        -: 4133:  template<typename _Tp1, typename _Tp2>
        -: 4134:    struct __common_reference_impl<_Tp1&&, _Tp2&&, 1,
        -: 4135:				   void_t<__common_ref<_Tp1&&, _Tp2&&>>>
        -: 4136:    { using type = __common_ref<_Tp1&&, _Tp2&&>; };
        -: 4137:
        -: 4138:  template<typename _Tp1, typename _Tp2>
        -: 4139:    struct __common_reference_impl<_Tp1&, _Tp2&&, 1,
        -: 4140:				   void_t<__common_ref<_Tp1&, _Tp2&&>>>
        -: 4141:    { using type = __common_ref<_Tp1&, _Tp2&&>; };
        -: 4142:
        -: 4143:  template<typename _Tp1, typename _Tp2>
        -: 4144:    struct __common_reference_impl<_Tp1&&, _Tp2&, 1,
        -: 4145:				   void_t<__common_ref<_Tp1&&, _Tp2&>>>
        -: 4146:    { using type = __common_ref<_Tp1&&, _Tp2&>; };
        -: 4147:
        -: 4148:  // Otherwise, if basic_common_reference<...>::type is well-formed, ...
        -: 4149:  template<typename _Tp1, typename _Tp2>
        -: 4150:    struct __common_reference_impl<_Tp1, _Tp2, 2,
        -: 4151:				   void_t<__basic_common_ref<_Tp1, _Tp2>>>
        -: 4152:    { using type = __basic_common_ref<_Tp1, _Tp2>; };
        -: 4153:
        -: 4154:  // Otherwise, if COND-RES(T1, T2) is well-formed, ...
        -: 4155:  template<typename _Tp1, typename _Tp2>
        -: 4156:    struct __common_reference_impl<_Tp1, _Tp2, 3,
        -: 4157:				   void_t<__cond_res<_Tp1, _Tp2>>>
        -: 4158:    { using type = __cond_res<_Tp1, _Tp2>; };
        -: 4159:
        -: 4160:  // Otherwise, if common_type_t<T1, T2> is well-formed, ...
        -: 4161:  template<typename _Tp1, typename _Tp2>
        -: 4162:    struct __common_reference_impl<_Tp1, _Tp2, 4,
        -: 4163:				   void_t<common_type_t<_Tp1, _Tp2>>>
        -: 4164:    { using type = common_type_t<_Tp1, _Tp2>; };
        -: 4165:
        -: 4166:  // Otherwise, there shall be no member type.
        -: 4167:  template<typename _Tp1, typename _Tp2>
        -: 4168:    struct __common_reference_impl<_Tp1, _Tp2, 5, void>
        -: 4169:    { };
        -: 4170:
        -: 4171:  // Otherwise, if sizeof...(T) is greater than two, ...
        -: 4172:  template<typename _Tp1, typename _Tp2, typename... _Rest>
        -: 4173:    struct common_reference<_Tp1, _Tp2, _Rest...>
        -: 4174:    : __common_type_fold<common_reference<_Tp1, _Tp2>,
        -: 4175:			 __common_type_pack<_Rest...>>
        -: 4176:    { };
        -: 4177:
        -: 4178:  // Reuse __common_type_fold for common_reference<T1, T2, Rest...>
        -: 4179:  template<typename _Tp1, typename _Tp2, typename... _Rest>
        -: 4180:    struct __common_type_fold<common_reference<_Tp1, _Tp2>,
        -: 4181:			      __common_type_pack<_Rest...>,
        -: 4182:			      void_t<common_reference_t<_Tp1, _Tp2>>>
        -: 4183:    : public common_reference<common_reference_t<_Tp1, _Tp2>, _Rest...>
        -: 4184:    { };
        -: 4185:  /// @endcond
        -: 4186:
        -: 4187:#endif // C++2a
        -: 4188:
        -: 4189:  /// @} group metaprogramming
        -: 4190:
        -: 4191:_GLIBCXX_END_NAMESPACE_VERSION
        -: 4192:} // namespace std
        -: 4193:} // extern "C++"
        -: 4194:
        -: 4195:#endif  // C++11
        -: 4196:
        -: 4197:#endif  // _GLIBCXX_TYPE_TRAITS
