        -:    0:Source:/home/nnoah/_WORKS/SCHooL_/RAYTRACER_/src/Scene.cpp
        -:    0:Graph:/home/nnoah/_WORKS/SCHooL_/RAYTRACER_/cmake-build-debug-coverage/CMakeFiles/raytracer.dir/src/Scene.cpp.gcno
        -:    0:Data:/home/nnoah/_WORKS/SCHooL_/RAYTRACER_/cmake-build-debug-coverage/CMakeFiles/raytracer.dir/src/Scene.cpp.gcda
        -:    0:Runs:1
        -:    1:/*
        -:    2:**  _                                              _      ___    ___  
        -:    3:** | |                                            | |    |__ \  / _ \
        -:    4:** | |_Created _       _ __   _ __    ___    __ _ | |__     ) || (_) |
        -:    5:** | '_ \ | | | |     | '_ \ | '_ \  / _ \  / _` || '_ \   / /  \__, |
        -:    6:** | |_) || |_| |     | | | || | | || (_) || (_| || | | | / /_    / / 
        -:    7:** |_.__/  \__, |     |_| |_||_| |_| \___/  \__,_||_| |_||____|  /_/ 
        -:    8:**          __/ |     on 27/04/25.                                          
        -:    9:**         |___/ 
        -:   10:*/
        -:   11:
        -:   12:#include "Scene.hpp"
        -:   13:#include <iostream>
        -:   14:#include "base/primitives/Sphere.hpp"
        -:   15:
function _ZN5SceneC2ERKSt10shared_ptrI10dataCameraERKSt6vectorIS0_I13dataPrimitiveESaIS7_EERKS5_IS0_I9dataLightESaISD_EERK7Factory called 1 returned 100% blocks executed 63%
        1:   16:Scene::Scene(const std::shared_ptr<dataCamera>& c, const TabDataPrimitives& ps, const TabDataLights& ls, const Factory& f)
        1:   17:: factory(f), camera(c->fov, c->resolution, c->position, c->rotation)
        1:   17-block 2
appel   0 a retourné 1
appel   1 a retourné 1
appel   2 a retourné 1
branchement  3 pris 1 (fallthrough)
branchement  4 pris 0 (throw)
        1:   17-block 5
appel   5 a retourné 1
appel   6 a retourné 1
appel   7 a retourné 1
appel   8 a retourné 1
appel   9 a retourné 1
branchement 10 pris 1 (fallthrough)
branchement 11 pris 0 (throw)
        -:   18:{
        1:   19:    loadObjects(ps);
        1:   19-block 10
appel   0 a retourné 1
branchement  1 pris 1 (fallthrough)
branchement  2 pris 0 (throw)
        1:   20:    loadLights(ls);
        1:   20-block 11
appel   0 a retourné 1
branchement  1 pris 1 (fallthrough)
branchement  2 pris 0 (throw)
        1:   21:}
        1:   21-block 12
    $$$$$:   21-block 13
appel   0 jamais exécuté
    $$$$$:   21-block 15
appel   1 jamais exécuté
    $$$$$:   21-block 17
appel   2 jamais exécuté
    $$$$$:   21-block 19
appel   3 jamais exécuté
        -:   22:
function _ZN5Scene11loadObjectsERKSt6vectorISt10shared_ptrI13dataPrimitiveESaIS3_EE called 1 returned 100% blocks executed 85%
        1:   23:void Scene::loadObjects(const TabDataPrimitives& ps)
        -:   24:{
        8:   25:    for (const auto& primitiveData : ps) {
        1:   25-block 2
appel   0 a retourné 1
appel   1 a retourné 1
        7:   25-block 22
branchement  2 pris 6
branchement  3 pris 1 (fallthrough)
        6:   26:        std::shared_ptr<IPrimitive> obj;
        -:   27:
        6:   28:        obj = factory.Primitive(primitiveData->name, *primitiveData);
        6:   28-block 6
appel   0 a retourné 6
appel   1 a retourné 6
appel   2 a retourné 6
branchement  3 pris 6 (fallthrough)
branchement  4 pris 0 (throw)
        6:   28-block 9
appel   5 a retourné 6
appel   6 a retourné 6
    $$$$$:   28-block 24
        6:   29:        objs.push_back(obj);
appel   0 a retourné 6
branchement  1 pris 6 (fallthrough)
branchement  2 pris 0 (throw)
        -:   30:        // std::cout << "Primitive " << primitiveData->name << " is added"
        -:   31:        // << " x : " << primitiveData->position.x
        -:   32:        // << " y : " << primitiveData->position.y
        -:   33:        // << " z : " << primitiveData->position.z << std::endl;
        6:   34:    }
        6:   34-block 12
appel   0 a retourné 6
    $$$$$:   34-block 25
appel   1 jamais exécuté
        1:   35:}
        1:   35-block 23
        -:   36:
function _ZN5Scene10loadLightsERKSt6vectorISt10shared_ptrI9dataLightESaIS3_EE called 1 returned 100% blocks executed 85%
        1:   37:void Scene::loadLights(const TabDataLights& ls)
        -:   38:{
        3:   39:    for (const auto& lightData : ls) {
        1:   39-block 2
appel   0 a retourné 1
appel   1 a retourné 1
        2:   39-block 22
branchement  2 pris 1
branchement  3 pris 1 (fallthrough)
        1:   40:        std::shared_ptr<ILight> light;
        -:   41:
        1:   42:        light = factory.Light(lightData->name, *lightData);
        1:   42-block 6
appel   0 a retourné 1
appel   1 a retourné 1
appel   2 a retourné 1
branchement  3 pris 1 (fallthrough)
branchement  4 pris 0 (throw)
        1:   42-block 9
appel   5 a retourné 1
appel   6 a retourné 1
    $$$$$:   42-block 24
        1:   43:        lights.push_back(light);
appel   0 a retourné 1
branchement  1 pris 1 (fallthrough)
branchement  2 pris 0 (throw)
        -:   44:        // std::cout << "Light " << lightData->name << " is added"
        -:   45:        // << " x : " << lightData->position.x
        -:   46:        // << " y : " << lightData->position.y
        -:   47:        // << " z : " << lightData->position.z << std::endl;
        1:   48:    }
        1:   48-block 12
appel   0 a retourné 1
    $$$$$:   48-block 25
appel   1 jamais exécuté
        1:   49:}
        1:   49-block 23
